==============================
Job ID  : 23962901
Node    : tcn475
Started : Wed Jun 17 12:27:54 CEST 2026
Mode    : learnable-only (requires_grad=True)
==============================

Parameter Drift Analysis
  Stage 2 checkpoint : /projects/prjs2041/runs/stage2/seed42/weights/best.pt
  Stage 3 (naive) checkpoint : /projects/prjs2041/runs/stage3/naive2/weights/best.pt
  Out dir              : /projects/prjs2041/analysis/drift_s2s3

Loading checkpoints …
  Loaded best.pt  [EMA weights, epoch=16]
  Loaded best.pt  [EMA weights, epoch=3]

Identifying learnable parameters (requires_grad=True) ...
  Learnable parameters: 204 (out of 400 total state_dict keys)

Computing drift for shared parameters …
  Learnable-only filter: 204/335 parameters retained
  204 parameters analysed

Global relative L2 drift (Stage 2 → Stage 3 (naive)):
  mean = 0.1221
  max  = 0.5242  (model.20.cv2.bn.bias)
  min  = 0.0000
Global cosine similarity:
  mean = 0.986631
  min  = 0.868259  (model.20.cv2.bn.bias)

Per-group cosine similarity -- unweighted tensor mean (Stage 2 -> Stage 3 (naive)):
  backbone    cos=0.9951  L2-rel=0.0693  (36 tensors)
  neck        cos=0.9772  L2-rel=0.1710  (75 tensors)
  head        cos=0.9894  L2-rel=0.0999  (3 tensors)
  other       cos=0.9910  L2-rel=0.1032  (90 tensors)

BN running-stat drift (forward-pass EMA buffers, excluded from records):
  learnable weights (reference)  cos=0.9866  L2-rel=0.1221
  running_mean ( 65 buffers)   cos=0.9586  L2-rel=0.2357
  running_var  ( 65 buffers)   cos=0.9167  L2-rel=0.2311  (cosine uninformative; use L2-rel)
  -> Interpret BN shift via L2-rel: if BN L2-rel >> learnable L2-rel,
     forgetting is from BN-stat adaptation, not gradient-updated weights.

  Drift stats CSV: /projects/prjs2041/analysis/drift_s2s3/drift_stats_learnable.csv

Generating plots …
  Saved: /projects/prjs2041/analysis/drift_s2s3/fig_drift_l2_learnable.png
  Saved: /projects/prjs2041/analysis/drift_s2s3/fig_drift_cos_learnable.png
  Saved: /projects/prjs2041/analysis/drift_s2s3/fig_drift_hist_learnable.png
  Saved: /projects/prjs2041/analysis/drift_s2s3/fig_drift_groups_learnable.png

All outputs in: /projects/prjs2041/analysis/drift_s2s3
Done.
==============================
Done: Wed Jun 17 12:28:12 CEST 2026
Results: /projects/prjs2041/analysis/drift_s2s3/
Key outputs:
  drift_stats_learnable.csv          — raw per-layer numbers
  fig_drift_groups_learnable.png     — backbone vs neck vs head
  fig_drift_cos_learnable.png        — per-layer cosine similarity
Per-group unweighted cosine + BN-buffer drift are printed to stdout above.
==============================
