========================================
Frame extraction: Anti-UAV-RGBT → JPEG
Job ID:  22480612
Node:    tcn472
CPUs:    32
Time:    Tue May  5 12:58:00 CEST 2026
========================================

============================================================================================== 
Warning! Mixing Conda and module environments may lead to corruption of the
user environment. 
We do not recommend users mixing those two environments unless absolutely
necessary. Note that 
SURF does not provide any support for Conda environment.
For more information, please refer to our software policy page:
https://servicedesk.surf.nl/wiki/display/WIKI/Software+policy+Snellius#SoftwarepolicySnellius-UseofAnacondaandMinicondaenvironmentsonSnellius 

Remember that many packages have already been installed on the system and can
be loaded using 
the 'module load <package__name>' command. If you are uncertain if a package is
already available 
on the system, please use 'module avail' or 'module spider' to search for it.
============================================================================================== 
Extracting to: /projects/prjs2041/datasets/Anti-UAV-RGBT-frames

Source : /projects/prjs2041/datasets/Anti-UAV-RGBT
Output : /projects/prjs2041/datasets/Anti-UAV-RGBT-frames
Splits : ['train', 'val']
Quality: 95
Workers: 32

=== TRAIN — 160 sequences ===
  [  1/160] 20190925_140917_1_8              404 frames    3.0s  (133 fps)
  [  2/160] 20190925_133630_1_10             658 frames    4.3s  (155 fps)
  [  3/160] 20190925_130434_1_7             1000 frames    6.4s  (156 fps)
  [  4/160] 20190925_101846_1_8              899 frames    6.6s  (136 fps)
  [  5/160] 20190925_101846_1_6             1000 frames    7.1s  (141 fps)
  [  6/160] 20190925_101846_1_3             1000 frames    7.3s  (136 fps)
  [  7/160] 20190925_101846_1_1             1000 frames    7.7s  (130 fps)
  [  8/160] 20190925_140917_1_2             1000 frames    7.8s  (128 fps)
  [  9/160] 20190925_131530_1_1             1000 frames    7.8s  (128 fps)
  [ 10/160] 20190925_130434_1_3             1000 frames    7.9s  (127 fps)
  [ 11/160] 20190925_133630_1_3             1000 frames    8.1s  (124 fps)
  [ 12/160] 20190925_133630_1_2             1000 frames    8.0s  (124 fps)
  [ 13/160] 20190925_140917_1_5             1000 frames    8.2s  (123 fps)
  [ 14/160] 20190925_140917_1_4             1000 frames    8.2s  (121 fps)
  [ 15/160] 20190925_133630_1_4             1000 frames    8.3s  (121 fps)
  [ 16/160] 20190925_131530_1_4             1000 frames    8.3s  (121 fps)
  [ 17/160] 20190925_130434_1_9              869 frames    8.4s  (104 fps)
  [ 18/160] 20190925_131530_1_5             1000 frames    8.4s  (119 fps)
  [ 19/160] 20190925_131530_1_2             1000 frames    8.5s  (118 fps)
  [ 20/160] 20190925_131530_1_6             1000 frames    8.5s  (118 fps)
  [ 21/160] 20190925_131530_1_7              923 frames    8.6s  (107 fps)
  [ 22/160] 20190925_133630_1_7             1000 frames    8.7s  (115 fps)
  [ 23/160] 20190925_133630_1_8             1000 frames    8.7s  (115 fps)
  [ 24/160] 20190925_130434_1_4             1000 frames    8.8s  (114 fps)
  [ 25/160] 20190925_141417_1_2             1000 frames    8.8s  (113 fps)
  [ 26/160] 20190925_101846_1_7             1000 frames    9.2s  (108 fps)
  [ 27/160] 20190925_140917_1_1             1000 frames    9.3s  (108 fps)
  [ 28/160] 20190925_133630_1_6             1000 frames    9.3s  (107 fps)
  [ 29/160] 20190925_133630_1_5             1000 frames    9.3s  (107 fps)
  [ 30/160] 20190925_140917_1_7             1000 frames    9.3s  (107 fps)
  [ 31/160] 20190925_101846_1_2             1000 frames    9.6s  (105 fps)
  [ 32/160] 20190925_141417_1_8              379 frames    3.8s  (99 fps)
  [ 33/160] 20190925_133630_1_1             1000 frames   11.6s  (86 fps)
  [ 34/160] 20190925_143900_1_8              534 frames    4.1s  (130 fps)
  [ 35/160] 20190925_141417_1_3             1000 frames    9.7s  (103 fps)
  [ 36/160] 20190925_152412_1_8              604 frames    4.5s  (136 fps)
  [ 37/160] 20190925_183946_1_8              549 frames    5.2s  (106 fps)
  [ 38/160] 20190925_141417_1_4             1000 frames   10.3s  (97 fps)
  [ 39/160] 20190925_143900_1_3             1000 frames    8.6s  (116 fps)
  [ 40/160] 20190925_183946_1_6              929 frames    7.3s  (127 fps)
  [ 41/160] 20190925_183946_1_4              979 frames    7.8s  (126 fps)
  [ 42/160] 20190925_200320_1_1              937 frames    6.9s  (135 fps)
  [ 43/160] 20190925_152412_1_1             1000 frames    8.3s  (120 fps)
  [ 44/160] 20190925_183946_1_5              914 frames    7.9s  (116 fps)
  [ 45/160] 20190925_152412_1_6             1000 frames    8.1s  (124 fps)
  [ 46/160] 20190925_194211_1_6              942 frames    7.9s  (120 fps)
  [ 47/160] 20190925_200320_1_2              915 frames    7.6s  (121 fps)
  [ 48/160] 20190925_141417_1_5             1000 frames   10.8s  (93 fps)
  [ 49/160] 20190925_194211_1_1              943 frames    8.7s  (108 fps)
  [ 50/160] 20190925_194211_1_5              959 frames    8.6s  (111 fps)
  [ 51/160] 20190925_194211_1_2              956 frames    8.8s  (108 fps)
  [ 52/160] 20190925_194211_1_8              851 frames    8.3s  (103 fps)
  [ 53/160] 20190925_152412_1_4             1000 frames    9.6s  (105 fps)
  [ 54/160] 20190925_143900_1_6             1000 frames    9.8s  (102 fps)
  [ 55/160] 20190925_200320_1_6              898 frames    8.2s  (109 fps)
  [ 56/160] 20190925_143900_1_4             1000 frames   10.4s  (96 fps)
  [ 57/160] 20190925_200320_1_3              857 frames    8.5s  (100 fps)
  [ 58/160] 20190925_152412_1_7             1000 frames    9.8s  (103 fps)
  [ 59/160] 20190925_152412_1_2             1000 frames    9.9s  (101 fps)
  [ 60/160] 20190925_205804_1_8              530 frames    3.4s  (157 fps)
  [ 61/160] 20190925_183946_1_7              920 frames    9.7s  (95 fps)
  [ 62/160] 20190925_143900_1_5             1000 frames   10.6s  (94 fps)
  [ 63/160] 20190925_194211_1_7              924 frames   10.1s  (91 fps)
  [ 64/160] 20190925_200320_1_5              938 frames    9.8s  (95 fps)
  [ 65/160] 20190925_205804_1_2              894 frames    7.7s  (116 fps)
  [ 66/160] 20190925_200320_1_7              930 frames    9.5s  (98 fps)
  [ 67/160] 20190925_205804_1_1              898 frames    8.4s  (107 fps)
  [ 68/160] 20190926_130341_1_8               28 frames    0.1s  (318 fps)
  [ 69/160] 20190925_205804_1_3              919 frames    7.6s  (120 fps)
  [ 70/160] 20190925_205804_1_7              950 frames    9.1s  (105 fps)
  [ 71/160] 20190925_210802_1_2              892 frames    7.4s  (120 fps)
  [ 72/160] 20190925_205804_1_4              942 frames   10.4s  (91 fps)
  [ 73/160] 20190925_213001_1_8              688 frames    6.3s  (109 fps)
  [ 74/160] 20190925_222534_1_2             1000 frames    6.7s  (150 fps)
  [ 75/160] 20190925_210802_1_1              944 frames    8.8s  (107 fps)
  [ 76/160] 20190925_210802_1_7              934 frames    8.3s  (113 fps)
  [ 77/160] 20190925_210802_1_4              907 frames    8.6s  (106 fps)
  [ 78/160] 20190925_210802_1_5              900 frames    8.5s  (106 fps)
  [ 79/160] 20190925_213001_1_4              942 frames    8.9s  (106 fps)
  [ 80/160] 20190925_213001_1_6              977 frames    8.7s  (112 fps)
  [ 81/160] 20190925_213001_1_5              933 frames    9.0s  (103 fps)
  [ 82/160] 20190925_213001_1_7              948 frames    8.9s  (107 fps)
  [ 83/160] 20190925_213001_1_2              936 frames    9.9s  (95 fps)
  [ 84/160] 20190925_222534_1_6             1000 frames    8.6s  (116 fps)
  [ 85/160] 20190926_133516_1_9              313 frames    3.1s  (101 fps)
  [ 86/160] 20190925_222534_1_3              986 frames    8.8s  (112 fps)
  [ 87/160] 20190926_130341_1_1             1000 frames    8.8s  (114 fps)
  [ 88/160] 20190926_103046_1_4             1000 frames    9.3s  (108 fps)
  [ 89/160] 20190925_222534_1_1              979 frames    9.9s  (99 fps)
  [ 90/160] 20190926_103046_1_3             1000 frames    9.5s  (106 fps)
  [ 91/160] 20190926_103046_1_1             1000 frames    9.6s  (105 fps)
  [ 92/160] 20190926_103046_1_5             1000 frames    9.7s  (103 fps)
  [ 93/160] 20190925_222534_1_4              987 frames   10.0s  (98 fps)
  [ 94/160] 20190926_130341_1_2             1000 frames   10.1s  (99 fps)
  [ 95/160] 20190926_141816_1_10             364 frames    4.4s  (83 fps)
  [ 96/160] 20190926_103046_1_6             1000 frames   10.6s  (94 fps)
  [ 97/160] 20190926_103046_1_7             1000 frames   10.7s  (94 fps)
  [ 98/160] 20190926_130341_1_3             1000 frames    9.7s  (103 fps)
  [ 99/160] 20190926_130341_1_6             1000 frames    9.4s  (107 fps)
  [100/160] 20190926_133516_1_1             1000 frames    9.1s  (110 fps)
  [101/160] 20190926_133516_1_4             1000 frames    8.9s  (112 fps)
  [102/160] 20190926_130341_1_4             1000 frames   11.0s  (91 fps)
  [103/160] 20190926_130341_1_7             1000 frames   10.4s  (96 fps)
  [104/160] 20190926_141816_1_1             1000 frames    7.8s  (129 fps)
  [105/160] 20190926_141816_1_3             1000 frames    8.3s  (121 fps)
  [106/160] 20190926_141816_1_7             1000 frames    8.7s  (115 fps)
  [107/160] 20190926_141816_1_8             1000 frames    9.3s  (107 fps)
  [108/160] 20190926_133516_1_7             1000 frames   11.5s  (87 fps)
  [109/160] 20190926_142435_1_2             1000 frames    8.7s  (115 fps)
  [110/160] 20190926_142435_1_5             1000 frames    8.3s  (121 fps)
  [111/160] 20190926_142435_1_3             1000 frames    9.0s  (112 fps)
  [112/160] 20190926_142435_1_1             1000 frames    9.5s  (105 fps)
  [113/160] 20190926_183400_1_9              429 frames    4.4s  (97 fps)
  [114/160] 20190926_183941_1_9              163 frames    0.6s  (258 fps)
  [115/160] 20190926_142435_1_7             1000 frames    8.9s  (112 fps)
  [116/160] 20190926_144550_1_2             1000 frames    8.1s  (124 fps)
  [117/160] 20190926_133516_1_8             1000 frames   12.6s  (79 fps)
  [118/160] 20190926_141816_1_5             1000 frames   11.3s  (88 fps)
  [119/160] 20190926_142435_1_6             1000 frames    9.8s  (102 fps)
  [120/160] 20190926_143632_1_3             1000 frames    9.0s  (111 fps)
  [121/160] 20190926_143632_1_7             1000 frames    8.8s  (113 fps)
  [122/160] 20190926_143632_1_1             1000 frames    9.4s  (106 fps)
  [123/160] 20190926_144550_1_3             1000 frames    9.7s  (104 fps)
  [124/160] 20190926_143632_1_5             1000 frames   10.4s  (96 fps)
  [125/160] 20190926_142435_1_4             1000 frames   11.6s  (86 fps)
  [126/160] 20190926_144550_1_9             1000 frames    9.4s  (107 fps)
  [127/160] 20190926_143632_1_6             1000 frames   11.0s  (91 fps)
  [128/160] 20190926_183400_1_7             1000 frames    9.2s  (109 fps)
  [129/160] 20190926_144550_1_6             1000 frames    9.9s  (101 fps)
  [130/160] 20190926_183400_1_8             1000 frames    8.4s  (120 fps)
  [131/160] 20190926_144550_1_5             1000 frames   10.4s  (97 fps)
  [132/160] 20190926_183400_1_5             1000 frames    9.6s  (104 fps)
  [133/160] 20190926_183400_1_2              979 frames   10.4s  (94 fps)
  [134/160] 20190926_144550_1_8             1000 frames   10.7s  (93 fps)
  [135/160] 20190926_183941_1_1             1000 frames    8.1s  (123 fps)
  [136/160] 20190926_142435_1_8             1000 frames   14.7s  (68 fps)
  [137/160] 20190926_183400_1_3             1000 frames   12.6s  (79 fps)
  [138/160] 20190926_183941_1_2              987 frames    9.2s  (107 fps)
  [139/160] 20190926_193515_1_3             1000 frames    7.6s  (132 fps)
  [140/160] 20190926_193515_1_2             1000 frames    7.8s  (128 fps)
  [141/160] 20190926_193515_1_6             1000 frames    6.7s  (148 fps)
  [142/160] 20190926_183941_1_4             1000 frames    9.2s  (109 fps)
  [143/160] 20190926_183941_1_8             1000 frames    8.3s  (121 fps)
  [144/160] 20190926_193515_1_8              919 frames    6.8s  (134 fps)
  [145/160] 20190926_183941_1_6             1000 frames    8.7s  (115 fps)
  [146/160] 20190926_193515_1_5             1000 frames    7.8s  (128 fps)
  [147/160] 20190926_195921_1_9              649 frames    5.5s  (119 fps)
  [148/160] 20190926_195921_1_3             1000 frames    7.1s  (141 fps)
  [149/160] 20190926_193515_1_7             1000 frames    7.6s  (132 fps)
  [150/160] 20190926_183941_1_7             1000 frames    9.2s  (109 fps)
  [151/160] 20190926_195921_1_7             1000 frames    7.3s  (137 fps)
  [152/160] 20190926_193515_1_1             1000 frames    9.3s  (108 fps)
  [153/160] 20190926_193515_1_4             1000 frames    8.9s  (112 fps)
  [154/160] 20190926_200510_1_1             1000 frames    6.3s  (159 fps)
  [155/160] 20190926_200510_1_7             1000 frames    5.7s  (175 fps)
  [156/160] 20190926_200510_1_5             1000 frames    6.6s  (151 fps)
  [157/160] 20190926_200510_1_6             1000 frames    6.6s  (152 fps)
  [158/160] 20190926_195921_1_8             1000 frames    7.9s  (126 fps)
  [159/160] 20190926_195921_1_4             1000 frames    9.3s  (108 fps)
  [160/160] 20190926_195921_1_2             1000 frames    9.5s  (105 fps)
  Split done in 45.7s

=== VAL — 67 sequences ===
  [  1/67] 20190925_200320_1_8               39 frames    0.4s  (108 fps)
  [  2/67] 20190925_210802_1_3              929 frames    6.8s  (136 fps)
  [  3/67] 20190925_210802_1_8              706 frames    7.6s  (93 fps)
  [  4/67] 20190925_194211_1_4              944 frames    7.8s  (121 fps)
  [  5/67] 20190925_210802_1_6              938 frames    8.2s  (114 fps)
  [  6/67] 20190925_183946_1_2              858 frames    8.4s  (102 fps)
  [  7/67] 20190925_141417_1_1             1000 frames    8.4s  (118 fps)
  [  8/67] 20190925_141417_1_7             1000 frames    8.7s  (115 fps)
  [  9/67] 20190925_152412_1_5             1000 frames    9.1s  (110 fps)
  [ 10/67] 20190925_213001_1_3              926 frames    8.7s  (106 fps)
  [ 11/67] 20190925_141417_1_6             1000 frames    9.2s  (109 fps)
  [ 12/67] 20190925_143900_1_2             1000 frames    9.2s  (108 fps)
  [ 13/67] 20190925_194211_1_3              971 frames    9.4s  (104 fps)
  [ 14/67] 20190925_213001_1_1              942 frames    9.4s  (101 fps)
  [ 15/67] 20190925_205804_1_5              961 frames    9.4s  (102 fps)
  [ 16/67] 20190925_131530_1_3             1000 frames    9.5s  (105 fps)
  [ 17/67] 20190925_183946_1_1              929 frames    9.7s  (95 fps)
  [ 18/67] 20190925_130434_1_2             1000 frames    9.9s  (101 fps)
  [ 19/67] 20190925_101846_1_4             1000 frames   10.3s  (97 fps)
  [ 20/67] 20190925_140917_1_6             1000 frames   10.5s  (95 fps)
  [ 21/67] 20190925_183946_1_3             1000 frames   10.5s  (95 fps)
  [ 22/67] 20190925_205804_1_6              924 frames   10.8s  (85 fps)
  [ 23/67] 20190925_130434_1_5             1000 frames   10.9s  (92 fps)
  [ 24/67] 20190925_143900_1_7             1000 frames   10.9s  (92 fps)
  [ 25/67] 20190925_130434_1_6             1000 frames   10.9s  (91 fps)
  [ 26/67] 20190925_101846_1_5             1000 frames   11.1s  (90 fps)
  [ 27/67] 20190925_200320_1_4              935 frames   11.4s  (82 fps)
  [ 28/67] 20190926_144550_1_10             174 frames    0.9s  (190 fps)
  [ 29/67] 20190925_143900_1_1             1000 frames   11.7s  (85 fps)
  [ 30/67] 20190926_103046_1_8              509 frames    3.4s  (150 fps)
  [ 31/67] 20190926_142435_1_9              299 frames    2.2s  (133 fps)
  [ 32/67] 20190925_130434_1_1             1000 frames   11.9s  (84 fps)
  [ 33/67] 20190925_130434_1_8             1000 frames   12.0s  (83 fps)
  [ 34/67] 20190925_152412_1_3             1000 frames   12.9s  (77 fps)
  [ 35/67] 20190925_140917_1_3             1000 frames   13.1s  (76 fps)
  [ 36/67] 20190925_133630_1_9             1000 frames   13.3s  (75 fps)
  [ 37/67] 20190925_222534_1_7             1000 frames    6.6s  (152 fps)
  [ 38/67] 20190926_143632_1_8              584 frames    4.7s  (123 fps)
  [ 39/67] 20190925_222534_1_8              938 frames    7.2s  (130 fps)
  [ 40/67] 20190925_222534_1_5             1000 frames    9.0s  (111 fps)
  [ 41/67] 20190926_103046_1_2             1000 frames    8.1s  (123 fps)
  [ 42/67] 20190926_133516_1_3             1000 frames    8.2s  (122 fps)
  [ 43/67] 20190926_200510_1_8              493 frames    4.2s  (116 fps)
  [ 44/67] 20190926_141816_1_6             1000 frames    8.0s  (125 fps)
  [ 45/67] 20190926_130341_1_5             1000 frames    9.9s  (101 fps)
  [ 46/67] 20190926_141816_1_4             1000 frames    9.3s  (108 fps)
  [ 47/67] 20190926_133516_1_5             1000 frames    9.8s  (102 fps)
  [ 48/67] 20190926_143632_1_2             1000 frames    9.3s  (108 fps)
  [ 49/67] 20190926_183941_1_5             1000 frames    7.6s  (132 fps)
  [ 50/67] 20190926_143632_1_4             1000 frames    9.1s  (110 fps)
  [ 51/67] 20190926_141816_1_9             1000 frames    9.7s  (103 fps)
  [ 52/67] 20190926_183400_1_6             1000 frames    8.0s  (125 fps)
  [ 53/67] 20190926_141816_1_2             1000 frames   12.4s  (81 fps)
  [ 54/67] 20190926_195921_1_5             1000 frames   10.0s  (100 fps)
  [ 55/67] 20190926_183400_1_4             1000 frames   11.0s  (91 fps)
  [ 56/67] 20190926_183400_1_1             1000 frames   11.0s  (91 fps)
  [ 57/67] 20190926_144550_1_1             1000 frames   11.4s  (88 fps)
  [ 58/67] 20190926_133516_1_2             1000 frames   13.2s  (76 fps)
  [ 59/67] 20190926_144550_1_4             1000 frames   11.2s  (90 fps)
  [ 60/67] 20190926_133516_1_6             1000 frames   12.8s  (78 fps)
  [ 61/67] 20190926_200510_1_2             1000 frames   10.1s  (99 fps)
  [ 62/67] 20190926_144550_1_7             1000 frames   11.1s  (90 fps)
  [ 63/67] 20190926_195921_1_1             1000 frames   10.4s  (97 fps)
  [ 64/67] 20190926_195921_1_6             1000 frames   10.3s  (97 fps)
  [ 65/67] 20190926_200510_1_3             1000 frames   10.1s  (99 fps)
  [ 66/67] 20190926_200510_1_4             1000 frames    9.2s  (108 fps)
  [ 67/67] 20190926_183941_1_3             1000 frames   10.9s  (92 fps)
  Split done in 22.4s

============================================================
Total frames extracted : 211,527
Total errors           : 0
Wall-clock time        : 1979s (summed, parallel actual faster)

Frame root to pass to training:
  --frames-root /projects/prjs2041/datasets/Anti-UAV-RGBT-frames
Traceback (most recent call last):
  File "/projects/prjs2041/uav_code/extract_frames_antiuav_rgbt.py", line 178, in <module>
    main()
  File "/projects/prjs2041/uav_code/extract_frames_antiuav_rgbt.py", line 172, in main
    with open(manifest, 'w') as f:
OSError: [Errno 122] Disk quota exceeded: '/projects/prjs2041/datasets/Anti-UAV-RGBT-frames/manifest.json'

Done in 69s.

========================================
Finished at: Tue May  5 12:59:10 CEST 2026
You can now submit: sbatch run_stage1_ddp.sh
========================================
