========================================
Stage 1: YOLOMG on Anti-UAV-RGBT
Job ID:  22460320
Node:    gcn61
GPU:     0
Time:    Mon May  4 15:53:12 CEST 2026
========================================

============================================================================================== 
Warning! Mixing Conda and module environments may lead to corruption of the
user environment. 
We do not recommend users mixing those two environments unless absolutely
necessary. Note that 
SURF does not provide any support for Conda environment.
For more information, please refer to our software policy page:
https://servicedesk.surf.nl/wiki/display/WIKI/Software+policy+Snellius#SoftwarepolicySnellius-UseofAnacondaandMinicondaenvironmentsonSnellius 

Remember that many packages have already been installed on the system and can
be loaded using 
the 'module load <package__name>' command. If you are uncertain if a package is
already available 
on the system, please use 'module avail' or 'module spider' to search for it.
============================================================================================== 
/projects/prjs2041/YOLOMG/utils/general.py:28: UserWarning: pkg_resources is deprecated as an API. See https://setuptools.pypa.io/en/latest/pkg_resources.html. The pkg_resources package is slated for removal as early as 2025-11-30. Refrain from using this package or pin to Setuptools<81.
  import pkg_resources as pkg
YOLOv5 🚀 visualization-2-g090a74c torch 2.7.1+cu118 CUDA:0 (NVIDIA A100-SXM4-40GB, 40441MiB)

Stage 1 training  →  /projects/prjs2041/runs/stage1/antiuav_rgbt2
Device: cuda:0  |  IMG_SIZE=640  EPOCHS=100  BS=16
Loading datasets …
  train: 149,528 frames  |  val: 61,999 frames
Building YOLOMG from /projects/prjs2041/YOLOMG/models/dual_uav2.yaml …

                 from  n    params  module                                  arguments                     
  0                -1  1       232  models.common.Conv                      [3, 8, 3, 1, 1]               
  1                -1  1       336  models.common.C3                        [8, 8]                        
  2                -1  1       232  models.common.Conv                      [3, 8, 3, 1, 1]               
  3                -1  1       336  models.common.C3                        [8, 8, 1]                     
  4           [-1, 1]  1       130  models.common.Concat3                   [16, 1]                       
  5                -1  1      1248  models.common.C3                        [16, 16, 1]                   
  6                -1  1      4672  models.common.Conv                      [16, 32, 3, 2]                
  7                -1  1      4800  models.common.C3                        [32, 32, 1]                   
  8                -1  1     18560  models.common.Conv                      [32, 64, 3, 2]                
  9                -1  1     18816  models.common.C3                        [64, 64, 1]                   
 10                -1  1     73984  models.common.Conv                      [64, 128, 3, 2]               
 11                -1  3    156928  models.common.C3                        [128, 128, 3]                 
 12                -1  1     41344  models.common.SPPF                      [128, 128, 5]                 
 13                -1  1     33280  models.common.Conv                      [128, 256, 1, 1]              
 14                -1  1         0  torch.nn.modules.upsampling.Upsample    [None, 2, 'nearest']          
 15           [-1, 9]  1         0  models.common.Concat                    [1]                           
 16                -1  1    312832  models.common.C3                        [320, 256, 1, False]          
 17                -1  1     33024  models.common.Conv                      [256, 128, 1, 1]              
 18                -1  1         0  torch.nn.modules.upsampling.Upsample    [None, 2, 'nearest']          
 19           [-1, 6]  1         0  models.common.Concat                    [1]                           
 20                -1  1     78592  models.common.C3                        [160, 128, 1, False]          
 21                -1  1    147712  models.common.Conv                      [128, 128, 3, 2]              
 22          [-1, 16]  1         0  models.common.Concat                    [1]                           
 23                -1  1    329216  models.common.C3                        [384, 256, 1, False]          
 24                -1  1    590336  models.common.Conv                      [256, 256, 3, 2]              
 25          [-1, 12]  1         0  models.common.Concat                    [1]                           
 26                -1  1   1117184  models.common.C3                        [384, 512, 1, False]          
 27      [20, 23, 26]  1     16182  models.yolo.Detect                      [1, [[3, 2, 4, 3, 4, 3], [6, 4, 7, 5, 9, 6], [12, 7, 15, 9, 26, 14]], [128, 256, 512]]
Model Summary: 318 layers, 2979976 parameters, 2979976 gradients, 91.5 GFLOPs

  Parameters: 2,979,976
/projects/prjs2041/uav_code/train_stage1.py:356: FutureWarning: `torch.cuda.amp.GradScaler(args...)` is deprecated. Please use `torch.amp.GradScaler('cuda', args...)` instead.
  scaler  = amp.GradScaler(enabled=(device.type != 'cpu'))

Starting training for 100 epochs …

/projects/prjs2041/uav_code/train_stage1.py:404: FutureWarning: `torch.cuda.amp.autocast(args...)` is deprecated. Please use `torch.amp.autocast('cuda', args...)` instead.
  with amp.autocast(enabled=(device.type != 'cpu')):
  [  0/99][   0/9346]  mem=2.03G  box=0.0407  obj=0.0015  cls=0.0000
/projects/prjs2041/uav_code/train_stage1.py:404: FutureWarning: `torch.cuda.amp.autocast(args...)` is deprecated. Please use `torch.amp.autocast('cuda', args...)` instead.
  with amp.autocast(enabled=(device.type != 'cpu')):
/projects/prjs2041/uav_code/train_stage1.py:404: FutureWarning: `torch.cuda.amp.autocast(args...)` is deprecated. Please use `torch.amp.autocast('cuda', args...)` instead.
  with amp.autocast(enabled=(device.type != 'cpu')):
/projects/prjs2041/uav_code/train_stage1.py:404: FutureWarning: `torch.cuda.amp.autocast(args...)` is deprecated. Please use `torch.amp.autocast('cuda', args...)` instead.
  with amp.autocast(enabled=(device.type != 'cpu')):
/projects/prjs2041/uav_code/train_stage1.py:404: FutureWarning: `torch.cuda.amp.autocast(args...)` is deprecated. Please use `torch.amp.autocast('cuda', args...)` instead.
  with amp.autocast(enabled=(device.type != 'cpu')):
/projects/prjs2041/uav_code/train_stage1.py:404: FutureWarning: `torch.cuda.amp.autocast(args...)` is deprecated. Please use `torch.amp.autocast('cuda', args...)` instead.
  with amp.autocast(enabled=(device.type != 'cpu')):
/projects/prjs2041/uav_code/train_stage1.py:404: FutureWarning: `torch.cuda.amp.autocast(args...)` is deprecated. Please use `torch.amp.autocast('cuda', args...)` instead.
  with amp.autocast(enabled=(device.type != 'cpu')):
/projects/prjs2041/uav_code/train_stage1.py:404: FutureWarning: `torch.cuda.amp.autocast(args...)` is deprecated. Please use `torch.amp.autocast('cuda', args...)` instead.
  with amp.autocast(enabled=(device.type != 'cpu')):
/projects/prjs2041/uav_code/train_stage1.py:404: FutureWarning: `torch.cuda.amp.autocast(args...)` is deprecated. Please use `torch.amp.autocast('cuda', args...)` instead.
  with amp.autocast(enabled=(device.type != 'cpu')):
/projects/prjs2041/uav_code/train_stage1.py:404: FutureWarning: `torch.cuda.amp.autocast(args...)` is deprecated. Please use `torch.amp.autocast('cuda', args...)` instead.
  with amp.autocast(enabled=(device.type != 'cpu')):
/projects/prjs2041/uav_code/train_stage1.py:404: FutureWarning: `torch.cuda.amp.autocast(args...)` is deprecated. Please use `torch.amp.autocast('cuda', args...)` instead.
  with amp.autocast(enabled=(device.type != 'cpu')):
/projects/prjs2041/uav_code/train_stage1.py:404: FutureWarning: `torch.cuda.amp.autocast(args...)` is deprecated. Please use `torch.amp.autocast('cuda', args...)` instead.
  with amp.autocast(enabled=(device.type != 'cpu')):
/projects/prjs2041/uav_code/train_stage1.py:404: FutureWarning: `torch.cuda.amp.autocast(args...)` is deprecated. Please use `torch.amp.autocast('cuda', args...)` instead.
  with amp.autocast(enabled=(device.type != 'cpu')):
/projects/prjs2041/uav_code/train_stage1.py:404: FutureWarning: `torch.cuda.amp.autocast(args...)` is deprecated. Please use `torch.amp.autocast('cuda', args...)` instead.
  with amp.autocast(enabled=(device.type != 'cpu')):
/projects/prjs2041/uav_code/train_stage1.py:404: FutureWarning: `torch.cuda.amp.autocast(args...)` is deprecated. Please use `torch.amp.autocast('cuda', args...)` instead.
  with amp.autocast(enabled=(device.type != 'cpu')):
/projects/prjs2041/uav_code/train_stage1.py:404: FutureWarning: `torch.cuda.amp.autocast(args...)` is deprecated. Please use `torch.amp.autocast('cuda', args...)` instead.
  with amp.autocast(enabled=(device.type != 'cpu')):
/projects/prjs2041/uav_code/train_stage1.py:404: FutureWarning: `torch.cuda.amp.autocast(args...)` is deprecated. Please use `torch.amp.autocast('cuda', args...)` instead.
  with amp.autocast(enabled=(device.type != 'cpu')):
/projects/prjs2041/uav_code/train_stage1.py:404: FutureWarning: `torch.cuda.amp.autocast(args...)` is deprecated. Please use `torch.amp.autocast('cuda', args...)` instead.
  with amp.autocast(enabled=(device.type != 'cpu')):
/projects/prjs2041/uav_code/train_stage1.py:404: FutureWarning: `torch.cuda.amp.autocast(args...)` is deprecated. Please use `torch.amp.autocast('cuda', args...)` instead.
  with amp.autocast(enabled=(device.type != 'cpu')):
/projects/prjs2041/uav_code/train_stage1.py:404: FutureWarning: `torch.cuda.amp.autocast(args...)` is deprecated. Please use `torch.amp.autocast('cuda', args...)` instead.
  with amp.autocast(enabled=(device.type != 'cpu')):
/projects/prjs2041/uav_code/train_stage1.py:404: FutureWarning: `torch.cuda.amp.autocast(args...)` is deprecated. Please use `torch.amp.autocast('cuda', args...)` instead.
  with amp.autocast(enabled=(device.type != 'cpu')):
/projects/prjs2041/uav_code/train_stage1.py:404: FutureWarning: `torch.cuda.amp.autocast(args...)` is deprecated. Please use `torch.amp.autocast('cuda', args...)` instead.
  with amp.autocast(enabled=(device.type != 'cpu')):
/projects/prjs2041/uav_code/train_stage1.py:404: FutureWarning: `torch.cuda.amp.autocast(args...)` is deprecated. Please use `torch.amp.autocast('cuda', args...)` instead.
  with amp.autocast(enabled=(device.type != 'cpu')):
/projects/prjs2041/uav_code/train_stage1.py:404: FutureWarning: `torch.cuda.amp.autocast(args...)` is deprecated. Please use `torch.amp.autocast('cuda', args...)` instead.
  with amp.autocast(enabled=(device.type != 'cpu')):
/projects/prjs2041/uav_code/train_stage1.py:404: FutureWarning: `torch.cuda.amp.autocast(args...)` is deprecated. Please use `torch.amp.autocast('cuda', args...)` instead.
  with amp.autocast(enabled=(device.type != 'cpu')):
/projects/prjs2041/uav_code/train_stage1.py:404: FutureWarning: `torch.cuda.amp.autocast(args...)` is deprecated. Please use `torch.amp.autocast('cuda', args...)` instead.
  with amp.autocast(enabled=(device.type != 'cpu')):
/projects/prjs2041/uav_code/train_stage1.py:404: FutureWarning: `torch.cuda.amp.autocast(args...)` is deprecated. Please use `torch.amp.autocast('cuda', args...)` instead.
  with amp.autocast(enabled=(device.type != 'cpu')):
/projects/prjs2041/uav_code/train_stage1.py:404: FutureWarning: `torch.cuda.amp.autocast(args...)` is deprecated. Please use `torch.amp.autocast('cuda', args...)` instead.
  with amp.autocast(enabled=(device.type != 'cpu')):
/projects/prjs2041/uav_code/train_stage1.py:404: FutureWarning: `torch.cuda.amp.autocast(args...)` is deprecated. Please use `torch.amp.autocast('cuda', args...)` instead.
  with amp.autocast(enabled=(device.type != 'cpu')):
/projects/prjs2041/uav_code/train_stage1.py:404: FutureWarning: `torch.cuda.amp.autocast(args...)` is deprecated. Please use `torch.amp.autocast('cuda', args...)` instead.
  with amp.autocast(enabled=(device.type != 'cpu')):
/projects/prjs2041/uav_code/train_stage1.py:404: FutureWarning: `torch.cuda.amp.autocast(args...)` is deprecated. Please use `torch.amp.autocast('cuda', args...)` instead.
  with amp.autocast(enabled=(device.type != 'cpu')):
/projects/prjs2041/uav_code/train_stage1.py:404: FutureWarning: `torch.cuda.amp.autocast(args...)` is deprecated. Please use `torch.amp.autocast('cuda', args...)` instead.
  with amp.autocast(enabled=(device.type != 'cpu')):
/projects/prjs2041/uav_code/train_stage1.py:404: FutureWarning: `torch.cuda.amp.autocast(args...)` is deprecated. Please use `torch.amp.autocast('cuda', args...)` instead.
  with amp.autocast(enabled=(device.type != 'cpu')):
/projects/prjs2041/uav_code/train_stage1.py:404: FutureWarning: `torch.cuda.amp.autocast(args...)` is deprecated. Please use `torch.amp.autocast('cuda', args...)` instead.
  with amp.autocast(enabled=(device.type != 'cpu')):
/projects/prjs2041/uav_code/train_stage1.py:404: FutureWarning: `torch.cuda.amp.autocast(args...)` is deprecated. Please use `torch.amp.autocast('cuda', args...)` instead.
  with amp.autocast(enabled=(device.type != 'cpu')):
/projects/prjs2041/uav_code/train_stage1.py:404: FutureWarning: `torch.cuda.amp.autocast(args...)` is deprecated. Please use `torch.amp.autocast('cuda', args...)` instead.
  with amp.autocast(enabled=(device.type != 'cpu')):
/projects/prjs2041/uav_code/train_stage1.py:404: FutureWarning: `torch.cuda.amp.autocast(args...)` is deprecated. Please use `torch.amp.autocast('cuda', args...)` instead.
  with amp.autocast(enabled=(device.type != 'cpu')):
/projects/prjs2041/uav_code/train_stage1.py:404: FutureWarning: `torch.cuda.amp.autocast(args...)` is deprecated. Please use `torch.amp.autocast('cuda', args...)` instead.
  with amp.autocast(enabled=(device.type != 'cpu')):
/projects/prjs2041/uav_code/train_stage1.py:404: FutureWarning: `torch.cuda.amp.autocast(args...)` is deprecated. Please use `torch.amp.autocast('cuda', args...)` instead.
  with amp.autocast(enabled=(device.type != 'cpu')):
/projects/prjs2041/uav_code/train_stage1.py:404: FutureWarning: `torch.cuda.amp.autocast(args...)` is deprecated. Please use `torch.amp.autocast('cuda', args...)` instead.
  with amp.autocast(enabled=(device.type != 'cpu')):
/projects/prjs2041/uav_code/train_stage1.py:404: FutureWarning: `torch.cuda.amp.autocast(args...)` is deprecated. Please use `torch.amp.autocast('cuda', args...)` instead.
  with amp.autocast(enabled=(device.type != 'cpu')):
/projects/prjs2041/uav_code/train_stage1.py:404: FutureWarning: `torch.cuda.amp.autocast(args...)` is deprecated. Please use `torch.amp.autocast('cuda', args...)` instead.
  with amp.autocast(enabled=(device.type != 'cpu')):
/projects/prjs2041/uav_code/train_stage1.py:404: FutureWarning: `torch.cuda.amp.autocast(args...)` is deprecated. Please use `torch.amp.autocast('cuda', args...)` instead.
  with amp.autocast(enabled=(device.type != 'cpu')):
/projects/prjs2041/uav_code/train_stage1.py:404: FutureWarning: `torch.cuda.amp.autocast(args...)` is deprecated. Please use `torch.amp.autocast('cuda', args...)` instead.
  with amp.autocast(enabled=(device.type != 'cpu')):
/projects/prjs2041/uav_code/train_stage1.py:404: FutureWarning: `torch.cuda.amp.autocast(args...)` is deprecated. Please use `torch.amp.autocast('cuda', args...)` instead.
  with amp.autocast(enabled=(device.type != 'cpu')):
/projects/prjs2041/uav_code/train_stage1.py:404: FutureWarning: `torch.cuda.amp.autocast(args...)` is deprecated. Please use `torch.amp.autocast('cuda', args...)` instead.
  with amp.autocast(enabled=(device.type != 'cpu')):
/projects/prjs2041/uav_code/train_stage1.py:404: FutureWarning: `torch.cuda.amp.autocast(args...)` is deprecated. Please use `torch.amp.autocast('cuda', args...)` instead.
  with amp.autocast(enabled=(device.type != 'cpu')):
/projects/prjs2041/uav_code/train_stage1.py:404: FutureWarning: `torch.cuda.amp.autocast(args...)` is deprecated. Please use `torch.amp.autocast('cuda', args...)` instead.
  with amp.autocast(enabled=(device.type != 'cpu')):
/projects/prjs2041/uav_code/train_stage1.py:404: FutureWarning: `torch.cuda.amp.autocast(args...)` is deprecated. Please use `torch.amp.autocast('cuda', args...)` instead.
  with amp.autocast(enabled=(device.type != 'cpu')):
/projects/prjs2041/uav_code/train_stage1.py:404: FutureWarning: `torch.cuda.amp.autocast(args...)` is deprecated. Please use `torch.amp.autocast('cuda', args...)` instead.
  with amp.autocast(enabled=(device.type != 'cpu')):
/projects/prjs2041/uav_code/train_stage1.py:404: FutureWarning: `torch.cuda.amp.autocast(args...)` is deprecated. Please use `torch.amp.autocast('cuda', args...)` instead.
  with amp.autocast(enabled=(device.type != 'cpu')):
  [  0/99][  50/9346]  mem=22.04G  box=0.0487  obj=0.0015  cls=0.0000
/projects/prjs2041/uav_code/train_stage1.py:404: FutureWarning: `torch.cuda.amp.autocast(args...)` is deprecated. Please use `torch.amp.autocast('cuda', args...)` instead.
  with amp.autocast(enabled=(device.type != 'cpu')):
/projects/prjs2041/uav_code/train_stage1.py:404: FutureWarning: `torch.cuda.amp.autocast(args...)` is deprecated. Please use `torch.amp.autocast('cuda', args...)` instead.
  with amp.autocast(enabled=(device.type != 'cpu')):
/projects/prjs2041/uav_code/train_stage1.py:404: FutureWarning: `torch.cuda.amp.autocast(args...)` is deprecated. Please use `torch.amp.autocast('cuda', args...)` instead.
  with amp.autocast(enabled=(device.type != 'cpu')):
/projects/prjs2041/uav_code/train_stage1.py:404: FutureWarning: `torch.cuda.amp.autocast(args...)` is deprecated. Please use `torch.amp.autocast('cuda', args...)` instead.
  with amp.autocast(enabled=(device.type != 'cpu')):
/projects/prjs2041/uav_code/train_stage1.py:404: FutureWarning: `torch.cuda.amp.autocast(args...)` is deprecated. Please use `torch.amp.autocast('cuda', args...)` instead.
  with amp.autocast(enabled=(device.type != 'cpu')):
/projects/prjs2041/uav_code/train_stage1.py:404: FutureWarning: `torch.cuda.amp.autocast(args...)` is deprecated. Please use `torch.amp.autocast('cuda', args...)` instead.
  with amp.autocast(enabled=(device.type != 'cpu')):
/projects/prjs2041/uav_code/train_stage1.py:404: FutureWarning: `torch.cuda.amp.autocast(args...)` is deprecated. Please use `torch.amp.autocast('cuda', args...)` instead.
  with amp.autocast(enabled=(device.type != 'cpu')):
/projects/prjs2041/uav_code/train_stage1.py:404: FutureWarning: `torch.cuda.amp.autocast(args...)` is deprecated. Please use `torch.amp.autocast('cuda', args...)` instead.
  with amp.autocast(enabled=(device.type != 'cpu')):
/projects/prjs2041/uav_code/train_stage1.py:404: FutureWarning: `torch.cuda.amp.autocast(args...)` is deprecated. Please use `torch.amp.autocast('cuda', args...)` instead.
  with amp.autocast(enabled=(device.type != 'cpu')):
/projects/prjs2041/uav_code/train_stage1.py:404: FutureWarning: `torch.cuda.amp.autocast(args...)` is deprecated. Please use `torch.amp.autocast('cuda', args...)` instead.
  with amp.autocast(enabled=(device.type != 'cpu')):
/projects/prjs2041/uav_code/train_stage1.py:404: FutureWarning: `torch.cuda.amp.autocast(args...)` is deprecated. Please use `torch.amp.autocast('cuda', args...)` instead.
  with amp.autocast(enabled=(device.type != 'cpu')):
/projects/prjs2041/uav_code/train_stage1.py:404: FutureWarning: `torch.cuda.amp.autocast(args...)` is deprecated. Please use `torch.amp.autocast('cuda', args...)` instead.
  with amp.autocast(enabled=(device.type != 'cpu')):
/projects/prjs2041/uav_code/train_stage1.py:404: FutureWarning: `torch.cuda.amp.autocast(args...)` is deprecated. Please use `torch.amp.autocast('cuda', args...)` instead.
  with amp.autocast(enabled=(device.type != 'cpu')):
/projects/prjs2041/uav_code/train_stage1.py:404: FutureWarning: `torch.cuda.amp.autocast(args...)` is deprecated. Please use `torch.amp.autocast('cuda', args...)` instead.
  with amp.autocast(enabled=(device.type != 'cpu')):
/projects/prjs2041/uav_code/train_stage1.py:404: FutureWarning: `torch.cuda.amp.autocast(args...)` is deprecated. Please use `torch.amp.autocast('cuda', args...)` instead.
  with amp.autocast(enabled=(device.type != 'cpu')):
/projects/prjs2041/uav_code/train_stage1.py:404: FutureWarning: `torch.cuda.amp.autocast(args...)` is deprecated. Please use `torch.amp.autocast('cuda', args...)` instead.
  with amp.autocast(enabled=(device.type != 'cpu')):
/projects/prjs2041/uav_code/train_stage1.py:404: FutureWarning: `torch.cuda.amp.autocast(args...)` is deprecated. Please use `torch.amp.autocast('cuda', args...)` instead.
  with amp.autocast(enabled=(device.type != 'cpu')):
/projects/prjs2041/uav_code/train_stage1.py:404: FutureWarning: `torch.cuda.amp.autocast(args...)` is deprecated. Please use `torch.amp.autocast('cuda', args...)` instead.
  with amp.autocast(enabled=(device.type != 'cpu')):
/projects/prjs2041/uav_code/train_stage1.py:404: FutureWarning: `torch.cuda.amp.autocast(args...)` is deprecated. Please use `torch.amp.autocast('cuda', args...)` instead.
  with amp.autocast(enabled=(device.type != 'cpu')):
/projects/prjs2041/uav_code/train_stage1.py:404: FutureWarning: `torch.cuda.amp.autocast(args...)` is deprecated. Please use `torch.amp.autocast('cuda', args...)` instead.
  with amp.autocast(enabled=(device.type != 'cpu')):
/projects/prjs2041/uav_code/train_stage1.py:404: FutureWarning: `torch.cuda.amp.autocast(args...)` is deprecated. Please use `torch.amp.autocast('cuda', args...)` instead.
  with amp.autocast(enabled=(device.type != 'cpu')):
/projects/prjs2041/uav_code/train_stage1.py:404: FutureWarning: `torch.cuda.amp.autocast(args...)` is deprecated. Please use `torch.amp.autocast('cuda', args...)` instead.
  with amp.autocast(enabled=(device.type != 'cpu')):
/projects/prjs2041/uav_code/train_stage1.py:404: FutureWarning: `torch.cuda.amp.autocast(args...)` is deprecated. Please use `torch.amp.autocast('cuda', args...)` instead.
  with amp.autocast(enabled=(device.type != 'cpu')):
/projects/prjs2041/uav_code/train_stage1.py:404: FutureWarning: `torch.cuda.amp.autocast(args...)` is deprecated. Please use `torch.amp.autocast('cuda', args...)` instead.
  with amp.autocast(enabled=(device.type != 'cpu')):
/projects/prjs2041/uav_code/train_stage1.py:404: FutureWarning: `torch.cuda.amp.autocast(args...)` is deprecated. Please use `torch.amp.autocast('cuda', args...)` instead.
  with amp.autocast(enabled=(device.type != 'cpu')):
/projects/prjs2041/uav_code/train_stage1.py:404: FutureWarning: `torch.cuda.amp.autocast(args...)` is deprecated. Please use `torch.amp.autocast('cuda', args...)` instead.
  with amp.autocast(enabled=(device.type != 'cpu')):
/projects/prjs2041/uav_code/train_stage1.py:404: FutureWarning: `torch.cuda.amp.autocast(args...)` is deprecated. Please use `torch.amp.autocast('cuda', args...)` instead.
  with amp.autocast(enabled=(device.type != 'cpu')):
/projects/prjs2041/uav_code/train_stage1.py:404: FutureWarning: `torch.cuda.amp.autocast(args...)` is deprecated. Please use `torch.amp.autocast('cuda', args...)` instead.
  with amp.autocast(enabled=(device.type != 'cpu')):
/projects/prjs2041/uav_code/train_stage1.py:404: FutureWarning: `torch.cuda.amp.autocast(args...)` is deprecated. Please use `torch.amp.autocast('cuda', args...)` instead.
  with amp.autocast(enabled=(device.type != 'cpu')):
/projects/prjs2041/uav_code/train_stage1.py:404: FutureWarning: `torch.cuda.amp.autocast(args...)` is deprecated. Please use `torch.amp.autocast('cuda', args...)` instead.
  with amp.autocast(enabled=(device.type != 'cpu')):
/projects/prjs2041/uav_code/train_stage1.py:404: FutureWarning: `torch.cuda.amp.autocast(args...)` is deprecated. Please use `torch.amp.autocast('cuda', args...)` instead.
  with amp.autocast(enabled=(device.type != 'cpu')):
/projects/prjs2041/uav_code/train_stage1.py:404: FutureWarning: `torch.cuda.amp.autocast(args...)` is deprecated. Please use `torch.amp.autocast('cuda', args...)` instead.
  with amp.autocast(enabled=(device.type != 'cpu')):
/projects/prjs2041/uav_code/train_stage1.py:404: FutureWarning: `torch.cuda.amp.autocast(args...)` is deprecated. Please use `torch.amp.autocast('cuda', args...)` instead.
  with amp.autocast(enabled=(device.type != 'cpu')):
/projects/prjs2041/uav_code/train_stage1.py:404: FutureWarning: `torch.cuda.amp.autocast(args...)` is deprecated. Please use `torch.amp.autocast('cuda', args...)` instead.
  with amp.autocast(enabled=(device.type != 'cpu')):
/projects/prjs2041/uav_code/train_stage1.py:404: FutureWarning: `torch.cuda.amp.autocast(args...)` is deprecated. Please use `torch.amp.autocast('cuda', args...)` instead.
  with amp.autocast(enabled=(device.type != 'cpu')):
/projects/prjs2041/uav_code/train_stage1.py:404: FutureWarning: `torch.cuda.amp.autocast(args...)` is deprecated. Please use `torch.amp.autocast('cuda', args...)` instead.
  with amp.autocast(enabled=(device.type != 'cpu')):
/projects/prjs2041/uav_code/train_stage1.py:404: FutureWarning: `torch.cuda.amp.autocast(args...)` is deprecated. Please use `torch.amp.autocast('cuda', args...)` instead.
  with amp.autocast(enabled=(device.type != 'cpu')):
/projects/prjs2041/uav_code/train_stage1.py:404: FutureWarning: `torch.cuda.amp.autocast(args...)` is deprecated. Please use `torch.amp.autocast('cuda', args...)` instead.
  with amp.autocast(enabled=(device.type != 'cpu')):
/projects/prjs2041/uav_code/train_stage1.py:404: FutureWarning: `torch.cuda.amp.autocast(args...)` is deprecated. Please use `torch.amp.autocast('cuda', args...)` instead.
  with amp.autocast(enabled=(device.type != 'cpu')):
/projects/prjs2041/uav_code/train_stage1.py:404: FutureWarning: `torch.cuda.amp.autocast(args...)` is deprecated. Please use `torch.amp.autocast('cuda', args...)` instead.
  with amp.autocast(enabled=(device.type != 'cpu')):
/projects/prjs2041/uav_code/train_stage1.py:404: FutureWarning: `torch.cuda.amp.autocast(args...)` is deprecated. Please use `torch.amp.autocast('cuda', args...)` instead.
  with amp.autocast(enabled=(device.type != 'cpu')):
/projects/prjs2041/uav_code/train_stage1.py:404: FutureWarning: `torch.cuda.amp.autocast(args...)` is deprecated. Please use `torch.amp.autocast('cuda', args...)` instead.
  with amp.autocast(enabled=(device.type != 'cpu')):
/projects/prjs2041/uav_code/train_stage1.py:404: FutureWarning: `torch.cuda.amp.autocast(args...)` is deprecated. Please use `torch.amp.autocast('cuda', args...)` instead.
  with amp.autocast(enabled=(device.type != 'cpu')):
/projects/prjs2041/uav_code/train_stage1.py:404: FutureWarning: `torch.cuda.amp.autocast(args...)` is deprecated. Please use `torch.amp.autocast('cuda', args...)` instead.
  with amp.autocast(enabled=(device.type != 'cpu')):
/projects/prjs2041/uav_code/train_stage1.py:404: FutureWarning: `torch.cuda.amp.autocast(args...)` is deprecated. Please use `torch.amp.autocast('cuda', args...)` instead.
  with amp.autocast(enabled=(device.type != 'cpu')):
/projects/prjs2041/uav_code/train_stage1.py:404: FutureWarning: `torch.cuda.amp.autocast(args...)` is deprecated. Please use `torch.amp.autocast('cuda', args...)` instead.
  with amp.autocast(enabled=(device.type != 'cpu')):
/projects/prjs2041/uav_code/train_stage1.py:404: FutureWarning: `torch.cuda.amp.autocast(args...)` is deprecated. Please use `torch.amp.autocast('cuda', args...)` instead.
  with amp.autocast(enabled=(device.type != 'cpu')):
/projects/prjs2041/uav_code/train_stage1.py:404: FutureWarning: `torch.cuda.amp.autocast(args...)` is deprecated. Please use `torch.amp.autocast('cuda', args...)` instead.
  with amp.autocast(enabled=(device.type != 'cpu')):
/projects/prjs2041/uav_code/train_stage1.py:404: FutureWarning: `torch.cuda.amp.autocast(args...)` is deprecated. Please use `torch.amp.autocast('cuda', args...)` instead.
  with amp.autocast(enabled=(device.type != 'cpu')):
/projects/prjs2041/uav_code/train_stage1.py:404: FutureWarning: `torch.cuda.amp.autocast(args...)` is deprecated. Please use `torch.amp.autocast('cuda', args...)` instead.
  with amp.autocast(enabled=(device.type != 'cpu')):
  [  0/99][ 100/9346]  mem=22.04G  box=0.0407  obj=0.0015  cls=0.0000
/projects/prjs2041/uav_code/train_stage1.py:404: FutureWarning: `torch.cuda.amp.autocast(args...)` is deprecated. Please use `torch.amp.autocast('cuda', args...)` instead.
  with amp.autocast(enabled=(device.type != 'cpu')):
/projects/prjs2041/uav_code/train_stage1.py:404: FutureWarning: `torch.cuda.amp.autocast(args...)` is deprecated. Please use `torch.amp.autocast('cuda', args...)` instead.
  with amp.autocast(enabled=(device.type != 'cpu')):
/projects/prjs2041/uav_code/train_stage1.py:404: FutureWarning: `torch.cuda.amp.autocast(args...)` is deprecated. Please use `torch.amp.autocast('cuda', args...)` instead.
  with amp.autocast(enabled=(device.type != 'cpu')):
/projects/prjs2041/uav_code/train_stage1.py:404: FutureWarning: `torch.cuda.amp.autocast(args...)` is deprecated. Please use `torch.amp.autocast('cuda', args...)` instead.
  with amp.autocast(enabled=(device.type != 'cpu')):
/projects/prjs2041/uav_code/train_stage1.py:404: FutureWarning: `torch.cuda.amp.autocast(args...)` is deprecated. Please use `torch.amp.autocast('cuda', args...)` instead.
  with amp.autocast(enabled=(device.type != 'cpu')):
/projects/prjs2041/uav_code/train_stage1.py:404: FutureWarning: `torch.cuda.amp.autocast(args...)` is deprecated. Please use `torch.amp.autocast('cuda', args...)` instead.
  with amp.autocast(enabled=(device.type != 'cpu')):
/projects/prjs2041/uav_code/train_stage1.py:404: FutureWarning: `torch.cuda.amp.autocast(args...)` is deprecated. Please use `torch.amp.autocast('cuda', args...)` instead.
  with amp.autocast(enabled=(device.type != 'cpu')):
/projects/prjs2041/uav_code/train_stage1.py:404: FutureWarning: `torch.cuda.amp.autocast(args...)` is deprecated. Please use `torch.amp.autocast('cuda', args...)` instead.
  with amp.autocast(enabled=(device.type != 'cpu')):
/projects/prjs2041/uav_code/train_stage1.py:404: FutureWarning: `torch.cuda.amp.autocast(args...)` is deprecated. Please use `torch.amp.autocast('cuda', args...)` instead.
  with amp.autocast(enabled=(device.type != 'cpu')):
/projects/prjs2041/uav_code/train_stage1.py:404: FutureWarning: `torch.cuda.amp.autocast(args...)` is deprecated. Please use `torch.amp.autocast('cuda', args...)` instead.
  with amp.autocast(enabled=(device.type != 'cpu')):
/projects/prjs2041/uav_code/train_stage1.py:404: FutureWarning: `torch.cuda.amp.autocast(args...)` is deprecated. Please use `torch.amp.autocast('cuda', args...)` instead.
  with amp.autocast(enabled=(device.type != 'cpu')):
/projects/prjs2041/uav_code/train_stage1.py:404: FutureWarning: `torch.cuda.amp.autocast(args...)` is deprecated. Please use `torch.amp.autocast('cuda', args...)` instead.
  with amp.autocast(enabled=(device.type != 'cpu')):
/projects/prjs2041/uav_code/train_stage1.py:404: FutureWarning: `torch.cuda.amp.autocast(args...)` is deprecated. Please use `torch.amp.autocast('cuda', args...)` instead.
  with amp.autocast(enabled=(device.type != 'cpu')):
/var/spool/slurm/slurmd/job22460320/slurm_script: line 51: 3026553 Killed                  $PYTHON $SCRIPT --epochs 100 --batch-size 16 --imgsz 640 --workers 8 --device 0 --name antiuav_rgbt

========================================
Finished at: Mon May  4 15:54:51 CEST 2026
Check results: /projects/prjs2041/runs/stage1/
========================================
[2026-05-04T15:54:51.333] error: Detected 2 oom_kill events in StepId=22460320.batch. Some of the step tasks have been OOM Killed.
