============================================================================================== 
Warning! Mixing Conda and module environments may lead to corruption of the
user environment. 
We do not recommend users mixing those two environments unless absolutely
necessary. Note that 
SURF does not provide any support for Conda environment.
For more information, please refer to our software policy page:
https://servicedesk.surf.nl/wiki/display/WIKI/Software+policy+Snellius#SoftwarepolicySnellius-UseofAnacondaandMinicondaenvironmentsonSnellius 

Remember that many packages have already been installed on the system and can
be loaded using 
the 'module load <package__name>' command. If you are uncertain if a package is
already available 
on the system, please use 'module avail' or 'module spider' to search for it.
============================================================================================== 
Stage 3 — HERDING condition  →  /projects/prjs2041/runs/stage3/herding
Stage 2 weights : /projects/prjs2041/runs/stage2/seed42/weights/best.pt
Replay buffer   : /projects/prjs2041/runs/stage2/seed42/herding_buffer.pt
Replay ratio    : 25% of each batch  (4 samples)
Replay weight   : 4.0

Loading datasets …
  CST train: 127,991  val: 45,305
  T1 val (RGBT): 61,999
  Replay: 300 exemplars
  Replay batch size: 4 per step

Loading Stage 2 weights from /projects/prjs2041/runs/stage2/seed42/weights/best.pt …

                 from  n    params  module                                  arguments                     

                 from  n    params  module                                  arguments                     

                 from  n    params  module                                  arguments                     

                 from  n    params  module                                  arguments                     
  0                -1  1       232  models.common.Conv                      [3, 8, 3, 1, 1]               
  0                -1  1       232  models.common.Conv                      [3, 8, 3, 1, 1]               
  0                -1  1       232  models.common.Conv                      [3, 8, 3, 1, 1]               
  0                -1  1       232  models.common.Conv                      [3, 8, 3, 1, 1]               
  1                -1  1       336  models.common.C3                        [8, 8]                        
  1                -1  1       336  models.common.C3                        [8, 8]                        
  1                -1  1       336  models.common.C3                        [8, 8]                        
  1                -1  1       336  models.common.C3                        [8, 8]                        
  2                -1  1       232  models.common.Conv                      [3, 8, 3, 1, 1]               
  2                -1  1       232  models.common.Conv                      [3, 8, 3, 1, 1]               
  2                -1  1       232  models.common.Conv                      [3, 8, 3, 1, 1]               
  2                -1  1       232  models.common.Conv                      [3, 8, 3, 1, 1]               
  3                -1  1       336  models.common.C3                        [8, 8, 1]                     
  3                -1  1       336  models.common.C3                        [8, 8, 1]                     
  3                -1  1       336  models.common.C3                        [8, 8, 1]                     
  3                -1  1       336  models.common.C3                        [8, 8, 1]                     
  4           [-1, 1]  1       130  models.common.Concat3                   [16, 1]                       
  4           [-1, 1]  1       130  models.common.Concat3                   [16, 1]                       
  4           [-1, 1]  1       130  models.common.Concat3                   [16, 1]                       
  4           [-1, 1]  1       130  models.common.Concat3                   [16, 1]                       
  5                -1  1      1248  models.common.C3                        [16, 16, 1]                   
  5                -1  1      1248  models.common.C3                        [16, 16, 1]                   
  6                -1  1      4672  models.common.Conv                      [16, 32, 3, 2]                
  6                -1  1      4672  models.common.Conv                      [16, 32, 3, 2]                
  5                -1  1      1248  models.common.C3                        [16, 16, 1]                   
  5                -1  1      1248  models.common.C3                        [16, 16, 1]                   
  6                -1  1      4672  models.common.Conv                      [16, 32, 3, 2]                
  7                -1  1      4800  models.common.C3                        [32, 32, 1]                   
  6                -1  1      4672  models.common.Conv                      [16, 32, 3, 2]                
  7                -1  1      4800  models.common.C3                        [32, 32, 1]                   
  8                -1  1     18560  models.common.Conv                      [32, 64, 3, 2]                
  8                -1  1     18560  models.common.Conv                      [32, 64, 3, 2]                
  7                -1  1      4800  models.common.C3                        [32, 32, 1]                   
  7                -1  1      4800  models.common.C3                        [32, 32, 1]                   
  8                -1  1     18560  models.common.Conv                      [32, 64, 3, 2]                
  8                -1  1     18560  models.common.Conv                      [32, 64, 3, 2]                
  9                -1  1     18816  models.common.C3                        [64, 64, 1]                   
  9                -1  1     18816  models.common.C3                        [64, 64, 1]                   
  9                -1  1     18816  models.common.C3                        [64, 64, 1]                   
  9                -1  1     18816  models.common.C3                        [64, 64, 1]                   
 10                -1  1     73984  models.common.Conv                      [64, 128, 3, 2]               
 10                -1  1     73984  models.common.Conv                      [64, 128, 3, 2]               
 10                -1  1     73984  models.common.Conv                      [64, 128, 3, 2]               
 10                -1  1     73984  models.common.Conv                      [64, 128, 3, 2]               
 11                -1  3    156928  models.common.C3                        [128, 128, 3]                 
 11                -1  3    156928  models.common.C3                        [128, 128, 3]                 
 12                -1  1     41344  models.common.SPPF                      [128, 128, 5]                 
 12                -1  1     41344  models.common.SPPF                      [128, 128, 5]                 
 11                -1  3    156928  models.common.C3                        [128, 128, 3]                 
 11                -1  3    156928  models.common.C3                        [128, 128, 3]                 
 13                -1  1     33280  models.common.Conv                      [128, 256, 1, 1]              
 13                -1  1     33280  models.common.Conv                      [128, 256, 1, 1]              
 14                -1  1         0  torch.nn.modules.upsampling.Upsample    [None, 2, 'nearest']          
 15           [-1, 9]  1         0  models.common.Concat                    [1]                           
 14                -1  1         0  torch.nn.modules.upsampling.Upsample    [None, 2, 'nearest']          
 15           [-1, 9]  1         0  models.common.Concat                    [1]                           
 12                -1  1     41344  models.common.SPPF                      [128, 128, 5]                 
 12                -1  1     41344  models.common.SPPF                      [128, 128, 5]                 
 13                -1  1     33280  models.common.Conv                      [128, 256, 1, 1]              
 13                -1  1     33280  models.common.Conv                      [128, 256, 1, 1]              
 14                -1  1         0  torch.nn.modules.upsampling.Upsample    [None, 2, 'nearest']          
 14                -1  1         0  torch.nn.modules.upsampling.Upsample    [None, 2, 'nearest']          
 15           [-1, 9]  1         0  models.common.Concat                    [1]                           
 15           [-1, 9]  1         0  models.common.Concat                    [1]                           
 16                -1  1    312832  models.common.C3                        [320, 256, 1, False]          
 16                -1  1    312832  models.common.C3                        [320, 256, 1, False]          
 17                -1  1     33024  models.common.Conv                      [256, 128, 1, 1]              
 18                -1  1         0  torch.nn.modules.upsampling.Upsample    [None, 2, 'nearest']          
 17                -1  1     33024  models.common.Conv                      [256, 128, 1, 1]              
 19           [-1, 6]  1         0  models.common.Concat                    [1]                           
 18                -1  1         0  torch.nn.modules.upsampling.Upsample    [None, 2, 'nearest']          
 19           [-1, 6]  1         0  models.common.Concat                    [1]                           
 16                -1  1    312832  models.common.C3                        [320, 256, 1, False]          
 16                -1  1    312832  models.common.C3                        [320, 256, 1, False]          
 17                -1  1     33024  models.common.Conv                      [256, 128, 1, 1]              
 18                -1  1         0  torch.nn.modules.upsampling.Upsample    [None, 2, 'nearest']          
 19           [-1, 6]  1         0  models.common.Concat                    [1]                           
 17                -1  1     33024  models.common.Conv                      [256, 128, 1, 1]              
 18                -1  1         0  torch.nn.modules.upsampling.Upsample    [None, 2, 'nearest']          
 19           [-1, 6]  1         0  models.common.Concat                    [1]                           
 20                -1  1     78592  models.common.C3                        [160, 128, 1, False]          
 20                -1  1     78592  models.common.C3                        [160, 128, 1, False]          
 20                -1  1     78592  models.common.C3                        [160, 128, 1, False]          
 21                -1  1    147712  models.common.Conv                      [128, 128, 3, 2]              
 22          [-1, 16]  1         0  models.common.Concat                    [1]                           
 21                -1  1    147712  models.common.Conv                      [128, 128, 3, 2]              
 20                -1  1     78592  models.common.C3                        [160, 128, 1, False]          
 22          [-1, 16]  1         0  models.common.Concat                    [1]                           
 21                -1  1    147712  models.common.Conv                      [128, 128, 3, 2]              
 22          [-1, 16]  1         0  models.common.Concat                    [1]                           
 21                -1  1    147712  models.common.Conv                      [128, 128, 3, 2]              
 22          [-1, 16]  1         0  models.common.Concat                    [1]                           
 23                -1  1    329216  models.common.C3                        [384, 256, 1, False]          
 23                -1  1    329216  models.common.C3                        [384, 256, 1, False]          
 23                -1  1    329216  models.common.C3                        [384, 256, 1, False]          
 23                -1  1    329216  models.common.C3                        [384, 256, 1, False]          
 24                -1  1    590336  models.common.Conv                      [256, 256, 3, 2]              
 25          [-1, 12]  1         0  models.common.Concat                    [1]                           
 24                -1  1    590336  models.common.Conv                      [256, 256, 3, 2]              
 25          [-1, 12]  1         0  models.common.Concat                    [1]                           
 24                -1  1    590336  models.common.Conv                      [256, 256, 3, 2]              
 25          [-1, 12]  1         0  models.common.Concat                    [1]                           
 24                -1  1    590336  models.common.Conv                      [256, 256, 3, 2]              
 25          [-1, 12]  1         0  models.common.Concat                    [1]                           
 26                -1  1   1117184  models.common.C3                        [384, 512, 1, False]          
 27      [20, 23, 26]  1     16182  models.yolo.Detect                      [1, [[3, 2, 4, 3, 4, 3], [6, 4, 7, 5, 9, 6], [12, 7, 15, 9, 26, 14]], [128, 256, 512]]
 26                -1  1   1117184  models.common.C3                        [384, 512, 1, False]          
 26                -1  1   1117184  models.common.C3                        [384, 512, 1, False]          
 26                -1  1   1117184  models.common.C3                        [384, 512, 1, False]          
 27      [20, 23, 26]  1     16182  models.yolo.Detect                      [1, [[3, 2, 4, 3, 4, 3], [6, 4, 7, 5, 9, 6], [12, 7, 15, 9, 26, 14]], [128, 256, 512]]
 27      [20, 23, 26]  1     16182  models.yolo.Detect                      [1, [[3, 2, 4, 3, 4, 3], [6, 4, 7, 5, 9, 6], [12, 7, 15, 9, 26, 14]], [128, 256, 512]]
 27      [20, 23, 26]  1     16182  models.yolo.Detect                      [1, [[3, 2, 4, 3, 4, 3], [6, 4, 7, 5, 9, 6], [12, 7, 15, 9, 26, 14]], [128, 256, 512]]
Model Summary: 318 layers, 2979976 parameters, 2979976 gradients, 91.5 GFLOPs
Model Summary: 318 layers, 2979976 parameters, 2979976 gradients, 91.5 GFLOPs


Model Summary: 318 layers, 2979976 parameters, 2979976 gradients, 91.5 GFLOPs

Model Summary: 318 layers, 2979976 parameters, 2979976 gradients, 91.5 GFLOPs


Measuring Stage 2 T1 baseline (no gradient steps yet) …
  mAP_T1_after_T2  = 0.6403
  mAP_T1_after_T1  = 0.6725  (fixed ceiling)
  Stage 2 forgetting = -0.0322

Starting Stage 3 (herding) for 50 epochs …

[rank3]: Traceback (most recent call last):
[rank3]:   File "/projects/prjs2041/uav_code/train_stage3.py", line 872, in <module>
[rank3]:     train(save_dir, device,
[rank3]:   File "/projects/prjs2041/uav_code/train_stage3.py", line 659, in train
[rank3]:     scaler.scale(total_loss).backward()
[rank3]:   File "/home/knguyen1/.conda/envs/uav_master/lib/python3.9/site-packages/torch/_tensor.py", line 648, in backward
[rank3]:     torch.autograd.backward(
[rank3]:   File "/home/knguyen1/.conda/envs/uav_master/lib/python3.9/site-packages/torch/autograd/__init__.py", line 353, in backward
[rank3]:     _engine_run_backward(
[rank3]:   File "/home/knguyen1/.conda/envs/uav_master/lib/python3.9/site-packages/torch/autograd/graph.py", line 824, in _engine_run_backward
[rank3]:     return Variable._execution_engine.run_backward(  # Calls into the C++ engine to run the backward pass
[rank3]: RuntimeError: one of the variables needed for gradient computation has been modified by an inplace operation: [torch.cuda.FloatTensor [512]] is at version 4; expected version 3 instead. Hint: enable anomaly detection to find the operation that failed to compute its gradient, with torch.autograd.set_detect_anomaly(True).
[rank0]: Traceback (most recent call last):
[rank0]:   File "/projects/prjs2041/uav_code/train_stage3.py", line 872, in <module>
[rank0]:     train(save_dir, device,
[rank0]:   File "/projects/prjs2041/uav_code/train_stage3.py", line 659, in train
[rank0]:     scaler.scale(total_loss).backward()
[rank0]:   File "/home/knguyen1/.conda/envs/uav_master/lib/python3.9/site-packages/torch/_tensor.py", line 648, in backward
[rank0]:     torch.autograd.backward(
[rank0]:   File "/home/knguyen1/.conda/envs/uav_master/lib/python3.9/site-packages/torch/autograd/__init__.py", line 353, in backward
[rank0]:     _engine_run_backward(
[rank0]:   File "/home/knguyen1/.conda/envs/uav_master/lib/python3.9/site-packages/torch/autograd/graph.py", line 824, in _engine_run_backward
[rank0]:     return Variable._execution_engine.run_backward(  # Calls into the C++ engine to run the backward pass
[rank0]: RuntimeError: one of the variables needed for gradient computation has been modified by an inplace operation: [torch.cuda.FloatTensor [512]] is at version 4; expected version 3 instead. Hint: enable anomaly detection to find the operation that failed to compute its gradient, with torch.autograd.set_detect_anomaly(True).
[rank2]: Traceback (most recent call last):
[rank2]:   File "/projects/prjs2041/uav_code/train_stage3.py", line 872, in <module>
[rank2]:     train(save_dir, device,
[rank2]:   File "/projects/prjs2041/uav_code/train_stage3.py", line 659, in train
[rank2]:     scaler.scale(total_loss).backward()
[rank2]:   File "/home/knguyen1/.conda/envs/uav_master/lib/python3.9/site-packages/torch/_tensor.py", line 648, in backward
[rank2]:     torch.autograd.backward(
[rank2]:   File "/home/knguyen1/.conda/envs/uav_master/lib/python3.9/site-packages/torch/autograd/__init__.py", line 353, in backward
[rank2]:     _engine_run_backward(
[rank2]:   File "/home/knguyen1/.conda/envs/uav_master/lib/python3.9/site-packages/torch/autograd/graph.py", line 824, in _engine_run_backward
[rank2]:     return Variable._execution_engine.run_backward(  # Calls into the C++ engine to run the backward pass
[rank2]: RuntimeError: one of the variables needed for gradient computation has been modified by an inplace operation: [torch.cuda.FloatTensor [512]] is at version 4; expected version 3 instead. Hint: enable anomaly detection to find the operation that failed to compute its gradient, with torch.autograd.set_detect_anomaly(True).
[rank1]: Traceback (most recent call last):
[rank1]:   File "/projects/prjs2041/uav_code/train_stage3.py", line 872, in <module>
[rank1]:     train(save_dir, device,
[rank1]:   File "/projects/prjs2041/uav_code/train_stage3.py", line 659, in train
[rank1]:     scaler.scale(total_loss).backward()
[rank1]:   File "/home/knguyen1/.conda/envs/uav_master/lib/python3.9/site-packages/torch/_tensor.py", line 648, in backward
[rank1]:     torch.autograd.backward(
[rank1]:   File "/home/knguyen1/.conda/envs/uav_master/lib/python3.9/site-packages/torch/autograd/__init__.py", line 353, in backward
[rank1]:     _engine_run_backward(
[rank1]:   File "/home/knguyen1/.conda/envs/uav_master/lib/python3.9/site-packages/torch/autograd/graph.py", line 824, in _engine_run_backward
[rank1]:     return Variable._execution_engine.run_backward(  # Calls into the C++ engine to run the backward pass
[rank1]: RuntimeError: one of the variables needed for gradient computation has been modified by an inplace operation: [torch.cuda.FloatTensor [512]] is at version 4; expected version 3 instead. Hint: enable anomaly detection to find the operation that failed to compute its gradient, with torch.autograd.set_detect_anomaly(True).
[rank0]:[W603 14:32:32.015380663 ProcessGroupNCCL.cpp:1479] Warning: WARNING: destroy_process_group() was not called before program exit, which can leak resources. For more info, please see https://pytorch.org/docs/stable/distributed.html#shutdown (function operator())
W0603 14:32:34.963968 3746063 /gpfs/home3/knguyen1/.conda/envs/uav_master/lib/python3.9/site-packages/torch/distributed/elastic/multiprocessing/api.py:900] Sending process 3746082 closing signal SIGTERM
W0603 14:32:34.966364 3746063 /gpfs/home3/knguyen1/.conda/envs/uav_master/lib/python3.9/site-packages/torch/distributed/elastic/multiprocessing/api.py:900] Sending process 3746083 closing signal SIGTERM
W0603 14:32:34.966614 3746063 /gpfs/home3/knguyen1/.conda/envs/uav_master/lib/python3.9/site-packages/torch/distributed/elastic/multiprocessing/api.py:900] Sending process 3746085 closing signal SIGTERM
E0603 14:32:35.731426 3746063 /gpfs/home3/knguyen1/.conda/envs/uav_master/lib/python3.9/site-packages/torch/distributed/elastic/multiprocessing/api.py:874] failed (exitcode: 1) local_rank: 2 (pid: 3746084) of binary: /home/knguyen1/.conda/envs/uav_master/bin/python3.9
Traceback (most recent call last):
  File "/home/knguyen1/.conda/envs/uav_master/bin/torchrun", line 6, in <module>
    sys.exit(main())
  File "/home/knguyen1/.conda/envs/uav_master/lib/python3.9/site-packages/torch/distributed/elastic/multiprocessing/errors/__init__.py", line 355, in wrapper
    return f(*args, **kwargs)
  File "/home/knguyen1/.conda/envs/uav_master/lib/python3.9/site-packages/torch/distributed/run.py", line 892, in main
    run(args)
  File "/home/knguyen1/.conda/envs/uav_master/lib/python3.9/site-packages/torch/distributed/run.py", line 883, in run
    elastic_launch(
  File "/home/knguyen1/.conda/envs/uav_master/lib/python3.9/site-packages/torch/distributed/launcher/api.py", line 139, in __call__
    return launch_agent(self._config, self._entrypoint, list(args))
  File "/home/knguyen1/.conda/envs/uav_master/lib/python3.9/site-packages/torch/distributed/launcher/api.py", line 270, in launch_agent
    raise ChildFailedError(
torch.distributed.elastic.multiprocessing.errors.ChildFailedError: 
============================================================
/projects/prjs2041/uav_code/train_stage3.py FAILED
------------------------------------------------------------
Failures:
  <NO_OTHER_FAILURES>
------------------------------------------------------------
Root Cause (first observed failure):
[0]:
  time      : 2026-06-03_14:32:34
  host      : gcn102.local.snellius.surf.nl
  rank      : 2 (local_rank: 2)
  exitcode  : 1 (pid: 3746084)
  error_file: <N/A>
  traceback : To enable traceback see: https://pytorch.org/docs/stable/elastic/errors.html
============================================================
