========================================
Stage 1: YOLOMG on Anti-UAV-RGBT
Job ID:  22466341
Node:    gcn39
GPU:     0,1,2,3
Time:    Mon May  4 20:27:26 CEST 2026
========================================

Local scratch space:
Filesystem      Size  Used Avail Use% Mounted on
wstor_scratch1  2.5P  515T  2.0P  21% /gpfs/scratch1
Copying Anti-UAV-RGBT to local NVMe (/scratch-local/knguyen1.22466341/Anti-UAV-RGBT)...
Copy complete at Mon May  4 20:28:39 CEST 2026. Size on disk:
3.7G	/scratch-local/knguyen1.22466341/Anti-UAV-RGBT

============================================================================================== 
Warning! Mixing Conda and module environments may lead to corruption of the
user environment. 
We do not recommend users mixing those two environments unless absolutely
necessary. Note that 
SURF does not provide any support for Conda environment.
For more information, please refer to our software policy page:
https://servicedesk.surf.nl/wiki/display/WIKI/Software+policy+Snellius#SoftwarepolicySnellius-UseofAnacondaandMinicondaenvironmentsonSnellius 

Remember that many packages have already been installed on the system and can
be loaded using 
the 'module load <package__name>' command. If you are uncertain if a package is
already available 
on the system, please use 'module avail' or 'module spider' to search for it.
============================================================================================== 
YOLOv5 🚀 visualization-2-g090a74c torch 2.7.1+cu118 CUDA:0 (NVIDIA A100-SXM4-40GB, 40441MiB)
                                                     CUDA:1 (NVIDIA A100-SXM4-40GB, 40441MiB)
                                                     CUDA:2 (NVIDIA A100-SXM4-40GB, 40441MiB)
                                                     CUDA:3 (NVIDIA A100-SXM4-40GB, 40441MiB)

Stage 1 training  →  /projects/prjs2041/runs/stage1/antiuav_rgbt4
Device: cuda:0  |  IMG_SIZE=640  EPOCHS=100  BS=64
Loading datasets …
  train: 149,528 frames  |  val: 61,999 frames
Building YOLOMG from /projects/prjs2041/YOLOMG/models/dual_uav2.yaml …

                 from  n    params  module                                  arguments                     
  0                -1  1       232  models.common.Conv                      [3, 8, 3, 1, 1]               
  1                -1  1       336  models.common.C3                        [8, 8]                        
  2                -1  1       232  models.common.Conv                      [3, 8, 3, 1, 1]               
  3                -1  1       336  models.common.C3                        [8, 8, 1]                     
  4           [-1, 1]  1       130  models.common.Concat3                   [16, 1]                       
  5                -1  1      1248  models.common.C3                        [16, 16, 1]                   
  6                -1  1      4672  models.common.Conv                      [16, 32, 3, 2]                
  7                -1  1      4800  models.common.C3                        [32, 32, 1]                   
  8                -1  1     18560  models.common.Conv                      [32, 64, 3, 2]                
  9                -1  1     18816  models.common.C3                        [64, 64, 1]                   
 10                -1  1     73984  models.common.Conv                      [64, 128, 3, 2]               
 11                -1  3    156928  models.common.C3                        [128, 128, 3]                 
 12                -1  1     41344  models.common.SPPF                      [128, 128, 5]                 
 13                -1  1     33280  models.common.Conv                      [128, 256, 1, 1]              
 14                -1  1         0  torch.nn.modules.upsampling.Upsample    [None, 2, 'nearest']          
 15           [-1, 9]  1         0  models.common.Concat                    [1]                           
 16                -1  1    312832  models.common.C3                        [320, 256, 1, False]          
 17                -1  1     33024  models.common.Conv                      [256, 128, 1, 1]              
 18                -1  1         0  torch.nn.modules.upsampling.Upsample    [None, 2, 'nearest']          
 19           [-1, 6]  1         0  models.common.Concat                    [1]                           
 20                -1  1     78592  models.common.C3                        [160, 128, 1, False]          
 21                -1  1    147712  models.common.Conv                      [128, 128, 3, 2]              
 22          [-1, 16]  1         0  models.common.Concat                    [1]                           
 23                -1  1    329216  models.common.C3                        [384, 256, 1, False]          
 24                -1  1    590336  models.common.Conv                      [256, 256, 3, 2]              
 25          [-1, 12]  1         0  models.common.Concat                    [1]                           
 26                -1  1   1117184  models.common.C3                        [384, 512, 1, False]          
 27      [20, 23, 26]  1     16182  models.yolo.Detect                      [1, [[3, 2, 4, 3, 4, 3], [6, 4, 7, 5, 9, 6], [12, 7, 15, 9, 26, 14]], [128, 256, 512]]
Model Summary: 318 layers, 2979976 parameters, 2979976 gradients, 91.5 GFLOPs

  DataParallel across 4 GPUs
  Parameters: 2,979,976
Traceback (most recent call last):
  File "/projects/prjs2041/uav_code/train_stage1.py", line 531, in <module>
    train(save_dir, device)
  File "/projects/prjs2041/uav_code/train_stage1.py", line 376, in train
    compute_loss = ComputeLoss(model)
  File "/projects/prjs2041/YOLOMG/utils/loss.py", line 96, in __init__
    h = model.hyp  # hyperparameters
  File "/home/knguyen1/.conda/envs/uav_master/lib/python3.9/site-packages/torch/nn/modules/module.py", line 1940, in __getattr__
    raise AttributeError(
AttributeError: 'DataParallel' object has no attribute 'hyp'

========================================
Finished at: Mon May  4 20:29:00 CEST 2026
Check results: /projects/prjs2041/runs/stage1/
========================================
