============================================================================================== 
Warning! Mixing Conda and module environments may lead to corruption of the
user environment. 
We do not recommend users mixing those two environments unless absolutely
necessary. Note that 
SURF does not provide any support for Conda environment.
For more information, please refer to our software policy page:
https://servicedesk.surf.nl/wiki/display/WIKI/Software+policy+Snellius#SoftwarepolicySnellius-UseofAnacondaandMinicondaenvironmentsonSnellius 

Remember that many packages have already been installed on the system and can
be loaded using 
the 'module load <package__name>' command. If you are uncertain if a package is
already available 
on the system, please use 'module avail' or 'module spider' to search for it.
============================================================================================== 
Stage 3 — NAIVE condition  →  /projects/prjs2041/runs/stage3/naive
Stage 2 weights : /projects/prjs2041/runs/stage2/seed42/weights/best.pt

Loading datasets …
  CST train: 127,991  val: 45,305
  T1 val (RGBT): 61,999

Loading Stage 2 weights from /projects/prjs2041/runs/stage2/seed42/weights/best.pt …

                 from  n    params  module                                  arguments                     

                 from  n    params  module                                  arguments                     

                 from  n    params  module                                  arguments                     

                 from  n    params  module                                  arguments                     
  0                -1  1       232  models.common.Conv                      [3, 8, 3, 1, 1]               
  0                -1  1       232  models.common.Conv                      [3, 8, 3, 1, 1]               
  0                -1  1       232  models.common.Conv                      [3, 8, 3, 1, 1]               
  0                -1  1       232  models.common.Conv                      [3, 8, 3, 1, 1]               
  1                -1  1       336  models.common.C3                        [8, 8]                        
  1                -1  1       336  models.common.C3                        [8, 8]                        
  1                -1  1       336  models.common.C3                        [8, 8]                        
  1                -1  1       336  models.common.C3                        [8, 8]                        
  2                -1  1       232  models.common.Conv                      [3, 8, 3, 1, 1]               
  2                -1  1       232  models.common.Conv                      [3, 8, 3, 1, 1]               
  2                -1  1       232  models.common.Conv                      [3, 8, 3, 1, 1]               
  2                -1  1       232  models.common.Conv                      [3, 8, 3, 1, 1]               
  3                -1  1       336  models.common.C3                        [8, 8, 1]                     
  3                -1  1       336  models.common.C3                        [8, 8, 1]                     
  3                -1  1       336  models.common.C3                        [8, 8, 1]                     
  3                -1  1       336  models.common.C3                        [8, 8, 1]                     
  4           [-1, 1]  1       130  models.common.Concat3                   [16, 1]                       
  4           [-1, 1]  1       130  models.common.Concat3                   [16, 1]                       
  4           [-1, 1]  1       130  models.common.Concat3                   [16, 1]                       
  4           [-1, 1]  1       130  models.common.Concat3                   [16, 1]                       
  5                -1  1      1248  models.common.C3                        [16, 16, 1]                   
  5                -1  1      1248  models.common.C3                        [16, 16, 1]                   
  5                -1  1      1248  models.common.C3                        [16, 16, 1]                   
  5                -1  1      1248  models.common.C3                        [16, 16, 1]                   
  6                -1  1      4672  models.common.Conv                      [16, 32, 3, 2]                
  6                -1  1      4672  models.common.Conv                      [16, 32, 3, 2]                
  6                -1  1      4672  models.common.Conv                      [16, 32, 3, 2]                
  6                -1  1      4672  models.common.Conv                      [16, 32, 3, 2]                
  7                -1  1      4800  models.common.C3                        [32, 32, 1]                   
  7                -1  1      4800  models.common.C3                        [32, 32, 1]                   
  7                -1  1      4800  models.common.C3                        [32, 32, 1]                   
  7                -1  1      4800  models.common.C3                        [32, 32, 1]                   
  8                -1  1     18560  models.common.Conv                      [32, 64, 3, 2]                
  8                -1  1     18560  models.common.Conv                      [32, 64, 3, 2]                
  8                -1  1     18560  models.common.Conv                      [32, 64, 3, 2]                
  8                -1  1     18560  models.common.Conv                      [32, 64, 3, 2]                
  9                -1  1     18816  models.common.C3                        [64, 64, 1]                   
  9                -1  1     18816  models.common.C3                        [64, 64, 1]                   
  9                -1  1     18816  models.common.C3                        [64, 64, 1]                   
  9                -1  1     18816  models.common.C3                        [64, 64, 1]                   
 10                -1  1     73984  models.common.Conv                      [64, 128, 3, 2]               
 10                -1  1     73984  models.common.Conv                      [64, 128, 3, 2]               
 10                -1  1     73984  models.common.Conv                      [64, 128, 3, 2]               
 10                -1  1     73984  models.common.Conv                      [64, 128, 3, 2]               
 11                -1  3    156928  models.common.C3                        [128, 128, 3]                 
 11                -1  3    156928  models.common.C3                        [128, 128, 3]                 
 11                -1  3    156928  models.common.C3                        [128, 128, 3]                 
 11                -1  3    156928  models.common.C3                        [128, 128, 3]                 
 12                -1  1     41344  models.common.SPPF                      [128, 128, 5]                 
 12                -1  1     41344  models.common.SPPF                      [128, 128, 5]                 
 12                -1  1     41344  models.common.SPPF                      [128, 128, 5]                 
 12                -1  1     41344  models.common.SPPF                      [128, 128, 5]                 
 13                -1  1     33280  models.common.Conv                      [128, 256, 1, 1]              
 13                -1  1     33280  models.common.Conv                      [128, 256, 1, 1]              
 14                -1  1         0  torch.nn.modules.upsampling.Upsample    [None, 2, 'nearest']          
 13                -1  1     33280  models.common.Conv                      [128, 256, 1, 1]              
 14                -1  1         0  torch.nn.modules.upsampling.Upsample    [None, 2, 'nearest']          
 13                -1  1     33280  models.common.Conv                      [128, 256, 1, 1]              
 15           [-1, 9]  1         0  models.common.Concat                    [1]                           
 15           [-1, 9]  1         0  models.common.Concat                    [1]                           
 14                -1  1         0  torch.nn.modules.upsampling.Upsample    [None, 2, 'nearest']          
 14                -1  1         0  torch.nn.modules.upsampling.Upsample    [None, 2, 'nearest']          
 15           [-1, 9]  1         0  models.common.Concat                    [1]                           
 15           [-1, 9]  1         0  models.common.Concat                    [1]                           
 16                -1  1    312832  models.common.C3                        [320, 256, 1, False]          
 16                -1  1    312832  models.common.C3                        [320, 256, 1, False]          
 16                -1  1    312832  models.common.C3                        [320, 256, 1, False]          
 16                -1  1    312832  models.common.C3                        [320, 256, 1, False]          
 17                -1  1     33024  models.common.Conv                      [256, 128, 1, 1]              
 17                -1  1     33024  models.common.Conv                      [256, 128, 1, 1]              
 18                -1  1         0  torch.nn.modules.upsampling.Upsample    [None, 2, 'nearest']          
 17                -1  1     33024  models.common.Conv                      [256, 128, 1, 1]              
 19           [-1, 6]  1         0  models.common.Concat                    [1]                           
 18                -1  1         0  torch.nn.modules.upsampling.Upsample    [None, 2, 'nearest']          
 17                -1  1     33024  models.common.Conv                      [256, 128, 1, 1]              
 19           [-1, 6]  1         0  models.common.Concat                    [1]                           
 18                -1  1         0  torch.nn.modules.upsampling.Upsample    [None, 2, 'nearest']          
 18                -1  1         0  torch.nn.modules.upsampling.Upsample    [None, 2, 'nearest']          
 19           [-1, 6]  1         0  models.common.Concat                    [1]                           
 19           [-1, 6]  1         0  models.common.Concat                    [1]                           
 20                -1  1     78592  models.common.C3                        [160, 128, 1, False]          
 20                -1  1     78592  models.common.C3                        [160, 128, 1, False]          
 20                -1  1     78592  models.common.C3                        [160, 128, 1, False]          
 20                -1  1     78592  models.common.C3                        [160, 128, 1, False]          
 21                -1  1    147712  models.common.Conv                      [128, 128, 3, 2]              
 21                -1  1    147712  models.common.Conv                      [128, 128, 3, 2]              
 22          [-1, 16]  1         0  models.common.Concat                    [1]                           
 22          [-1, 16]  1         0  models.common.Concat                    [1]                           
 21                -1  1    147712  models.common.Conv                      [128, 128, 3, 2]              
 22          [-1, 16]  1         0  models.common.Concat                    [1]                           
 21                -1  1    147712  models.common.Conv                      [128, 128, 3, 2]              
 22          [-1, 16]  1         0  models.common.Concat                    [1]                           
 23                -1  1    329216  models.common.C3                        [384, 256, 1, False]          
 23                -1  1    329216  models.common.C3                        [384, 256, 1, False]          
 23                -1  1    329216  models.common.C3                        [384, 256, 1, False]          
 23                -1  1    329216  models.common.C3                        [384, 256, 1, False]          
 24                -1  1    590336  models.common.Conv                      [256, 256, 3, 2]              
 24                -1  1    590336  models.common.Conv                      [256, 256, 3, 2]              
 25          [-1, 12]  1         0  models.common.Concat                    [1]                           
 25          [-1, 12]  1         0  models.common.Concat                    [1]                           
 24                -1  1    590336  models.common.Conv                      [256, 256, 3, 2]              
 25          [-1, 12]  1         0  models.common.Concat                    [1]                           
 24                -1  1    590336  models.common.Conv                      [256, 256, 3, 2]              
 25          [-1, 12]  1         0  models.common.Concat                    [1]                           
 26                -1  1   1117184  models.common.C3                        [384, 512, 1, False]          
 26                -1  1   1117184  models.common.C3                        [384, 512, 1, False]          
 26                -1  1   1117184  models.common.C3                        [384, 512, 1, False]          
 26                -1  1   1117184  models.common.C3                        [384, 512, 1, False]          
 27      [20, 23, 26]  1     16182  models.yolo.Detect                      [1, [[3, 2, 4, 3, 4, 3], [6, 4, 7, 5, 9, 6], [12, 7, 15, 9, 26, 14]], [128, 256, 512]]
 27      [20, 23, 26]  1     16182  models.yolo.Detect                      [1, [[3, 2, 4, 3, 4, 3], [6, 4, 7, 5, 9, 6], [12, 7, 15, 9, 26, 14]], [128, 256, 512]]
 27      [20, 23, 26]  1     16182  models.yolo.Detect                      [1, [[3, 2, 4, 3, 4, 3], [6, 4, 7, 5, 9, 6], [12, 7, 15, 9, 26, 14]], [128, 256, 512]]
 27      [20, 23, 26]  1     16182  models.yolo.Detect                      [1, [[3, 2, 4, 3, 4, 3], [6, 4, 7, 5, 9, 6], [12, 7, 15, 9, 26, 14]], [128, 256, 512]]
Model Summary: 318 layers, 2979976 parameters, 2979976 gradients, 91.5 GFLOPs

Model Summary: 318 layers, 2979976 parameters, 2979976 gradients, 91.5 GFLOPs

Model Summary: 318 layers, 2979976 parameters, 2979976 gradients, 91.5 GFLOPs

Model Summary: 318 layers, 2979976 parameters, 2979976 gradients, 91.5 GFLOPs


Measuring Stage 2 T1 baseline (no gradient steps yet) …
  mAP_T1_after_T2  = 0.6404
  mAP_T1_after_T1  = 0.6725  (fixed ceiling)
  Stage 2 forgetting = -0.0321

Starting Stage 3 (naive) for 50 epochs …

  [  0/49][   0/2000]  mem=2.11G  cst=0.0961  replay=0.0000
  [  0/49][  50/2000]  mem=23.20G  cst=0.0936  replay=0.0000
  [  0/49][ 100/2000]  mem=23.20G  cst=0.0931  replay=0.0000
  [  0/49][ 150/2000]  mem=23.20G  cst=0.0925  replay=0.0000
  [  0/49][ 200/2000]  mem=23.20G  cst=0.0919  replay=0.0000
  [  0/49][ 250/2000]  mem=23.20G  cst=0.0914  replay=0.0000
  [  0/49][ 300/2000]  mem=23.20G  cst=0.0906  replay=0.0000
  [  0/49][ 350/2000]  mem=23.20G  cst=0.0899  replay=0.0000
  [  0/49][ 400/2000]  mem=23.20G  cst=0.0895  replay=0.0000
  [  0/49][ 450/2000]  mem=23.20G  cst=0.0888  replay=0.0000
  [  0/49][ 500/2000]  mem=23.20G  cst=0.0883  replay=0.0000
  [  0/49][ 550/2000]  mem=23.20G  cst=0.0877  replay=0.0000
  [  0/49][ 600/2000]  mem=23.20G  cst=0.0870  replay=0.0000
  [  0/49][ 650/2000]  mem=23.20G  cst=0.0865  replay=0.0000
  [  0/49][ 700/2000]  mem=23.20G  cst=0.0860  replay=0.0000
  [  0/49][ 750/2000]  mem=23.20G  cst=0.0854  replay=0.0000
  [  0/49][ 800/2000]  mem=23.20G  cst=0.0848  replay=0.0000
  [  0/49][ 850/2000]  mem=23.20G  cst=0.0843  replay=0.0000
  [  0/49][ 900/2000]  mem=23.20G  cst=0.0838  replay=0.0000
  [  0/49][ 950/2000]  mem=23.20G  cst=0.0832  replay=0.0000
  [  0/49][1000/2000]  mem=23.20G  cst=0.0827  replay=0.0000
  [  0/49][1050/2000]  mem=23.20G  cst=0.0823  replay=0.0000
  [  0/49][1100/2000]  mem=23.20G  cst=0.0818  replay=0.0000
  [  0/49][1150/2000]  mem=23.20G  cst=0.0815  replay=0.0000
  [  0/49][1200/2000]  mem=23.20G  cst=0.0810  replay=0.0000
  [  0/49][1250/2000]  mem=23.20G  cst=0.0806  replay=0.0000
  [  0/49][1300/2000]  mem=23.20G  cst=0.0802  replay=0.0000
  [  0/49][1350/2000]  mem=23.20G  cst=0.0797  replay=0.0000
  [  0/49][1400/2000]  mem=23.20G  cst=0.0793  replay=0.0000
  [  0/49][1450/2000]  mem=23.20G  cst=0.0788  replay=0.0000
  [  0/49][1500/2000]  mem=23.20G  cst=0.0784  replay=0.0000
  [  0/49][1550/2000]  mem=23.20G  cst=0.0780  replay=0.0000
  [  0/49][1600/2000]  mem=23.20G  cst=0.0777  replay=0.0000
  [  0/49][1650/2000]  mem=23.20G  cst=0.0773  replay=0.0000
  [  0/49][1700/2000]  mem=23.20G  cst=0.0769  replay=0.0000
  [  0/49][1750/2000]  mem=23.20G  cst=0.0765  replay=0.0000
  [  0/49][1800/2000]  mem=23.20G  cst=0.0762  replay=0.0000
  [  0/49][1850/2000]  mem=23.20G  cst=0.0759  replay=0.0000
  [  0/49][1900/2000]  mem=23.20G  cst=0.0756  replay=0.0000
  [  0/49][1950/2000]  mem=23.20G  cst=0.0752  replay=0.0000
Traceback (most recent call last):
  File "/home/knguyen1/.conda/envs/uav_master/lib/python3.9/multiprocessing/queues.py", line 244, in _feed
    obj = _ForkingPickler.dumps(obj)
  File "/home/knguyen1/.conda/envs/uav_master/lib/python3.9/multiprocessing/reduction.py", line 51, in dumps
    cls(buf, protocol).dump(obj)
  File "/home/knguyen1/.conda/envs/uav_master/lib/python3.9/site-packages/torch/multiprocessing/reductions.py", line 619, in reduce_storage
    df = multiprocessing.reduction.DupFd(fd)
  File "/home/knguyen1/.conda/envs/uav_master/lib/python3.9/multiprocessing/reduction.py", line 198, in DupFd
    return resource_sharer.DupFd(fd)
  File "/home/knguyen1/.conda/envs/uav_master/lib/python3.9/multiprocessing/resource_sharer.py", line 53, in __init__
    self._id = _resource_sharer.register(send, close)
  File "/home/knguyen1/.conda/envs/uav_master/lib/python3.9/multiprocessing/resource_sharer.py", line 76, in register
    self._start()
  File "/home/knguyen1/.conda/envs/uav_master/lib/python3.9/multiprocessing/resource_sharer.py", line 126, in _start
    self._listener = Listener(authkey=process.current_process().authkey)
  File "/home/knguyen1/.conda/envs/uav_master/lib/python3.9/multiprocessing/connection.py", line 442, in __init__
    address = address or arbitrary_address(family)
  File "/home/knguyen1/.conda/envs/uav_master/lib/python3.9/multiprocessing/connection.py", line 76, in arbitrary_address
    return tempfile.mktemp(prefix='listener-', dir=util.get_temp_dir())
  File "/home/knguyen1/.conda/envs/uav_master/lib/python3.9/multiprocessing/util.py", line 146, in get_temp_dir
    tempdir = tempfile.mkdtemp(prefix='pymp-')
  File "/home/knguyen1/.conda/envs/uav_master/lib/python3.9/tempfile.py", line 379, in mkdtemp
    _os.mkdir(file, 0o700)
OSError: [Errno 122] Disk quota exceeded: '/scratch-local/knguyen1.23392228/pymp-82j386k9'
Traceback (most recent call last):
  File "/home/knguyen1/.conda/envs/uav_master/lib/python3.9/multiprocessing/queues.py", line 244, in _feed
    obj = _ForkingPickler.dumps(obj)
  File "/home/knguyen1/.conda/envs/uav_master/lib/python3.9/multiprocessing/reduction.py", line 51, in dumps
    cls(buf, protocol).dump(obj)
  File "/home/knguyen1/.conda/envs/uav_master/lib/python3.9/site-packages/torch/multiprocessing/reductions.py", line 619, in reduce_storage
    df = multiprocessing.reduction.DupFd(fd)
  File "/home/knguyen1/.conda/envs/uav_master/lib/python3.9/multiprocessing/reduction.py", line 198, in DupFd
    return resource_sharer.DupFd(fd)
  File "/home/knguyen1/.conda/envs/uav_master/lib/python3.9/multiprocessing/resource_sharer.py", line 53, in __init__
    self._id = _resource_sharer.register(send, close)
  File "/home/knguyen1/.conda/envs/uav_master/lib/python3.9/multiprocessing/resource_sharer.py", line 76, in register
    self._start()
  File "/home/knguyen1/.conda/envs/uav_master/lib/python3.9/multiprocessing/resource_sharer.py", line 126, in _start
    self._listener = Listener(authkey=process.current_process().authkey)
  File "/home/knguyen1/.conda/envs/uav_master/lib/python3.9/multiprocessing/connection.py", line 442, in __init__
    address = address or arbitrary_address(family)
  File "/home/knguyen1/.conda/envs/uav_master/lib/python3.9/multiprocessing/connection.py", line 76, in arbitrary_address
    return tempfile.mktemp(prefix='listener-', dir=util.get_temp_dir())
  File "/home/knguyen1/.conda/envs/uav_master/lib/python3.9/multiprocessing/util.py", line 146, in get_temp_dir
    tempdir = tempfile.mkdtemp(prefix='pymp-')
  File "/home/knguyen1/.conda/envs/uav_master/lib/python3.9/tempfile.py", line 379, in mkdtemp
    _os.mkdir(file, 0o700)
OSError: [Errno 122] Disk quota exceeded: '/scratch-local/knguyen1.23392228/pymp-y31cssu3'
Traceback (most recent call last):
  File "/home/knguyen1/.conda/envs/uav_master/lib/python3.9/multiprocessing/queues.py", line 244, in _feed
    obj = _ForkingPickler.dumps(obj)
  File "/home/knguyen1/.conda/envs/uav_master/lib/python3.9/multiprocessing/reduction.py", line 51, in dumps
    cls(buf, protocol).dump(obj)
  File "/home/knguyen1/.conda/envs/uav_master/lib/python3.9/site-packages/torch/multiprocessing/reductions.py", line 619, in reduce_storage
    df = multiprocessing.reduction.DupFd(fd)
  File "/home/knguyen1/.conda/envs/uav_master/lib/python3.9/multiprocessing/reduction.py", line 198, in DupFd
    return resource_sharer.DupFd(fd)
  File "/home/knguyen1/.conda/envs/uav_master/lib/python3.9/multiprocessing/resource_sharer.py", line 53, in __init__
    self._id = _resource_sharer.register(send, close)
  File "/home/knguyen1/.conda/envs/uav_master/lib/python3.9/multiprocessing/resource_sharer.py", line 76, in register
    self._start()
  File "/home/knguyen1/.conda/envs/uav_master/lib/python3.9/multiprocessing/resource_sharer.py", line 126, in _start
    self._listener = Listener(authkey=process.current_process().authkey)
  File "/home/knguyen1/.conda/envs/uav_master/lib/python3.9/multiprocessing/connection.py", line 442, in __init__
    address = address or arbitrary_address(family)
  File "/home/knguyen1/.conda/envs/uav_master/lib/python3.9/multiprocessing/connection.py", line 76, in arbitrary_address
    return tempfile.mktemp(prefix='listener-', dir=util.get_temp_dir())
  File "/home/knguyen1/.conda/envs/uav_master/lib/python3.9/multiprocessing/util.py", line 146, in get_temp_dir
    tempdir = tempfile.mkdtemp(prefix='pymp-')
  File "/home/knguyen1/.conda/envs/uav_master/lib/python3.9/tempfile.py", line 379, in mkdtemp
    _os.mkdir(file, 0o700)
OSError: [Errno 122] Disk quota exceeded: '/scratch-local/knguyen1.23392228/pymp-u_y89fgc'
Traceback (most recent call last):
  File "/home/knguyen1/.conda/envs/uav_master/lib/python3.9/multiprocessing/queues.py", line 244, in _feed
    obj = _ForkingPickler.dumps(obj)
  File "/home/knguyen1/.conda/envs/uav_master/lib/python3.9/multiprocessing/reduction.py", line 51, in dumps
    cls(buf, protocol).dump(obj)
  File "/home/knguyen1/.conda/envs/uav_master/lib/python3.9/site-packages/torch/multiprocessing/reductions.py", line 619, in reduce_storage
    df = multiprocessing.reduction.DupFd(fd)
  File "/home/knguyen1/.conda/envs/uav_master/lib/python3.9/multiprocessing/reduction.py", line 198, in DupFd
    return resource_sharer.DupFd(fd)
  File "/home/knguyen1/.conda/envs/uav_master/lib/python3.9/multiprocessing/resource_sharer.py", line 53, in __init__
    self._id = _resource_sharer.register(send, close)
  File "/home/knguyen1/.conda/envs/uav_master/lib/python3.9/multiprocessing/resource_sharer.py", line 76, in register
    self._start()
  File "/home/knguyen1/.conda/envs/uav_master/lib/python3.9/multiprocessing/resource_sharer.py", line 126, in _start
    self._listener = Listener(authkey=process.current_process().authkey)
  File "/home/knguyen1/.conda/envs/uav_master/lib/python3.9/multiprocessing/connection.py", line 442, in __init__
    address = address or arbitrary_address(family)
  File "/home/knguyen1/.conda/envs/uav_master/lib/python3.9/multiprocessing/connection.py", line 76, in arbitrary_address
    return tempfile.mktemp(prefix='listener-', dir=util.get_temp_dir())
  File "/home/knguyen1/.conda/envs/uav_master/lib/python3.9/multiprocessing/util.py", line 146, in get_temp_dir
    tempdir = tempfile.mkdtemp(prefix='pymp-')
  File "/home/knguyen1/.conda/envs/uav_master/lib/python3.9/tempfile.py", line 379, in mkdtemp
    _os.mkdir(file, 0o700)
OSError: [Errno 122] Disk quota exceeded: '/scratch-local/knguyen1.23392228/pymp-58kghq80'
Traceback (most recent call last):
  File "/home/knguyen1/.conda/envs/uav_master/lib/python3.9/multiprocessing/queues.py", line 244, in _feed
    obj = _ForkingPickler.dumps(obj)
  File "/home/knguyen1/.conda/envs/uav_master/lib/python3.9/multiprocessing/reduction.py", line 51, in dumps
    cls(buf, protocol).dump(obj)
  File "/home/knguyen1/.conda/envs/uav_master/lib/python3.9/site-packages/torch/multiprocessing/reductions.py", line 619, in reduce_storage
    df = multiprocessing.reduction.DupFd(fd)
  File "/home/knguyen1/.conda/envs/uav_master/lib/python3.9/multiprocessing/reduction.py", line 198, in DupFd
    return resource_sharer.DupFd(fd)
  File "/home/knguyen1/.conda/envs/uav_master/lib/python3.9/multiprocessing/resource_sharer.py", line 53, in __init__
    self._id = _resource_sharer.register(send, close)
  File "/home/knguyen1/.conda/envs/uav_master/lib/python3.9/multiprocessing/resource_sharer.py", line 76, in register
    self._start()
  File "/home/knguyen1/.conda/envs/uav_master/lib/python3.9/multiprocessing/resource_sharer.py", line 126, in _start
    self._listener = Listener(authkey=process.current_process().authkey)
  File "/home/knguyen1/.conda/envs/uav_master/lib/python3.9/multiprocessing/connection.py", line 442, in __init__
    address = address or arbitrary_address(family)
  File "/home/knguyen1/.conda/envs/uav_master/lib/python3.9/multiprocessing/connection.py", line 76, in arbitrary_address
    return tempfile.mktemp(prefix='listener-', dir=util.get_temp_dir())
  File "/home/knguyen1/.conda/envs/uav_master/lib/python3.9/multiprocessing/util.py", line 146, in get_temp_dir
    tempdir = tempfile.mkdtemp(prefix='pymp-')
  File "/home/knguyen1/.conda/envs/uav_master/lib/python3.9/tempfile.py", line 379, in mkdtemp
    _os.mkdir(file, 0o700)
OSError: [Errno 122] Disk quota exceeded: '/scratch-local/knguyen1.23392228/pymp-sddg_iy3'
Traceback (most recent call last):
  File "/home/knguyen1/.conda/envs/uav_master/lib/python3.9/multiprocessing/queues.py", line 244, in _feed
    obj = _ForkingPickler.dumps(obj)
  File "/home/knguyen1/.conda/envs/uav_master/lib/python3.9/multiprocessing/reduction.py", line 51, in dumps
    cls(buf, protocol).dump(obj)
  File "/home/knguyen1/.conda/envs/uav_master/lib/python3.9/site-packages/torch/multiprocessing/reductions.py", line 619, in reduce_storage
    df = multiprocessing.reduction.DupFd(fd)
  File "/home/knguyen1/.conda/envs/uav_master/lib/python3.9/multiprocessing/reduction.py", line 198, in DupFd
    return resource_sharer.DupFd(fd)
  File "/home/knguyen1/.conda/envs/uav_master/lib/python3.9/multiprocessing/resource_sharer.py", line 53, in __init__
    self._id = _resource_sharer.register(send, close)
  File "/home/knguyen1/.conda/envs/uav_master/lib/python3.9/multiprocessing/resource_sharer.py", line 76, in register
    self._start()
  File "/home/knguyen1/.conda/envs/uav_master/lib/python3.9/multiprocessing/resource_sharer.py", line 126, in _start
    self._listener = Listener(authkey=process.current_process().authkey)
  File "/home/knguyen1/.conda/envs/uav_master/lib/python3.9/multiprocessing/connection.py", line 442, in __init__
    address = address or arbitrary_address(family)
  File "/home/knguyen1/.conda/envs/uav_master/lib/python3.9/multiprocessing/connection.py", line 76, in arbitrary_address
    return tempfile.mktemp(prefix='listener-', dir=util.get_temp_dir())
  File "/home/knguyen1/.conda/envs/uav_master/lib/python3.9/multiprocessing/util.py", line 146, in get_temp_dir
    tempdir = tempfile.mkdtemp(prefix='pymp-')
  File "/home/knguyen1/.conda/envs/uav_master/lib/python3.9/tempfile.py", line 379, in mkdtemp
    _os.mkdir(file, 0o700)
Traceback (most recent call last):
OSError: [Errno 122] Disk quota exceeded: '/scratch-local/knguyen1.23392228/pymp-a4476kxk'
  File "/home/knguyen1/.conda/envs/uav_master/lib/python3.9/multiprocessing/queues.py", line 244, in _feed
    obj = _ForkingPickler.dumps(obj)
  File "/home/knguyen1/.conda/envs/uav_master/lib/python3.9/multiprocessing/reduction.py", line 51, in dumps
    cls(buf, protocol).dump(obj)
  File "/home/knguyen1/.conda/envs/uav_master/lib/python3.9/site-packages/torch/multiprocessing/reductions.py", line 619, in reduce_storage
    df = multiprocessing.reduction.DupFd(fd)
  File "/home/knguyen1/.conda/envs/uav_master/lib/python3.9/multiprocessing/reduction.py", line 198, in DupFd
    return resource_sharer.DupFd(fd)
  File "/home/knguyen1/.conda/envs/uav_master/lib/python3.9/multiprocessing/resource_sharer.py", line 53, in __init__
    self._id = _resource_sharer.register(send, close)
  File "/home/knguyen1/.conda/envs/uav_master/lib/python3.9/multiprocessing/resource_sharer.py", line 76, in register
    self._start()
  File "/home/knguyen1/.conda/envs/uav_master/lib/python3.9/multiprocessing/resource_sharer.py", line 126, in _start
    self._listener = Listener(authkey=process.current_process().authkey)
  File "/home/knguyen1/.conda/envs/uav_master/lib/python3.9/multiprocessing/connection.py", line 442, in __init__
    address = address or arbitrary_address(family)
  File "/home/knguyen1/.conda/envs/uav_master/lib/python3.9/multiprocessing/connection.py", line 76, in arbitrary_address
    return tempfile.mktemp(prefix='listener-', dir=util.get_temp_dir())
  File "/home/knguyen1/.conda/envs/uav_master/lib/python3.9/multiprocessing/util.py", line 146, in get_temp_dir
    tempdir = tempfile.mkdtemp(prefix='pymp-')
  File "/home/knguyen1/.conda/envs/uav_master/lib/python3.9/tempfile.py", line 379, in mkdtemp
    _os.mkdir(file, 0o700)
OSError: [Errno 122] Disk quota exceeded: '/scratch-local/knguyen1.23392228/pymp-fie6ssro'
Traceback (most recent call last):
  File "/home/knguyen1/.conda/envs/uav_master/lib/python3.9/multiprocessing/queues.py", line 244, in _feed
    obj = _ForkingPickler.dumps(obj)
  File "/home/knguyen1/.conda/envs/uav_master/lib/python3.9/multiprocessing/reduction.py", line 51, in dumps
    cls(buf, protocol).dump(obj)
  File "/home/knguyen1/.conda/envs/uav_master/lib/python3.9/site-packages/torch/multiprocessing/reductions.py", line 619, in reduce_storage
    df = multiprocessing.reduction.DupFd(fd)
  File "/home/knguyen1/.conda/envs/uav_master/lib/python3.9/multiprocessing/reduction.py", line 198, in DupFd
    return resource_sharer.DupFd(fd)
  File "/home/knguyen1/.conda/envs/uav_master/lib/python3.9/multiprocessing/resource_sharer.py", line 53, in __init__
    self._id = _resource_sharer.register(send, close)
  File "/home/knguyen1/.conda/envs/uav_master/lib/python3.9/multiprocessing/resource_sharer.py", line 76, in register
    self._start()
  File "/home/knguyen1/.conda/envs/uav_master/lib/python3.9/multiprocessing/resource_sharer.py", line 126, in _start
    self._listener = Listener(authkey=process.current_process().authkey)
  File "/home/knguyen1/.conda/envs/uav_master/lib/python3.9/multiprocessing/connection.py", line 442, in __init__
    address = address or arbitrary_address(family)
  File "/home/knguyen1/.conda/envs/uav_master/lib/python3.9/multiprocessing/connection.py", line 76, in arbitrary_address
    return tempfile.mktemp(prefix='listener-', dir=util.get_temp_dir())
  File "/home/knguyen1/.conda/envs/uav_master/lib/python3.9/multiprocessing/util.py", line 146, in get_temp_dir
    tempdir = tempfile.mkdtemp(prefix='pymp-')
  File "/home/knguyen1/.conda/envs/uav_master/lib/python3.9/tempfile.py", line 379, in mkdtemp
    _os.mkdir(file, 0o700)
OSError: [Errno 122] Disk quota exceeded: '/scratch-local/knguyen1.23392228/pymp-m0tpidrs'
Traceback (most recent call last):
  File "/home/knguyen1/.conda/envs/uav_master/lib/python3.9/multiprocessing/queues.py", line 244, in _feed
    obj = _ForkingPickler.dumps(obj)
  File "/home/knguyen1/.conda/envs/uav_master/lib/python3.9/multiprocessing/reduction.py", line 51, in dumps
    cls(buf, protocol).dump(obj)
  File "/home/knguyen1/.conda/envs/uav_master/lib/python3.9/site-packages/torch/multiprocessing/reductions.py", line 619, in reduce_storage
    df = multiprocessing.reduction.DupFd(fd)
  File "/home/knguyen1/.conda/envs/uav_master/lib/python3.9/multiprocessing/reduction.py", line 198, in DupFd
    return resource_sharer.DupFd(fd)
  File "/home/knguyen1/.conda/envs/uav_master/lib/python3.9/multiprocessing/resource_sharer.py", line 53, in __init__
    self._id = _resource_sharer.register(send, close)
  File "/home/knguyen1/.conda/envs/uav_master/lib/python3.9/multiprocessing/resource_sharer.py", line 76, in register
    self._start()
  File "/home/knguyen1/.conda/envs/uav_master/lib/python3.9/multiprocessing/resource_sharer.py", line 126, in _start
    self._listener = Listener(authkey=process.current_process().authkey)
  File "/home/knguyen1/.conda/envs/uav_master/lib/python3.9/multiprocessing/connection.py", line 442, in __init__
    address = address or arbitrary_address(family)
  File "/home/knguyen1/.conda/envs/uav_master/lib/python3.9/multiprocessing/connection.py", line 76, in arbitrary_address
    return tempfile.mktemp(prefix='listener-', dir=util.get_temp_dir())
  File "/home/knguyen1/.conda/envs/uav_master/lib/python3.9/multiprocessing/util.py", line 146, in get_temp_dir
    tempdir = tempfile.mkdtemp(prefix='pymp-')
  File "/home/knguyen1/.conda/envs/uav_master/lib/python3.9/tempfile.py", line 379, in mkdtemp
    _os.mkdir(file, 0o700)
OSError: [Errno 122] Disk quota exceeded: '/scratch-local/knguyen1.23392228/pymp-vbfaihsj'
Traceback (most recent call last):
  File "/home/knguyen1/.conda/envs/uav_master/lib/python3.9/multiprocessing/queues.py", line 244, in _feed
    obj = _ForkingPickler.dumps(obj)
  File "/home/knguyen1/.conda/envs/uav_master/lib/python3.9/multiprocessing/reduction.py", line 51, in dumps
    cls(buf, protocol).dump(obj)
  File "/home/knguyen1/.conda/envs/uav_master/lib/python3.9/site-packages/torch/multiprocessing/reductions.py", line 619, in reduce_storage
    df = multiprocessing.reduction.DupFd(fd)
  File "/home/knguyen1/.conda/envs/uav_master/lib/python3.9/multiprocessing/reduction.py", line 198, in DupFd
    return resource_sharer.DupFd(fd)
  File "/home/knguyen1/.conda/envs/uav_master/lib/python3.9/multiprocessing/resource_sharer.py", line 53, in __init__
    self._id = _resource_sharer.register(send, close)
  File "/home/knguyen1/.conda/envs/uav_master/lib/python3.9/multiprocessing/resource_sharer.py", line 76, in register
    self._start()
  File "/home/knguyen1/.conda/envs/uav_master/lib/python3.9/multiprocessing/resource_sharer.py", line 126, in _start
    self._listener = Listener(authkey=process.current_process().authkey)
  File "/home/knguyen1/.conda/envs/uav_master/lib/python3.9/multiprocessing/connection.py", line 442, in __init__
    address = address or arbitrary_address(family)
  File "/home/knguyen1/.conda/envs/uav_master/lib/python3.9/multiprocessing/connection.py", line 76, in arbitrary_address
    return tempfile.mktemp(prefix='listener-', dir=util.get_temp_dir())
  File "/home/knguyen1/.conda/envs/uav_master/lib/python3.9/multiprocessing/util.py", line 146, in get_temp_dir
    tempdir = tempfile.mkdtemp(prefix='pymp-')
  File "/home/knguyen1/.conda/envs/uav_master/lib/python3.9/tempfile.py", line 379, in mkdtemp
    _os.mkdir(file, 0o700)
OSError: [Errno 122] Disk quota exceeded: '/scratch-local/knguyen1.23392228/pymp-dijfdrv9'
Traceback (most recent call last):
  File "/home/knguyen1/.conda/envs/uav_master/lib/python3.9/multiprocessing/queues.py", line 244, in _feed
    obj = _ForkingPickler.dumps(obj)
  File "/home/knguyen1/.conda/envs/uav_master/lib/python3.9/multiprocessing/reduction.py", line 51, in dumps
    cls(buf, protocol).dump(obj)
  File "/home/knguyen1/.conda/envs/uav_master/lib/python3.9/site-packages/torch/multiprocessing/reductions.py", line 619, in reduce_storage
    df = multiprocessing.reduction.DupFd(fd)
  File "/home/knguyen1/.conda/envs/uav_master/lib/python3.9/multiprocessing/reduction.py", line 198, in DupFd
    return resource_sharer.DupFd(fd)
  File "/home/knguyen1/.conda/envs/uav_master/lib/python3.9/multiprocessing/resource_sharer.py", line 53, in __init__
    self._id = _resource_sharer.register(send, close)
  File "/home/knguyen1/.conda/envs/uav_master/lib/python3.9/multiprocessing/resource_sharer.py", line 76, in register
    self._start()
  File "/home/knguyen1/.conda/envs/uav_master/lib/python3.9/multiprocessing/resource_sharer.py", line 126, in _start
    self._listener = Listener(authkey=process.current_process().authkey)
  File "/home/knguyen1/.conda/envs/uav_master/lib/python3.9/multiprocessing/connection.py", line 442, in __init__
    address = address or arbitrary_address(family)
  File "/home/knguyen1/.conda/envs/uav_master/lib/python3.9/multiprocessing/connection.py", line 76, in arbitrary_address
    return tempfile.mktemp(prefix='listener-', dir=util.get_temp_dir())
  File "/home/knguyen1/.conda/envs/uav_master/lib/python3.9/multiprocessing/util.py", line 146, in get_temp_dir
    tempdir = tempfile.mkdtemp(prefix='pymp-')
  File "/home/knguyen1/.conda/envs/uav_master/lib/python3.9/tempfile.py", line 379, in mkdtemp
    _os.mkdir(file, 0o700)
OSError: [Errno 122] Disk quota exceeded: '/scratch-local/knguyen1.23392228/pymp-c6t2nt9v'
Traceback (most recent call last):
  File "/home/knguyen1/.conda/envs/uav_master/lib/python3.9/multiprocessing/queues.py", line 244, in _feed
    obj = _ForkingPickler.dumps(obj)
  File "/home/knguyen1/.conda/envs/uav_master/lib/python3.9/multiprocessing/reduction.py", line 51, in dumps
    cls(buf, protocol).dump(obj)
  File "/home/knguyen1/.conda/envs/uav_master/lib/python3.9/site-packages/torch/multiprocessing/reductions.py", line 619, in reduce_storage
    df = multiprocessing.reduction.DupFd(fd)
  File "/home/knguyen1/.conda/envs/uav_master/lib/python3.9/multiprocessing/reduction.py", line 198, in DupFd
    return resource_sharer.DupFd(fd)
  File "/home/knguyen1/.conda/envs/uav_master/lib/python3.9/multiprocessing/resource_sharer.py", line 53, in __init__
    self._id = _resource_sharer.register(send, close)
  File "/home/knguyen1/.conda/envs/uav_master/lib/python3.9/multiprocessing/resource_sharer.py", line 76, in register
    self._start()
  File "/home/knguyen1/.conda/envs/uav_master/lib/python3.9/multiprocessing/resource_sharer.py", line 126, in _start
    self._listener = Listener(authkey=process.current_process().authkey)
  File "/home/knguyen1/.conda/envs/uav_master/lib/python3.9/multiprocessing/connection.py", line 442, in __init__
    address = address or arbitrary_address(family)
  File "/home/knguyen1/.conda/envs/uav_master/lib/python3.9/multiprocessing/connection.py", line 76, in arbitrary_address
    return tempfile.mktemp(prefix='listener-', dir=util.get_temp_dir())
  File "/home/knguyen1/.conda/envs/uav_master/lib/python3.9/multiprocessing/util.py", line 146, in get_temp_dir
    tempdir = tempfile.mkdtemp(prefix='pymp-')
  File "/home/knguyen1/.conda/envs/uav_master/lib/python3.9/tempfile.py", line 379, in mkdtemp
    _os.mkdir(file, 0o700)
OSError: [Errno 122] Disk quota exceeded: '/scratch-local/knguyen1.23392228/pymp-oabo24a9'
Traceback (most recent call last):
  File "/home/knguyen1/.conda/envs/uav_master/lib/python3.9/multiprocessing/queues.py", line 244, in _feed
    obj = _ForkingPickler.dumps(obj)
  File "/home/knguyen1/.conda/envs/uav_master/lib/python3.9/multiprocessing/reduction.py", line 51, in dumps
    cls(buf, protocol).dump(obj)
  File "/home/knguyen1/.conda/envs/uav_master/lib/python3.9/site-packages/torch/multiprocessing/reductions.py", line 619, in reduce_storage
    df = multiprocessing.reduction.DupFd(fd)
  File "/home/knguyen1/.conda/envs/uav_master/lib/python3.9/multiprocessing/reduction.py", line 198, in DupFd
    return resource_sharer.DupFd(fd)
  File "/home/knguyen1/.conda/envs/uav_master/lib/python3.9/multiprocessing/resource_sharer.py", line 53, in __init__
    self._id = _resource_sharer.register(send, close)
  File "/home/knguyen1/.conda/envs/uav_master/lib/python3.9/multiprocessing/resource_sharer.py", line 76, in register
    self._start()
  File "/home/knguyen1/.conda/envs/uav_master/lib/python3.9/multiprocessing/resource_sharer.py", line 126, in _start
    self._listener = Listener(authkey=process.current_process().authkey)
  File "/home/knguyen1/.conda/envs/uav_master/lib/python3.9/multiprocessing/connection.py", line 442, in __init__
    address = address or arbitrary_address(family)
  File "/home/knguyen1/.conda/envs/uav_master/lib/python3.9/multiprocessing/connection.py", line 76, in arbitrary_address
    return tempfile.mktemp(prefix='listener-', dir=util.get_temp_dir())
  File "/home/knguyen1/.conda/envs/uav_master/lib/python3.9/multiprocessing/util.py", line 146, in get_temp_dir
    tempdir = tempfile.mkdtemp(prefix='pymp-')
  File "/home/knguyen1/.conda/envs/uav_master/lib/python3.9/tempfile.py", line 379, in mkdtemp
    _os.mkdir(file, 0o700)
OSError: [Errno 122] Disk quota exceeded: '/scratch-local/knguyen1.23392228/pymp-ixp_gvgm'
Traceback (most recent call last):
  File "/home/knguyen1/.conda/envs/uav_master/lib/python3.9/multiprocessing/queues.py", line 244, in _feed
    obj = _ForkingPickler.dumps(obj)
  File "/home/knguyen1/.conda/envs/uav_master/lib/python3.9/multiprocessing/reduction.py", line 51, in dumps
    cls(buf, protocol).dump(obj)
  File "/home/knguyen1/.conda/envs/uav_master/lib/python3.9/site-packages/torch/multiprocessing/reductions.py", line 619, in reduce_storage
    df = multiprocessing.reduction.DupFd(fd)
  File "/home/knguyen1/.conda/envs/uav_master/lib/python3.9/multiprocessing/reduction.py", line 198, in DupFd
    return resource_sharer.DupFd(fd)
  File "/home/knguyen1/.conda/envs/uav_master/lib/python3.9/multiprocessing/resource_sharer.py", line 53, in __init__
    self._id = _resource_sharer.register(send, close)
  File "/home/knguyen1/.conda/envs/uav_master/lib/python3.9/multiprocessing/resource_sharer.py", line 76, in register
    self._start()
  File "/home/knguyen1/.conda/envs/uav_master/lib/python3.9/multiprocessing/resource_sharer.py", line 126, in _start
    self._listener = Listener(authkey=process.current_process().authkey)
  File "/home/knguyen1/.conda/envs/uav_master/lib/python3.9/multiprocessing/connection.py", line 442, in __init__
    address = address or arbitrary_address(family)
  File "/home/knguyen1/.conda/envs/uav_master/lib/python3.9/multiprocessing/connection.py", line 76, in arbitrary_address
    return tempfile.mktemp(prefix='listener-', dir=util.get_temp_dir())
  File "/home/knguyen1/.conda/envs/uav_master/lib/python3.9/multiprocessing/util.py", line 146, in get_temp_dir
    tempdir = tempfile.mkdtemp(prefix='pymp-')
  File "/home/knguyen1/.conda/envs/uav_master/lib/python3.9/tempfile.py", line 379, in mkdtemp
    _os.mkdir(file, 0o700)
OSError: [Errno 122] Disk quota exceeded: '/scratch-local/knguyen1.23392228/pymp-o1bw_dz0'
Traceback (most recent call last):
  File "/home/knguyen1/.conda/envs/uav_master/lib/python3.9/multiprocessing/queues.py", line 244, in _feed
    obj = _ForkingPickler.dumps(obj)
  File "/home/knguyen1/.conda/envs/uav_master/lib/python3.9/multiprocessing/reduction.py", line 51, in dumps
    cls(buf, protocol).dump(obj)
  File "/home/knguyen1/.conda/envs/uav_master/lib/python3.9/site-packages/torch/multiprocessing/reductions.py", line 619, in reduce_storage
    df = multiprocessing.reduction.DupFd(fd)
  File "/home/knguyen1/.conda/envs/uav_master/lib/python3.9/multiprocessing/reduction.py", line 198, in DupFd
    return resource_sharer.DupFd(fd)
  File "/home/knguyen1/.conda/envs/uav_master/lib/python3.9/multiprocessing/resource_sharer.py", line 53, in __init__
    self._id = _resource_sharer.register(send, close)
  File "/home/knguyen1/.conda/envs/uav_master/lib/python3.9/multiprocessing/resource_sharer.py", line 76, in register
    self._start()
  File "/home/knguyen1/.conda/envs/uav_master/lib/python3.9/multiprocessing/resource_sharer.py", line 126, in _start
    self._listener = Listener(authkey=process.current_process().authkey)
  File "/home/knguyen1/.conda/envs/uav_master/lib/python3.9/multiprocessing/connection.py", line 442, in __init__
    address = address or arbitrary_address(family)
  File "/home/knguyen1/.conda/envs/uav_master/lib/python3.9/multiprocessing/connection.py", line 76, in arbitrary_address
    return tempfile.mktemp(prefix='listener-', dir=util.get_temp_dir())
  File "/home/knguyen1/.conda/envs/uav_master/lib/python3.9/multiprocessing/util.py", line 146, in get_temp_dir
    tempdir = tempfile.mkdtemp(prefix='pymp-')
  File "/home/knguyen1/.conda/envs/uav_master/lib/python3.9/tempfile.py", line 379, in mkdtemp
    _os.mkdir(file, 0o700)
OSError: [Errno 122] Disk quota exceeded: '/scratch-local/knguyen1.23392228/pymp-_urfvn7v'
Traceback (most recent call last):
  File "/home/knguyen1/.conda/envs/uav_master/lib/python3.9/multiprocessing/queues.py", line 244, in _feed
    obj = _ForkingPickler.dumps(obj)
  File "/home/knguyen1/.conda/envs/uav_master/lib/python3.9/multiprocessing/reduction.py", line 51, in dumps
    cls(buf, protocol).dump(obj)
  File "/home/knguyen1/.conda/envs/uav_master/lib/python3.9/site-packages/torch/multiprocessing/reductions.py", line 619, in reduce_storage
    df = multiprocessing.reduction.DupFd(fd)
  File "/home/knguyen1/.conda/envs/uav_master/lib/python3.9/multiprocessing/reduction.py", line 198, in DupFd
    return resource_sharer.DupFd(fd)
  File "/home/knguyen1/.conda/envs/uav_master/lib/python3.9/multiprocessing/resource_sharer.py", line 53, in __init__
    self._id = _resource_sharer.register(send, close)
  File "/home/knguyen1/.conda/envs/uav_master/lib/python3.9/multiprocessing/resource_sharer.py", line 76, in register
    self._start()
  File "/home/knguyen1/.conda/envs/uav_master/lib/python3.9/multiprocessing/resource_sharer.py", line 126, in _start
    self._listener = Listener(authkey=process.current_process().authkey)
  File "/home/knguyen1/.conda/envs/uav_master/lib/python3.9/multiprocessing/connection.py", line 442, in __init__
    address = address or arbitrary_address(family)
  File "/home/knguyen1/.conda/envs/uav_master/lib/python3.9/multiprocessing/connection.py", line 76, in arbitrary_address
    return tempfile.mktemp(prefix='listener-', dir=util.get_temp_dir())
  File "/home/knguyen1/.conda/envs/uav_master/lib/python3.9/multiprocessing/util.py", line 146, in get_temp_dir
    tempdir = tempfile.mkdtemp(prefix='pymp-')
  File "/home/knguyen1/.conda/envs/uav_master/lib/python3.9/tempfile.py", line 379, in mkdtemp
    _os.mkdir(file, 0o700)
OSError: [Errno 122] Disk quota exceeded: '/scratch-local/knguyen1.23392228/pymp-3g6try8l'
Traceback (most recent call last):
  File "/home/knguyen1/.conda/envs/uav_master/lib/python3.9/multiprocessing/queues.py", line 244, in _feed
    obj = _ForkingPickler.dumps(obj)
  File "/home/knguyen1/.conda/envs/uav_master/lib/python3.9/multiprocessing/reduction.py", line 51, in dumps
    cls(buf, protocol).dump(obj)
  File "/home/knguyen1/.conda/envs/uav_master/lib/python3.9/site-packages/torch/multiprocessing/reductions.py", line 619, in reduce_storage
    df = multiprocessing.reduction.DupFd(fd)
  File "/home/knguyen1/.conda/envs/uav_master/lib/python3.9/multiprocessing/reduction.py", line 198, in DupFd
    return resource_sharer.DupFd(fd)
  File "/home/knguyen1/.conda/envs/uav_master/lib/python3.9/multiprocessing/resource_sharer.py", line 53, in __init__
    self._id = _resource_sharer.register(send, close)
  File "/home/knguyen1/.conda/envs/uav_master/lib/python3.9/multiprocessing/resource_sharer.py", line 76, in register
    self._start()
  File "/home/knguyen1/.conda/envs/uav_master/lib/python3.9/multiprocessing/resource_sharer.py", line 126, in _start
    self._listener = Listener(authkey=process.current_process().authkey)
  File "/home/knguyen1/.conda/envs/uav_master/lib/python3.9/multiprocessing/connection.py", line 442, in __init__
    address = address or arbitrary_address(family)
  File "/home/knguyen1/.conda/envs/uav_master/lib/python3.9/multiprocessing/connection.py", line 76, in arbitrary_address
    return tempfile.mktemp(prefix='listener-', dir=util.get_temp_dir())
  File "/home/knguyen1/.conda/envs/uav_master/lib/python3.9/multiprocessing/util.py", line 146, in get_temp_dir
    tempdir = tempfile.mkdtemp(prefix='pymp-')
  File "/home/knguyen1/.conda/envs/uav_master/lib/python3.9/tempfile.py", line 379, in mkdtemp
    _os.mkdir(file, 0o700)
OSError: [Errno 122] Disk quota exceeded: '/scratch-local/knguyen1.23392228/pymp-cz7l54sx'
Traceback (most recent call last):
  File "/home/knguyen1/.conda/envs/uav_master/lib/python3.9/multiprocessing/queues.py", line 244, in _feed
    obj = _ForkingPickler.dumps(obj)
  File "/home/knguyen1/.conda/envs/uav_master/lib/python3.9/multiprocessing/reduction.py", line 51, in dumps
    cls(buf, protocol).dump(obj)
  File "/home/knguyen1/.conda/envs/uav_master/lib/python3.9/site-packages/torch/multiprocessing/reductions.py", line 619, in reduce_storage
    df = multiprocessing.reduction.DupFd(fd)
  File "/home/knguyen1/.conda/envs/uav_master/lib/python3.9/multiprocessing/reduction.py", line 198, in DupFd
    return resource_sharer.DupFd(fd)
  File "/home/knguyen1/.conda/envs/uav_master/lib/python3.9/multiprocessing/resource_sharer.py", line 53, in __init__
    self._id = _resource_sharer.register(send, close)
  File "/home/knguyen1/.conda/envs/uav_master/lib/python3.9/multiprocessing/resource_sharer.py", line 76, in register
    self._start()
  File "/home/knguyen1/.conda/envs/uav_master/lib/python3.9/multiprocessing/resource_sharer.py", line 126, in _start
    self._listener = Listener(authkey=process.current_process().authkey)
  File "/home/knguyen1/.conda/envs/uav_master/lib/python3.9/multiprocessing/connection.py", line 442, in __init__
    address = address or arbitrary_address(family)
  File "/home/knguyen1/.conda/envs/uav_master/lib/python3.9/multiprocessing/connection.py", line 76, in arbitrary_address
    return tempfile.mktemp(prefix='listener-', dir=util.get_temp_dir())
  File "/home/knguyen1/.conda/envs/uav_master/lib/python3.9/multiprocessing/util.py", line 146, in get_temp_dir
    tempdir = tempfile.mkdtemp(prefix='pymp-')
  File "/home/knguyen1/.conda/envs/uav_master/lib/python3.9/tempfile.py", line 379, in mkdtemp
    _os.mkdir(file, 0o700)
OSError: [Errno 122] Disk quota exceeded: '/scratch-local/knguyen1.23392228/pymp-0giag06o'
Traceback (most recent call last):
  File "/home/knguyen1/.conda/envs/uav_master/lib/python3.9/multiprocessing/queues.py", line 244, in _feed
    obj = _ForkingPickler.dumps(obj)
  File "/home/knguyen1/.conda/envs/uav_master/lib/python3.9/multiprocessing/reduction.py", line 51, in dumps
    cls(buf, protocol).dump(obj)
  File "/home/knguyen1/.conda/envs/uav_master/lib/python3.9/site-packages/torch/multiprocessing/reductions.py", line 619, in reduce_storage
    df = multiprocessing.reduction.DupFd(fd)
  File "/home/knguyen1/.conda/envs/uav_master/lib/python3.9/multiprocessing/reduction.py", line 198, in DupFd
    return resource_sharer.DupFd(fd)
  File "/home/knguyen1/.conda/envs/uav_master/lib/python3.9/multiprocessing/resource_sharer.py", line 53, in __init__
    self._id = _resource_sharer.register(send, close)
  File "/home/knguyen1/.conda/envs/uav_master/lib/python3.9/multiprocessing/resource_sharer.py", line 76, in register
    self._start()
  File "/home/knguyen1/.conda/envs/uav_master/lib/python3.9/multiprocessing/resource_sharer.py", line 126, in _start
    self._listener = Listener(authkey=process.current_process().authkey)
  File "/home/knguyen1/.conda/envs/uav_master/lib/python3.9/multiprocessing/connection.py", line 442, in __init__
    address = address or arbitrary_address(family)
  File "/home/knguyen1/.conda/envs/uav_master/lib/python3.9/multiprocessing/connection.py", line 76, in arbitrary_address
    return tempfile.mktemp(prefix='listener-', dir=util.get_temp_dir())
  File "/home/knguyen1/.conda/envs/uav_master/lib/python3.9/multiprocessing/util.py", line 146, in get_temp_dir
    tempdir = tempfile.mkdtemp(prefix='pymp-')
  File "/home/knguyen1/.conda/envs/uav_master/lib/python3.9/tempfile.py", line 379, in mkdtemp
    _os.mkdir(file, 0o700)
OSError: [Errno 122] Disk quota exceeded: '/scratch-local/knguyen1.23392228/pymp-zevidw1s'
Traceback (most recent call last):
  File "/home/knguyen1/.conda/envs/uav_master/lib/python3.9/multiprocessing/queues.py", line 244, in _feed
    obj = _ForkingPickler.dumps(obj)
  File "/home/knguyen1/.conda/envs/uav_master/lib/python3.9/multiprocessing/reduction.py", line 51, in dumps
    cls(buf, protocol).dump(obj)
  File "/home/knguyen1/.conda/envs/uav_master/lib/python3.9/site-packages/torch/multiprocessing/reductions.py", line 619, in reduce_storage
    df = multiprocessing.reduction.DupFd(fd)
  File "/home/knguyen1/.conda/envs/uav_master/lib/python3.9/multiprocessing/reduction.py", line 198, in DupFd
    return resource_sharer.DupFd(fd)
  File "/home/knguyen1/.conda/envs/uav_master/lib/python3.9/multiprocessing/resource_sharer.py", line 53, in __init__
    self._id = _resource_sharer.register(send, close)
  File "/home/knguyen1/.conda/envs/uav_master/lib/python3.9/multiprocessing/resource_sharer.py", line 76, in register
    self._start()
  File "/home/knguyen1/.conda/envs/uav_master/lib/python3.9/multiprocessing/resource_sharer.py", line 126, in _start
    self._listener = Listener(authkey=process.current_process().authkey)
  File "/home/knguyen1/.conda/envs/uav_master/lib/python3.9/multiprocessing/connection.py", line 442, in __init__
    address = address or arbitrary_address(family)
  File "/home/knguyen1/.conda/envs/uav_master/lib/python3.9/multiprocessing/connection.py", line 76, in arbitrary_address
    return tempfile.mktemp(prefix='listener-', dir=util.get_temp_dir())
  File "/home/knguyen1/.conda/envs/uav_master/lib/python3.9/multiprocessing/util.py", line 146, in get_temp_dir
    tempdir = tempfile.mkdtemp(prefix='pymp-')
  File "/home/knguyen1/.conda/envs/uav_master/lib/python3.9/tempfile.py", line 379, in mkdtemp
    _os.mkdir(file, 0o700)
OSError: [Errno 122] Disk quota exceeded: '/scratch-local/knguyen1.23392228/pymp-d1ylaosl'
Traceback (most recent call last):
  File "/home/knguyen1/.conda/envs/uav_master/lib/python3.9/multiprocessing/queues.py", line 244, in _feed
    obj = _ForkingPickler.dumps(obj)
  File "/home/knguyen1/.conda/envs/uav_master/lib/python3.9/multiprocessing/reduction.py", line 51, in dumps
    cls(buf, protocol).dump(obj)
  File "/home/knguyen1/.conda/envs/uav_master/lib/python3.9/site-packages/torch/multiprocessing/reductions.py", line 619, in reduce_storage
    df = multiprocessing.reduction.DupFd(fd)
  File "/home/knguyen1/.conda/envs/uav_master/lib/python3.9/multiprocessing/reduction.py", line 198, in DupFd
    return resource_sharer.DupFd(fd)
  File "/home/knguyen1/.conda/envs/uav_master/lib/python3.9/multiprocessing/resource_sharer.py", line 53, in __init__
    self._id = _resource_sharer.register(send, close)
  File "/home/knguyen1/.conda/envs/uav_master/lib/python3.9/multiprocessing/resource_sharer.py", line 76, in register
    self._start()
  File "/home/knguyen1/.conda/envs/uav_master/lib/python3.9/multiprocessing/resource_sharer.py", line 126, in _start
    self._listener = Listener(authkey=process.current_process().authkey)
  File "/home/knguyen1/.conda/envs/uav_master/lib/python3.9/multiprocessing/connection.py", line 442, in __init__
    address = address or arbitrary_address(family)
  File "/home/knguyen1/.conda/envs/uav_master/lib/python3.9/multiprocessing/connection.py", line 76, in arbitrary_address
    return tempfile.mktemp(prefix='listener-', dir=util.get_temp_dir())
  File "/home/knguyen1/.conda/envs/uav_master/lib/python3.9/multiprocessing/util.py", line 146, in get_temp_dir
    tempdir = tempfile.mkdtemp(prefix='pymp-')
  File "/home/knguyen1/.conda/envs/uav_master/lib/python3.9/tempfile.py", line 379, in mkdtemp
    _os.mkdir(file, 0o700)
OSError: [Errno 122] Disk quota exceeded: '/scratch-local/knguyen1.23392228/pymp-_49fhklg'
Traceback (most recent call last):
  File "/home/knguyen1/.conda/envs/uav_master/lib/python3.9/multiprocessing/queues.py", line 244, in _feed
    obj = _ForkingPickler.dumps(obj)
  File "/home/knguyen1/.conda/envs/uav_master/lib/python3.9/multiprocessing/reduction.py", line 51, in dumps
    cls(buf, protocol).dump(obj)
  File "/home/knguyen1/.conda/envs/uav_master/lib/python3.9/site-packages/torch/multiprocessing/reductions.py", line 619, in reduce_storage
    df = multiprocessing.reduction.DupFd(fd)
  File "/home/knguyen1/.conda/envs/uav_master/lib/python3.9/multiprocessing/reduction.py", line 198, in DupFd
    return resource_sharer.DupFd(fd)
  File "/home/knguyen1/.conda/envs/uav_master/lib/python3.9/multiprocessing/resource_sharer.py", line 53, in __init__
    self._id = _resource_sharer.register(send, close)
  File "/home/knguyen1/.conda/envs/uav_master/lib/python3.9/multiprocessing/resource_sharer.py", line 76, in register
    self._start()
  File "/home/knguyen1/.conda/envs/uav_master/lib/python3.9/multiprocessing/resource_sharer.py", line 126, in _start
    self._listener = Listener(authkey=process.current_process().authkey)
  File "/home/knguyen1/.conda/envs/uav_master/lib/python3.9/multiprocessing/connection.py", line 442, in __init__
    address = address or arbitrary_address(family)
  File "/home/knguyen1/.conda/envs/uav_master/lib/python3.9/multiprocessing/connection.py", line 76, in arbitrary_address
    return tempfile.mktemp(prefix='listener-', dir=util.get_temp_dir())
  File "/home/knguyen1/.conda/envs/uav_master/lib/python3.9/multiprocessing/util.py", line 146, in get_temp_dir
    tempdir = tempfile.mkdtemp(prefix='pymp-')
  File "/home/knguyen1/.conda/envs/uav_master/lib/python3.9/tempfile.py", line 379, in mkdtemp
    _os.mkdir(file, 0o700)
OSError: [Errno 122] Disk quota exceeded: '/scratch-local/knguyen1.23392228/pymp-bospal6a'
Traceback (most recent call last):
  File "/home/knguyen1/.conda/envs/uav_master/lib/python3.9/multiprocessing/queues.py", line 244, in _feed
    obj = _ForkingPickler.dumps(obj)
  File "/home/knguyen1/.conda/envs/uav_master/lib/python3.9/multiprocessing/reduction.py", line 51, in dumps
    cls(buf, protocol).dump(obj)
  File "/home/knguyen1/.conda/envs/uav_master/lib/python3.9/site-packages/torch/multiprocessing/reductions.py", line 619, in reduce_storage
    df = multiprocessing.reduction.DupFd(fd)
  File "/home/knguyen1/.conda/envs/uav_master/lib/python3.9/multiprocessing/reduction.py", line 198, in DupFd
    return resource_sharer.DupFd(fd)
  File "/home/knguyen1/.conda/envs/uav_master/lib/python3.9/multiprocessing/resource_sharer.py", line 53, in __init__
    self._id = _resource_sharer.register(send, close)
  File "/home/knguyen1/.conda/envs/uav_master/lib/python3.9/multiprocessing/resource_sharer.py", line 76, in register
    self._start()
  File "/home/knguyen1/.conda/envs/uav_master/lib/python3.9/multiprocessing/resource_sharer.py", line 126, in _start
    self._listener = Listener(authkey=process.current_process().authkey)
  File "/home/knguyen1/.conda/envs/uav_master/lib/python3.9/multiprocessing/connection.py", line 442, in __init__
    address = address or arbitrary_address(family)
  File "/home/knguyen1/.conda/envs/uav_master/lib/python3.9/multiprocessing/connection.py", line 76, in arbitrary_address
    return tempfile.mktemp(prefix='listener-', dir=util.get_temp_dir())
  File "/home/knguyen1/.conda/envs/uav_master/lib/python3.9/multiprocessing/util.py", line 146, in get_temp_dir
    tempdir = tempfile.mkdtemp(prefix='pymp-')
  File "/home/knguyen1/.conda/envs/uav_master/lib/python3.9/tempfile.py", line 379, in mkdtemp
    _os.mkdir(file, 0o700)
OSError: [Errno 122] Disk quota exceeded: '/scratch-local/knguyen1.23392228/pymp-o24igq07'
Traceback (most recent call last):
  File "/home/knguyen1/.conda/envs/uav_master/lib/python3.9/multiprocessing/queues.py", line 244, in _feed
    obj = _ForkingPickler.dumps(obj)
  File "/home/knguyen1/.conda/envs/uav_master/lib/python3.9/multiprocessing/reduction.py", line 51, in dumps
    cls(buf, protocol).dump(obj)
  File "/home/knguyen1/.conda/envs/uav_master/lib/python3.9/site-packages/torch/multiprocessing/reductions.py", line 619, in reduce_storage
    df = multiprocessing.reduction.DupFd(fd)
  File "/home/knguyen1/.conda/envs/uav_master/lib/python3.9/multiprocessing/reduction.py", line 198, in DupFd
    return resource_sharer.DupFd(fd)
  File "/home/knguyen1/.conda/envs/uav_master/lib/python3.9/multiprocessing/resource_sharer.py", line 53, in __init__
    self._id = _resource_sharer.register(send, close)
  File "/home/knguyen1/.conda/envs/uav_master/lib/python3.9/multiprocessing/resource_sharer.py", line 76, in register
    self._start()
  File "/home/knguyen1/.conda/envs/uav_master/lib/python3.9/multiprocessing/resource_sharer.py", line 126, in _start
    self._listener = Listener(authkey=process.current_process().authkey)
  File "/home/knguyen1/.conda/envs/uav_master/lib/python3.9/multiprocessing/connection.py", line 442, in __init__
    address = address or arbitrary_address(family)
  File "/home/knguyen1/.conda/envs/uav_master/lib/python3.9/multiprocessing/connection.py", line 76, in arbitrary_address
    return tempfile.mktemp(prefix='listener-', dir=util.get_temp_dir())
  File "/home/knguyen1/.conda/envs/uav_master/lib/python3.9/multiprocessing/util.py", line 146, in get_temp_dir
    tempdir = tempfile.mkdtemp(prefix='pymp-')
  File "/home/knguyen1/.conda/envs/uav_master/lib/python3.9/tempfile.py", line 379, in mkdtemp
    _os.mkdir(file, 0o700)
OSError: [Errno 122] Disk quota exceeded: '/scratch-local/knguyen1.23392228/pymp-_wcgn28l'
Traceback (most recent call last):
  File "/home/knguyen1/.conda/envs/uav_master/lib/python3.9/multiprocessing/queues.py", line 244, in _feed
    obj = _ForkingPickler.dumps(obj)
  File "/home/knguyen1/.conda/envs/uav_master/lib/python3.9/multiprocessing/reduction.py", line 51, in dumps
    cls(buf, protocol).dump(obj)
  File "/home/knguyen1/.conda/envs/uav_master/lib/python3.9/site-packages/torch/multiprocessing/reductions.py", line 619, in reduce_storage
    df = multiprocessing.reduction.DupFd(fd)
  File "/home/knguyen1/.conda/envs/uav_master/lib/python3.9/multiprocessing/reduction.py", line 198, in DupFd
    return resource_sharer.DupFd(fd)
  File "/home/knguyen1/.conda/envs/uav_master/lib/python3.9/multiprocessing/resource_sharer.py", line 53, in __init__
    self._id = _resource_sharer.register(send, close)
  File "/home/knguyen1/.conda/envs/uav_master/lib/python3.9/multiprocessing/resource_sharer.py", line 76, in register
    self._start()
  File "/home/knguyen1/.conda/envs/uav_master/lib/python3.9/multiprocessing/resource_sharer.py", line 126, in _start
    self._listener = Listener(authkey=process.current_process().authkey)
  File "/home/knguyen1/.conda/envs/uav_master/lib/python3.9/multiprocessing/connection.py", line 442, in __init__
    address = address or arbitrary_address(family)
  File "/home/knguyen1/.conda/envs/uav_master/lib/python3.9/multiprocessing/connection.py", line 76, in arbitrary_address
    return tempfile.mktemp(prefix='listener-', dir=util.get_temp_dir())
  File "/home/knguyen1/.conda/envs/uav_master/lib/python3.9/multiprocessing/util.py", line 146, in get_temp_dir
    tempdir = tempfile.mkdtemp(prefix='pymp-')
  File "/home/knguyen1/.conda/envs/uav_master/lib/python3.9/tempfile.py", line 379, in mkdtemp
    _os.mkdir(file, 0o700)
OSError: [Errno 122] Disk quota exceeded: '/scratch-local/knguyen1.23392228/pymp-7ykt6_9v'
Traceback (most recent call last):
  File "/home/knguyen1/.conda/envs/uav_master/lib/python3.9/multiprocessing/queues.py", line 244, in _feed
    obj = _ForkingPickler.dumps(obj)
  File "/home/knguyen1/.conda/envs/uav_master/lib/python3.9/multiprocessing/reduction.py", line 51, in dumps
    cls(buf, protocol).dump(obj)
  File "/home/knguyen1/.conda/envs/uav_master/lib/python3.9/site-packages/torch/multiprocessing/reductions.py", line 619, in reduce_storage
    df = multiprocessing.reduction.DupFd(fd)
  File "/home/knguyen1/.conda/envs/uav_master/lib/python3.9/multiprocessing/reduction.py", line 198, in DupFd
    return resource_sharer.DupFd(fd)
  File "/home/knguyen1/.conda/envs/uav_master/lib/python3.9/multiprocessing/resource_sharer.py", line 53, in __init__
    self._id = _resource_sharer.register(send, close)
  File "/home/knguyen1/.conda/envs/uav_master/lib/python3.9/multiprocessing/resource_sharer.py", line 76, in register
    self._start()
  File "/home/knguyen1/.conda/envs/uav_master/lib/python3.9/multiprocessing/resource_sharer.py", line 126, in _start
    self._listener = Listener(authkey=process.current_process().authkey)
  File "/home/knguyen1/.conda/envs/uav_master/lib/python3.9/multiprocessing/connection.py", line 442, in __init__
    address = address or arbitrary_address(family)
  File "/home/knguyen1/.conda/envs/uav_master/lib/python3.9/multiprocessing/connection.py", line 76, in arbitrary_address
    return tempfile.mktemp(prefix='listener-', dir=util.get_temp_dir())
  File "/home/knguyen1/.conda/envs/uav_master/lib/python3.9/multiprocessing/util.py", line 146, in get_temp_dir
    tempdir = tempfile.mkdtemp(prefix='pymp-')
  File "/home/knguyen1/.conda/envs/uav_master/lib/python3.9/tempfile.py", line 379, in mkdtemp
    _os.mkdir(file, 0o700)
OSError: [Errno 122] Disk quota exceeded: '/scratch-local/knguyen1.23392228/pymp-9_lk1nn8'
Traceback (most recent call last):
  File "/home/knguyen1/.conda/envs/uav_master/lib/python3.9/multiprocessing/queues.py", line 244, in _feed
    obj = _ForkingPickler.dumps(obj)
  File "/home/knguyen1/.conda/envs/uav_master/lib/python3.9/multiprocessing/reduction.py", line 51, in dumps
    cls(buf, protocol).dump(obj)
  File "/home/knguyen1/.conda/envs/uav_master/lib/python3.9/site-packages/torch/multiprocessing/reductions.py", line 619, in reduce_storage
    df = multiprocessing.reduction.DupFd(fd)
  File "/home/knguyen1/.conda/envs/uav_master/lib/python3.9/multiprocessing/reduction.py", line 198, in DupFd
    return resource_sharer.DupFd(fd)
  File "/home/knguyen1/.conda/envs/uav_master/lib/python3.9/multiprocessing/resource_sharer.py", line 53, in __init__
    self._id = _resource_sharer.register(send, close)
  File "/home/knguyen1/.conda/envs/uav_master/lib/python3.9/multiprocessing/resource_sharer.py", line 76, in register
    self._start()
  File "/home/knguyen1/.conda/envs/uav_master/lib/python3.9/multiprocessing/resource_sharer.py", line 126, in _start
    self._listener = Listener(authkey=process.current_process().authkey)
  File "/home/knguyen1/.conda/envs/uav_master/lib/python3.9/multiprocessing/connection.py", line 442, in __init__
    address = address or arbitrary_address(family)
  File "/home/knguyen1/.conda/envs/uav_master/lib/python3.9/multiprocessing/connection.py", line 76, in arbitrary_address
    return tempfile.mktemp(prefix='listener-', dir=util.get_temp_dir())
  File "/home/knguyen1/.conda/envs/uav_master/lib/python3.9/multiprocessing/util.py", line 146, in get_temp_dir
    tempdir = tempfile.mkdtemp(prefix='pymp-')
  File "/home/knguyen1/.conda/envs/uav_master/lib/python3.9/tempfile.py", line 379, in mkdtemp
    _os.mkdir(file, 0o700)
OSError: [Errno 122] Disk quota exceeded: '/scratch-local/knguyen1.23392228/pymp-zann2mfc'
Traceback (most recent call last):
  File "/home/knguyen1/.conda/envs/uav_master/lib/python3.9/multiprocessing/queues.py", line 244, in _feed
    obj = _ForkingPickler.dumps(obj)
  File "/home/knguyen1/.conda/envs/uav_master/lib/python3.9/multiprocessing/reduction.py", line 51, in dumps
    cls(buf, protocol).dump(obj)
  File "/home/knguyen1/.conda/envs/uav_master/lib/python3.9/site-packages/torch/multiprocessing/reductions.py", line 619, in reduce_storage
    df = multiprocessing.reduction.DupFd(fd)
  File "/home/knguyen1/.conda/envs/uav_master/lib/python3.9/multiprocessing/reduction.py", line 198, in DupFd
    return resource_sharer.DupFd(fd)
  File "/home/knguyen1/.conda/envs/uav_master/lib/python3.9/multiprocessing/resource_sharer.py", line 53, in __init__
    self._id = _resource_sharer.register(send, close)
  File "/home/knguyen1/.conda/envs/uav_master/lib/python3.9/multiprocessing/resource_sharer.py", line 76, in register
    self._start()
  File "/home/knguyen1/.conda/envs/uav_master/lib/python3.9/multiprocessing/resource_sharer.py", line 126, in _start
    self._listener = Listener(authkey=process.current_process().authkey)
  File "/home/knguyen1/.conda/envs/uav_master/lib/python3.9/multiprocessing/connection.py", line 442, in __init__
    address = address or arbitrary_address(family)
  File "/home/knguyen1/.conda/envs/uav_master/lib/python3.9/multiprocessing/connection.py", line 76, in arbitrary_address
    return tempfile.mktemp(prefix='listener-', dir=util.get_temp_dir())
  File "/home/knguyen1/.conda/envs/uav_master/lib/python3.9/multiprocessing/util.py", line 146, in get_temp_dir
    tempdir = tempfile.mkdtemp(prefix='pymp-')
  File "/home/knguyen1/.conda/envs/uav_master/lib/python3.9/tempfile.py", line 379, in mkdtemp
    _os.mkdir(file, 0o700)
OSError: [Errno 122] Disk quota exceeded: '/scratch-local/knguyen1.23392228/pymp-jw5hji8z'
Traceback (most recent call last):
  File "/home/knguyen1/.conda/envs/uav_master/lib/python3.9/multiprocessing/queues.py", line 244, in _feed
    obj = _ForkingPickler.dumps(obj)
  File "/home/knguyen1/.conda/envs/uav_master/lib/python3.9/multiprocessing/reduction.py", line 51, in dumps
    cls(buf, protocol).dump(obj)
  File "/home/knguyen1/.conda/envs/uav_master/lib/python3.9/site-packages/torch/multiprocessing/reductions.py", line 619, in reduce_storage
    df = multiprocessing.reduction.DupFd(fd)
  File "/home/knguyen1/.conda/envs/uav_master/lib/python3.9/multiprocessing/reduction.py", line 198, in DupFd
    return resource_sharer.DupFd(fd)
  File "/home/knguyen1/.conda/envs/uav_master/lib/python3.9/multiprocessing/resource_sharer.py", line 53, in __init__
    self._id = _resource_sharer.register(send, close)
  File "/home/knguyen1/.conda/envs/uav_master/lib/python3.9/multiprocessing/resource_sharer.py", line 76, in register
    self._start()
  File "/home/knguyen1/.conda/envs/uav_master/lib/python3.9/multiprocessing/resource_sharer.py", line 126, in _start
    self._listener = Listener(authkey=process.current_process().authkey)
  File "/home/knguyen1/.conda/envs/uav_master/lib/python3.9/multiprocessing/connection.py", line 442, in __init__
    address = address or arbitrary_address(family)
  File "/home/knguyen1/.conda/envs/uav_master/lib/python3.9/multiprocessing/connection.py", line 76, in arbitrary_address
    return tempfile.mktemp(prefix='listener-', dir=util.get_temp_dir())
  File "/home/knguyen1/.conda/envs/uav_master/lib/python3.9/multiprocessing/util.py", line 146, in get_temp_dir
    tempdir = tempfile.mkdtemp(prefix='pymp-')
  File "/home/knguyen1/.conda/envs/uav_master/lib/python3.9/tempfile.py", line 379, in mkdtemp
    _os.mkdir(file, 0o700)
OSError: [Errno 122] Disk quota exceeded: '/scratch-local/knguyen1.23392228/pymp-s0go2tew'
Traceback (most recent call last):
  File "/home/knguyen1/.conda/envs/uav_master/lib/python3.9/multiprocessing/queues.py", line 244, in _feed
    obj = _ForkingPickler.dumps(obj)
  File "/home/knguyen1/.conda/envs/uav_master/lib/python3.9/multiprocessing/reduction.py", line 51, in dumps
    cls(buf, protocol).dump(obj)
  File "/home/knguyen1/.conda/envs/uav_master/lib/python3.9/site-packages/torch/multiprocessing/reductions.py", line 619, in reduce_storage
    df = multiprocessing.reduction.DupFd(fd)
  File "/home/knguyen1/.conda/envs/uav_master/lib/python3.9/multiprocessing/reduction.py", line 198, in DupFd
    return resource_sharer.DupFd(fd)
  File "/home/knguyen1/.conda/envs/uav_master/lib/python3.9/multiprocessing/resource_sharer.py", line 53, in __init__
    self._id = _resource_sharer.register(send, close)
  File "/home/knguyen1/.conda/envs/uav_master/lib/python3.9/multiprocessing/resource_sharer.py", line 76, in register
    self._start()
  File "/home/knguyen1/.conda/envs/uav_master/lib/python3.9/multiprocessing/resource_sharer.py", line 126, in _start
    self._listener = Listener(authkey=process.current_process().authkey)
  File "/home/knguyen1/.conda/envs/uav_master/lib/python3.9/multiprocessing/connection.py", line 442, in __init__
    address = address or arbitrary_address(family)
  File "/home/knguyen1/.conda/envs/uav_master/lib/python3.9/multiprocessing/connection.py", line 76, in arbitrary_address
    return tempfile.mktemp(prefix='listener-', dir=util.get_temp_dir())
  File "/home/knguyen1/.conda/envs/uav_master/lib/python3.9/multiprocessing/util.py", line 146, in get_temp_dir
    tempdir = tempfile.mkdtemp(prefix='pymp-')
  File "/home/knguyen1/.conda/envs/uav_master/lib/python3.9/tempfile.py", line 379, in mkdtemp
    _os.mkdir(file, 0o700)
OSError: [Errno 122] Disk quota exceeded: '/scratch-local/knguyen1.23392228/pymp-wdr__45s'
Traceback (most recent call last):
  File "/home/knguyen1/.conda/envs/uav_master/lib/python3.9/multiprocessing/queues.py", line 244, in _feed
    obj = _ForkingPickler.dumps(obj)
  File "/home/knguyen1/.conda/envs/uav_master/lib/python3.9/multiprocessing/reduction.py", line 51, in dumps
    cls(buf, protocol).dump(obj)
  File "/home/knguyen1/.conda/envs/uav_master/lib/python3.9/site-packages/torch/multiprocessing/reductions.py", line 619, in reduce_storage
    df = multiprocessing.reduction.DupFd(fd)
  File "/home/knguyen1/.conda/envs/uav_master/lib/python3.9/multiprocessing/reduction.py", line 198, in DupFd
    return resource_sharer.DupFd(fd)
  File "/home/knguyen1/.conda/envs/uav_master/lib/python3.9/multiprocessing/resource_sharer.py", line 53, in __init__
    self._id = _resource_sharer.register(send, close)
  File "/home/knguyen1/.conda/envs/uav_master/lib/python3.9/multiprocessing/resource_sharer.py", line 76, in register
    self._start()
  File "/home/knguyen1/.conda/envs/uav_master/lib/python3.9/multiprocessing/resource_sharer.py", line 126, in _start
    self._listener = Listener(authkey=process.current_process().authkey)
  File "/home/knguyen1/.conda/envs/uav_master/lib/python3.9/multiprocessing/connection.py", line 442, in __init__
    address = address or arbitrary_address(family)
  File "/home/knguyen1/.conda/envs/uav_master/lib/python3.9/multiprocessing/connection.py", line 76, in arbitrary_address
    return tempfile.mktemp(prefix='listener-', dir=util.get_temp_dir())
  File "/home/knguyen1/.conda/envs/uav_master/lib/python3.9/multiprocessing/util.py", line 146, in get_temp_dir
    tempdir = tempfile.mkdtemp(prefix='pymp-')
  File "/home/knguyen1/.conda/envs/uav_master/lib/python3.9/tempfile.py", line 379, in mkdtemp
    _os.mkdir(file, 0o700)
OSError: [Errno 122] Disk quota exceeded: '/scratch-local/knguyen1.23392228/pymp-xqyk5o6n'
Traceback (most recent call last):
  File "/home/knguyen1/.conda/envs/uav_master/lib/python3.9/multiprocessing/queues.py", line 244, in _feed
    obj = _ForkingPickler.dumps(obj)
  File "/home/knguyen1/.conda/envs/uav_master/lib/python3.9/multiprocessing/reduction.py", line 51, in dumps
    cls(buf, protocol).dump(obj)
  File "/home/knguyen1/.conda/envs/uav_master/lib/python3.9/site-packages/torch/multiprocessing/reductions.py", line 619, in reduce_storage
    df = multiprocessing.reduction.DupFd(fd)
  File "/home/knguyen1/.conda/envs/uav_master/lib/python3.9/multiprocessing/reduction.py", line 198, in DupFd
    return resource_sharer.DupFd(fd)
  File "/home/knguyen1/.conda/envs/uav_master/lib/python3.9/multiprocessing/resource_sharer.py", line 53, in __init__
    self._id = _resource_sharer.register(send, close)
  File "/home/knguyen1/.conda/envs/uav_master/lib/python3.9/multiprocessing/resource_sharer.py", line 76, in register
    self._start()
  File "/home/knguyen1/.conda/envs/uav_master/lib/python3.9/multiprocessing/resource_sharer.py", line 126, in _start
    self._listener = Listener(authkey=process.current_process().authkey)
  File "/home/knguyen1/.conda/envs/uav_master/lib/python3.9/multiprocessing/connection.py", line 442, in __init__
    address = address or arbitrary_address(family)
  File "/home/knguyen1/.conda/envs/uav_master/lib/python3.9/multiprocessing/connection.py", line 76, in arbitrary_address
    return tempfile.mktemp(prefix='listener-', dir=util.get_temp_dir())
  File "/home/knguyen1/.conda/envs/uav_master/lib/python3.9/multiprocessing/util.py", line 146, in get_temp_dir
    tempdir = tempfile.mkdtemp(prefix='pymp-')
  File "/home/knguyen1/.conda/envs/uav_master/lib/python3.9/tempfile.py", line 379, in mkdtemp
    _os.mkdir(file, 0o700)
OSError: [Errno 122] Disk quota exceeded: '/scratch-local/knguyen1.23392228/pymp-dbzk68ps'
[2026-06-02T21:04:12.211] error: *** JOB 23392228 ON gcn93 CANCELLED AT 2026-06-02T21:04:12 DUE to SIGNAL Terminated ***
