========================================
Stage 2 DDP: Teacher-Student UDA on Anti-UAV410
Job ID:  22653533
Node:    gcn7
GPUs:    0,1,2,3
Weights: /projects/prjs2041/runs/stage1/antiuav_rgbt14/weights/best.pt
Time:    Tue May 12 03:56:11 CEST 2026
========================================

Stage 2 Teacher-Student UDA  →  /projects/prjs2041/runs/stage2/antiuav4104
Stage 1 weights: /projects/prjs2041/runs/stage1/antiuav_rgbt14/weights/best.pt
Device: cuda:0  |  IMG_SIZE=640  EPOCHS=50  BS=16  world_size=4
KD weight λ = 1.0
Loading datasets …
  T2 train : 213,995 frames   (AntiUAV410)
  T2 val   : 94,711 frames   (AntiUAV410)
  T1 val   : 61,999 frames   (AntiUAVRGBT — FM tracking)
Loading student from /projects/prjs2041/runs/stage1/antiuav_rgbt14/weights/best.pt …

                 from  n    params  module                                  arguments                     
  0                -1  1       232  models.common.Conv                      [3, 8, 3, 1, 1]               
  1                -1  1       336  models.common.C3                        [8, 8]                        
  2                -1  1       232  models.common.Conv                      [3, 8, 3, 1, 1]               
  3                -1  1       336  models.common.C3                        [8, 8, 1]                     
  4           [-1, 1]  1       130  models.common.Concat3                   [16, 1]                       
  5                -1  1      1248  models.common.C3                        [16, 16, 1]                   
  6                -1  1      4672  models.common.Conv                      [16, 32, 3, 2]                
  7                -1  1      4800  models.common.C3                        [32, 32, 1]                   
  8                -1  1     18560  models.common.Conv                      [32, 64, 3, 2]                
  9                -1  1     18816  models.common.C3                        [64, 64, 1]                   
 10                -1  1     73984  models.common.Conv                      [64, 128, 3, 2]               
 11                -1  3    156928  models.common.C3                        [128, 128, 3]                 
 12                -1  1     41344  models.common.SPPF                      [128, 128, 5]                 
 13                -1  1     33280  models.common.Conv                      [128, 256, 1, 1]              
 14                -1  1         0  torch.nn.modules.upsampling.Upsample    [None, 2, 'nearest']          
 15           [-1, 9]  1         0  models.common.Concat                    [1]                           
 16                -1  1    312832  models.common.C3                        [320, 256, 1, False]          
 17                -1  1     33024  models.common.Conv                      [256, 128, 1, 1]              
 18                -1  1         0  torch.nn.modules.upsampling.Upsample    [None, 2, 'nearest']          
 19           [-1, 6]  1         0  models.common.Concat                    [1]                           
 20                -1  1     78592  models.common.C3                        [160, 128, 1, False]          
 21                -1  1    147712  models.common.Conv                      [128, 128, 3, 2]              
 22          [-1, 16]  1         0  models.common.Concat                    [1]                           
 23                -1  1    329216  models.common.C3                        [384, 256, 1, False]          
 24                -1  1    590336  models.common.Conv                      [256, 256, 3, 2]              
 25          [-1, 12]  1         0  models.common.Concat                    [1]                           
 26                -1  1   1117184  models.common.C3                        [384, 512, 1, False]          
 27      [20, 23, 26]  1     16182  models.yolo.Detect                      [1, [[3, 2, 4, 3, 4, 3], [6, 4, 7, 5, 9, 6], [12, 7, 15, 9, 26, 14]], [128, 256, 512]]
Model Summary: 318 layers, 2979976 parameters, 2979976 gradients, 91.5 GFLOPs

Creating frozen teacher (same weights) …

                 from  n    params  module                                  arguments                     
  0                -1  1       232  models.common.Conv                      [3, 8, 3, 1, 1]               
  1                -1  1       336  models.common.C3                        [8, 8]                        
  2                -1  1       232  models.common.Conv                      [3, 8, 3, 1, 1]               
  3                -1  1       336  models.common.C3                        [8, 8, 1]                     
  4           [-1, 1]  1       130  models.common.Concat3                   [16, 1]                       
  5                -1  1      1248  models.common.C3                        [16, 16, 1]                   
  6                -1  1      4672  models.common.Conv                      [16, 32, 3, 2]                
  7                -1  1      4800  models.common.C3                        [32, 32, 1]                   
  8                -1  1     18560  models.common.Conv                      [32, 64, 3, 2]                
  9                -1  1     18816  models.common.C3                        [64, 64, 1]                   
 10                -1  1     73984  models.common.Conv                      [64, 128, 3, 2]               
 11                -1  3    156928  models.common.C3                        [128, 128, 3]                 
 12                -1  1     41344  models.common.SPPF                      [128, 128, 5]                 
 13                -1  1     33280  models.common.Conv                      [128, 256, 1, 1]              
 14                -1  1         0  torch.nn.modules.upsampling.Upsample    [None, 2, 'nearest']          
 15           [-1, 9]  1         0  models.common.Concat                    [1]                           
 16                -1  1    312832  models.common.C3                        [320, 256, 1, False]          
 17                -1  1     33024  models.common.Conv                      [256, 128, 1, 1]              
 18                -1  1         0  torch.nn.modules.upsampling.Upsample    [None, 2, 'nearest']          
 19           [-1, 6]  1         0  models.common.Concat                    [1]                           
 20                -1  1     78592  models.common.C3                        [160, 128, 1, False]          
 21                -1  1    147712  models.common.Conv                      [128, 128, 3, 2]              
 22          [-1, 16]  1         0  models.common.Concat                    [1]                           
 23                -1  1    329216  models.common.C3                        [384, 256, 1, False]          
 24                -1  1    590336  models.common.Conv                      [256, 256, 3, 2]              
 25          [-1, 12]  1         0  models.common.Concat                    [1]                           
 26                -1  1   1117184  models.common.C3                        [384, 512, 1, False]          
 27      [20, 23, 26]  1     16182  models.yolo.Detect                      [1, [[3, 2, 4, 3, 4, 3], [6, 4, 7, 5, 9, 6], [12, 7, 15, 9, 26, 14]], [128, 256, 512]]
Model Summary: 318 layers, 2979976 parameters, 2979976 gradients, 91.5 GFLOPs

  Parameters: 2,979,976
  Trainable:  2,979,976

Starting Stage 2 training for 50 epochs …
  L = L_det + 1.0 × L_kd

  [  0/49][   0/3344]  mem=2.39G  box=0.0716  obj=0.0006  cls=0.0000  kd=0.2286
  [  0/49][  50/3344]  mem=25.08G  box=0.0655  obj=0.0005  cls=0.0000  kd=0.1475
  [  0/49][ 100/3344]  mem=25.08G  box=0.0657  obj=0.0005  cls=0.0000  kd=0.1366
  [  0/49][ 150/3344]  mem=25.08G  box=0.0655  obj=0.0005  cls=0.0000  kd=0.1315
  [  0/49][ 200/3344]  mem=25.08G  box=0.0654  obj=0.0005  cls=0.0000  kd=0.1246
  [  0/49][ 250/3344]  mem=25.08G  box=0.0654  obj=0.0005  cls=0.0000  kd=0.1186
  [  0/49][ 300/3344]  mem=25.08G  box=0.0643  obj=0.0005  cls=0.0000  kd=0.1145
  [  0/49][ 350/3344]  mem=25.08G  box=0.0636  obj=0.0005  cls=0.0000  kd=0.1105
  [  0/49][ 400/3344]  mem=25.08G  box=0.0631  obj=0.0005  cls=0.0000  kd=0.1072
  [  0/49][ 450/3344]  mem=25.08G  box=0.0629  obj=0.0005  cls=0.0000  kd=0.1039
  [  0/49][ 500/3344]  mem=25.08G  box=0.0632  obj=0.0005  cls=0.0000  kd=0.1029
  [  0/49][ 550/3344]  mem=25.08G  box=0.0635  obj=0.0005  cls=0.0000  kd=0.1013
  [  0/49][ 600/3344]  mem=25.08G  box=0.0633  obj=0.0005  cls=0.0000  kd=0.0997
  [  0/49][ 650/3344]  mem=25.08G  box=0.0634  obj=0.0005  cls=0.0000  kd=0.0978
  [  0/49][ 700/3344]  mem=25.08G  box=0.0633  obj=0.0005  cls=0.0000  kd=0.0955
  [  0/49][ 750/3344]  mem=25.08G  box=0.0635  obj=0.0005  cls=0.0000  kd=0.0941
  [  0/49][ 800/3344]  mem=25.08G  box=0.0635  obj=0.0005  cls=0.0000  kd=0.0925
  [  0/49][ 850/3344]  mem=25.08G  box=0.0632  obj=0.0005  cls=0.0000  kd=0.0914
  [  0/49][ 900/3344]  mem=25.08G  box=0.0633  obj=0.0005  cls=0.0000  kd=0.0906
  [  0/49][ 950/3344]  mem=25.08G  box=0.0631  obj=0.0005  cls=0.0000  kd=0.0895
  [  0/49][1000/3344]  mem=25.08G  box=0.0630  obj=0.0005  cls=0.0000  kd=0.0887
  [  0/49][1050/3344]  mem=25.08G  box=0.0629  obj=0.0005  cls=0.0000  kd=0.0883
  [  0/49][1100/3344]  mem=25.08G  box=0.0628  obj=0.0005  cls=0.0000  kd=0.0875
  [  0/49][1150/3344]  mem=25.08G  box=0.0628  obj=0.0005  cls=0.0000  kd=0.0873
  [  0/49][1200/3344]  mem=25.08G  box=0.0626  obj=0.0005  cls=0.0000  kd=0.0869
  [  0/49][1250/3344]  mem=25.08G  box=0.0624  obj=0.0005  cls=0.0000  kd=0.0861
  [  0/49][1300/3344]  mem=25.08G  box=0.0623  obj=0.0005  cls=0.0000  kd=0.0860
  [  0/49][1350/3344]  mem=25.08G  box=0.0622  obj=0.0005  cls=0.0000  kd=0.0856
  [  0/49][1400/3344]  mem=25.08G  box=0.0620  obj=0.0005  cls=0.0000  kd=0.0853
  [  0/49][1450/3344]  mem=25.08G  box=0.0619  obj=0.0005  cls=0.0000  kd=0.0852
  [  0/49][1500/3344]  mem=25.08G  box=0.0616  obj=0.0005  cls=0.0000  kd=0.0848
  [  0/49][1550/3344]  mem=25.08G  box=0.0616  obj=0.0005  cls=0.0000  kd=0.0847
  [  0/49][1600/3344]  mem=25.08G  box=0.0615  obj=0.0005  cls=0.0000  kd=0.0843
  [  0/49][1650/3344]  mem=25.08G  box=0.0613  obj=0.0005  cls=0.0000  kd=0.0841
  [  0/49][1700/3344]  mem=25.08G  box=0.0611  obj=0.0005  cls=0.0000  kd=0.0837
  [  0/49][1750/3344]  mem=25.08G  box=0.0610  obj=0.0005  cls=0.0000  kd=0.0837
  [  0/49][1800/3344]  mem=25.08G  box=0.0609  obj=0.0005  cls=0.0000  kd=0.0837
  [  0/49][1850/3344]  mem=25.08G  box=0.0607  obj=0.0005  cls=0.0000  kd=0.0836
  [  0/49][1900/3344]  mem=25.08G  box=0.0606  obj=0.0005  cls=0.0000  kd=0.0835
  [  0/49][1950/3344]  mem=25.08G  box=0.0605  obj=0.0005  cls=0.0000  kd=0.0833
  [  0/49][2000/3344]  mem=25.08G  box=0.0604  obj=0.0005  cls=0.0000  kd=0.0831
  [  0/49][2050/3344]  mem=25.08G  box=0.0603  obj=0.0005  cls=0.0000  kd=0.0828
  [  0/49][2100/3344]  mem=25.08G  box=0.0602  obj=0.0005  cls=0.0000  kd=0.0829
  [  0/49][2150/3344]  mem=25.08G  box=0.0600  obj=0.0005  cls=0.0000  kd=0.0827
  [  0/49][2200/3344]  mem=25.08G  box=0.0599  obj=0.0005  cls=0.0000  kd=0.0826
  [  0/49][2250/3344]  mem=25.08G  box=0.0598  obj=0.0005  cls=0.0000  kd=0.0825
  [  0/49][2300/3344]  mem=25.08G  box=0.0596  obj=0.0005  cls=0.0000  kd=0.0824
  [  0/49][2350/3344]  mem=25.08G  box=0.0594  obj=0.0006  cls=0.0000  kd=0.0822
  [  0/49][2400/3344]  mem=25.08G  box=0.0594  obj=0.0006  cls=0.0000  kd=0.0822
  [  0/49][2450/3344]  mem=25.08G  box=0.0592  obj=0.0006  cls=0.0000  kd=0.0821
  [  0/49][2500/3344]  mem=25.08G  box=0.0591  obj=0.0006  cls=0.0000  kd=0.0820
  [  0/49][2550/3344]  mem=25.08G  box=0.0590  obj=0.0006  cls=0.0000  kd=0.0820
  [  0/49][2600/3344]  mem=25.08G  box=0.0588  obj=0.0006  cls=0.0000  kd=0.0819
  [  0/49][2650/3344]  mem=25.08G  box=0.0588  obj=0.0006  cls=0.0000  kd=0.0818
  [  0/49][2700/3344]  mem=25.08G  box=0.0586  obj=0.0006  cls=0.0000  kd=0.0818
  [  0/49][2750/3344]  mem=25.08G  box=0.0585  obj=0.0006  cls=0.0000  kd=0.0817
  [  0/49][2800/3344]  mem=25.08G  box=0.0584  obj=0.0006  cls=0.0000  kd=0.0816
  [  0/49][2850/3344]  mem=25.08G  box=0.0583  obj=0.0006  cls=0.0000  kd=0.0816
  [  0/49][2900/3344]  mem=25.08G  box=0.0582  obj=0.0006  cls=0.0000  kd=0.0817
  [  0/49][2950/3344]  mem=25.08G  box=0.0580  obj=0.0006  cls=0.0000  kd=0.0816
  [  0/49][3000/3344]  mem=25.08G  box=0.0579  obj=0.0006  cls=0.0000  kd=0.0815
  [  0/49][3050/3344]  mem=25.08G  box=0.0578  obj=0.0006  cls=0.0000  kd=0.0815
  [  0/49][3100/3344]  mem=25.08G  box=0.0576  obj=0.0006  cls=0.0000  kd=0.0814
  [  0/49][3150/3344]  mem=25.08G  box=0.0575  obj=0.0006  cls=0.0000  kd=0.0814
  [  0/49][3200/3344]  mem=25.08G  box=0.0574  obj=0.0006  cls=0.0000  kd=0.0814
  [  0/49][3250/3344]  mem=25.08G  box=0.0573  obj=0.0006  cls=0.0000  kd=0.0814
  [  0/49][3300/3344]  mem=25.08G  box=0.0571  obj=0.0006  cls=0.0000  kd=0.0813

Epoch   0/49  [04:40:37]  loss=0.1393  mAP@0.5(T2/UAV410)=0.3950  mAP@0.5(T1/RGBT)=0.6414

  ✓ New best T2 mAP@0.5 = 0.3950  (saved /projects/prjs2041/runs/stage2/antiuav4104/weights/best.pt)
  [  1/49][   0/3344]  mem=25.07G  box=0.0480  obj=0.0006  cls=0.0000  kd=0.0744
  [  1/49][  50/3344]  mem=25.07G  box=0.0474  obj=0.0006  cls=0.0000  kd=0.0808
  [  1/49][ 100/3344]  mem=25.07G  box=0.0478  obj=0.0006  cls=0.0000  kd=0.0796
  [  1/49][ 150/3344]  mem=25.07G  box=0.0477  obj=0.0006  cls=0.0000  kd=0.0799
  [  1/49][ 200/3344]  mem=25.07G  box=0.0485  obj=0.0006  cls=0.0000  kd=0.0803
  [  1/49][ 250/3344]  mem=25.07G  box=0.0483  obj=0.0006  cls=0.0000  kd=0.0804
  [  1/49][ 300/3344]  mem=25.07G  box=0.0484  obj=0.0006  cls=0.0000  kd=0.0803
  [  1/49][ 350/3344]  mem=25.07G  box=0.0482  obj=0.0006  cls=0.0000  kd=0.0816
  [  1/49][ 400/3344]  mem=25.07G  box=0.0478  obj=0.0006  cls=0.0000  kd=0.0815
  [  1/49][ 450/3344]  mem=25.07G  box=0.0480  obj=0.0006  cls=0.0000  kd=0.0813
  [  1/49][ 500/3344]  mem=25.07G  box=0.0479  obj=0.0006  cls=0.0000  kd=0.0816
  [  1/49][ 550/3344]  mem=25.07G  box=0.0480  obj=0.0006  cls=0.0000  kd=0.0819
  [  1/49][ 600/3344]  mem=25.07G  box=0.0481  obj=0.0006  cls=0.0000  kd=0.0820
  [  1/49][ 650/3344]  mem=25.07G  box=0.0478  obj=0.0006  cls=0.0000  kd=0.0818
  [  1/49][ 700/3344]  mem=25.07G  box=0.0475  obj=0.0006  cls=0.0000  kd=0.0813
  [  1/49][ 750/3344]  mem=25.07G  box=0.0474  obj=0.0006  cls=0.0000  kd=0.0817
  [  1/49][ 800/3344]  mem=25.07G  box=0.0473  obj=0.0006  cls=0.0000  kd=0.0821
  [  1/49][ 850/3344]  mem=25.07G  box=0.0473  obj=0.0006  cls=0.0000  kd=0.0824
  [  1/49][ 900/3344]  mem=25.07G  box=0.0473  obj=0.0006  cls=0.0000  kd=0.0827
  [  1/49][ 950/3344]  mem=25.07G  box=0.0472  obj=0.0006  cls=0.0000  kd=0.0828
  [  1/49][1000/3344]  mem=25.07G  box=0.0471  obj=0.0006  cls=0.0000  kd=0.0827
  [  1/49][1050/3344]  mem=25.07G  box=0.0472  obj=0.0006  cls=0.0000  kd=0.0826
  [  1/49][1100/3344]  mem=25.07G  box=0.0471  obj=0.0006  cls=0.0000  kd=0.0827
  [  1/49][1150/3344]  mem=25.07G  box=0.0471  obj=0.0006  cls=0.0000  kd=0.0828
  [  1/49][1200/3344]  mem=25.07G  box=0.0470  obj=0.0006  cls=0.0000  kd=0.0830
  [  1/49][1250/3344]  mem=25.07G  box=0.0470  obj=0.0006  cls=0.0000  kd=0.0831
  [  1/49][1300/3344]  mem=25.07G  box=0.0468  obj=0.0006  cls=0.0000  kd=0.0830
  [  1/49][1350/3344]  mem=25.07G  box=0.0468  obj=0.0006  cls=0.0000  kd=0.0829
  [  1/49][1400/3344]  mem=25.07G  box=0.0467  obj=0.0006  cls=0.0000  kd=0.0829
  [  1/49][1450/3344]  mem=25.07G  box=0.0467  obj=0.0006  cls=0.0000  kd=0.0832
  [  1/49][1500/3344]  mem=25.07G  box=0.0466  obj=0.0006  cls=0.0000  kd=0.0831
  [  1/49][1550/3344]  mem=25.07G  box=0.0465  obj=0.0006  cls=0.0000  kd=0.0831
  [  1/49][1600/3344]  mem=25.07G  box=0.0464  obj=0.0006  cls=0.0000  kd=0.0831
  [  1/49][1650/3344]  mem=25.07G  box=0.0464  obj=0.0006  cls=0.0000  kd=0.0830
  [  1/49][1700/3344]  mem=25.07G  box=0.0463  obj=0.0006  cls=0.0000  kd=0.0829
  [  1/49][1750/3344]  mem=25.07G  box=0.0463  obj=0.0006  cls=0.0000  kd=0.0828
  [  1/49][1800/3344]  mem=25.07G  box=0.0462  obj=0.0006  cls=0.0000  kd=0.0829
  [  1/49][1850/3344]  mem=25.07G  box=0.0462  obj=0.0006  cls=0.0000  kd=0.0829
  [  1/49][1900/3344]  mem=25.07G  box=0.0462  obj=0.0006  cls=0.0000  kd=0.0830
  [  1/49][1950/3344]  mem=25.07G  box=0.0462  obj=0.0006  cls=0.0000  kd=0.0830
  [  1/49][2000/3344]  mem=25.07G  box=0.0461  obj=0.0006  cls=0.0000  kd=0.0830
  [  1/49][2050/3344]  mem=25.07G  box=0.0460  obj=0.0006  cls=0.0000  kd=0.0829
  [  1/49][2100/3344]  mem=25.07G  box=0.0460  obj=0.0006  cls=0.0000  kd=0.0830
  [  1/49][2150/3344]  mem=25.07G  box=0.0459  obj=0.0006  cls=0.0000  kd=0.0829
  [  1/49][2200/3344]  mem=25.07G  box=0.0459  obj=0.0006  cls=0.0000  kd=0.0828
  [  1/49][2250/3344]  mem=25.07G  box=0.0458  obj=0.0006  cls=0.0000  kd=0.0826
  [  1/49][2300/3344]  mem=25.07G  box=0.0457  obj=0.0006  cls=0.0000  kd=0.0827
  [  1/49][2350/3344]  mem=25.07G  box=0.0457  obj=0.0006  cls=0.0000  kd=0.0826
  [  1/49][2400/3344]  mem=25.07G  box=0.0456  obj=0.0006  cls=0.0000  kd=0.0826
  [  1/49][2450/3344]  mem=25.07G  box=0.0456  obj=0.0006  cls=0.0000  kd=0.0826
  [  1/49][2500/3344]  mem=25.07G  box=0.0455  obj=0.0006  cls=0.0000  kd=0.0826
  [  1/49][2550/3344]  mem=25.07G  box=0.0455  obj=0.0006  cls=0.0000  kd=0.0826
  [  1/49][2600/3344]  mem=25.07G  box=0.0454  obj=0.0006  cls=0.0000  kd=0.0826
  [  1/49][2650/3344]  mem=25.07G  box=0.0454  obj=0.0006  cls=0.0000  kd=0.0826
  [  1/49][2700/3344]  mem=25.07G  box=0.0454  obj=0.0006  cls=0.0000  kd=0.0826
  [  1/49][2750/3344]  mem=25.07G  box=0.0453  obj=0.0006  cls=0.0000  kd=0.0826
  [  1/49][2800/3344]  mem=25.07G  box=0.0453  obj=0.0006  cls=0.0000  kd=0.0826
  [  1/49][2850/3344]  mem=25.07G  box=0.0452  obj=0.0006  cls=0.0000  kd=0.0826
  [  1/49][2900/3344]  mem=25.07G  box=0.0451  obj=0.0006  cls=0.0000  kd=0.0825
  [  1/49][2950/3344]  mem=25.07G  box=0.0451  obj=0.0006  cls=0.0000  kd=0.0825
  [  1/49][3000/3344]  mem=25.07G  box=0.0451  obj=0.0006  cls=0.0000  kd=0.0824
  [  1/49][3050/3344]  mem=25.07G  box=0.0450  obj=0.0006  cls=0.0000  kd=0.0825
  [  1/49][3100/3344]  mem=25.07G  box=0.0450  obj=0.0006  cls=0.0000  kd=0.0824
  [  1/49][3150/3344]  mem=25.07G  box=0.0449  obj=0.0006  cls=0.0000  kd=0.0824
  [  1/49][3200/3344]  mem=25.07G  box=0.0449  obj=0.0006  cls=0.0000  kd=0.0824
  [  1/49][3250/3344]  mem=25.07G  box=0.0449  obj=0.0006  cls=0.0000  kd=0.0824
  [  1/49][3300/3344]  mem=25.07G  box=0.0448  obj=0.0006  cls=0.0000  kd=0.0824

Epoch   1/49  [05:30:25]  loss=0.1280  mAP@0.5(T2/UAV410)=0.4004  mAP@0.5(T1/RGBT)=0.6364

  ✓ New best T2 mAP@0.5 = 0.4004  (saved /projects/prjs2041/runs/stage2/antiuav4104/weights/best.pt)
  [  2/49][   0/3344]  mem=32.20G  box=0.0450  obj=0.0004  cls=0.0000  kd=0.0599
  [  2/49][  50/3344]  mem=32.20G  box=0.0427  obj=0.0006  cls=0.0000  kd=0.0808
  [  2/49][ 100/3344]  mem=32.20G  box=0.0414  obj=0.0007  cls=0.0000  kd=0.0822
  [  2/49][ 150/3344]  mem=32.20G  box=0.0418  obj=0.0007  cls=0.0000  kd=0.0840
  [  2/49][ 200/3344]  mem=32.20G  box=0.0419  obj=0.0007  cls=0.0000  kd=0.0837
  [  2/49][ 250/3344]  mem=32.20G  box=0.0419  obj=0.0007  cls=0.0000  kd=0.0834
  [  2/49][ 300/3344]  mem=32.20G  box=0.0415  obj=0.0007  cls=0.0000  kd=0.0831
  [  2/49][ 350/3344]  mem=32.20G  box=0.0414  obj=0.0007  cls=0.0000  kd=0.0830
  [  2/49][ 400/3344]  mem=32.20G  box=0.0414  obj=0.0007  cls=0.0000  kd=0.0827
  [  2/49][ 450/3344]  mem=32.20G  box=0.0415  obj=0.0007  cls=0.0000  kd=0.0826
  [  2/49][ 500/3344]  mem=32.20G  box=0.0415  obj=0.0007  cls=0.0000  kd=0.0825
  [  2/49][ 550/3344]  mem=32.20G  box=0.0413  obj=0.0006  cls=0.0000  kd=0.0822
  [  2/49][ 600/3344]  mem=32.20G  box=0.0410  obj=0.0006  cls=0.0000  kd=0.0823
  [  2/49][ 650/3344]  mem=32.20G  box=0.0410  obj=0.0006  cls=0.0000  kd=0.0819
  [  2/49][ 700/3344]  mem=32.20G  box=0.0410  obj=0.0006  cls=0.0000  kd=0.0818
  [  2/49][ 750/3344]  mem=32.20G  box=0.0411  obj=0.0006  cls=0.0000  kd=0.0817
  [  2/49][ 800/3344]  mem=32.20G  box=0.0410  obj=0.0006  cls=0.0000  kd=0.0815
  [  2/49][ 850/3344]  mem=32.20G  box=0.0410  obj=0.0006  cls=0.0000  kd=0.0814
  [  2/49][ 900/3344]  mem=32.20G  box=0.0409  obj=0.0006  cls=0.0000  kd=0.0815
  [  2/49][ 950/3344]  mem=32.20G  box=0.0409  obj=0.0006  cls=0.0000  kd=0.0817
  [  2/49][1000/3344]  mem=32.20G  box=0.0409  obj=0.0006  cls=0.0000  kd=0.0816
  [  2/49][1050/3344]  mem=32.20G  box=0.0409  obj=0.0006  cls=0.0000  kd=0.0817
  [  2/49][1100/3344]  mem=32.20G  box=0.0409  obj=0.0006  cls=0.0000  kd=0.0817
  [  2/49][1150/3344]  mem=32.20G  box=0.0410  obj=0.0006  cls=0.0000  kd=0.0819
  [  2/49][1200/3344]  mem=32.20G  box=0.0409  obj=0.0006  cls=0.0000  kd=0.0820
  [  2/49][1250/3344]  mem=32.20G  box=0.0409  obj=0.0007  cls=0.0000  kd=0.0821
  [  2/49][1300/3344]  mem=32.20G  box=0.0410  obj=0.0006  cls=0.0000  kd=0.0821
  [  2/49][1350/3344]  mem=32.20G  box=0.0410  obj=0.0006  cls=0.0000  kd=0.0821
  [  2/49][1400/3344]  mem=32.20G  box=0.0410  obj=0.0007  cls=0.0000  kd=0.0821
  [  2/49][1450/3344]  mem=32.20G  box=0.0410  obj=0.0006  cls=0.0000  kd=0.0821
  [  2/49][1500/3344]  mem=32.20G  box=0.0410  obj=0.0007  cls=0.0000  kd=0.0822
  [  2/49][1550/3344]  mem=32.20G  box=0.0409  obj=0.0007  cls=0.0000  kd=0.0822
  [  2/49][1600/3344]  mem=32.20G  box=0.0409  obj=0.0007  cls=0.0000  kd=0.0822
  [  2/49][1650/3344]  mem=32.20G  box=0.0408  obj=0.0006  cls=0.0000  kd=0.0822
  [  2/49][1700/3344]  mem=32.20G  box=0.0408  obj=0.0006  cls=0.0000  kd=0.0821
  [  2/49][1750/3344]  mem=32.20G  box=0.0408  obj=0.0006  cls=0.0000  kd=0.0821
  [  2/49][1800/3344]  mem=32.20G  box=0.0408  obj=0.0006  cls=0.0000  kd=0.0820
  [  2/49][1850/3344]  mem=32.20G  box=0.0407  obj=0.0006  cls=0.0000  kd=0.0820
  [  2/49][1900/3344]  mem=32.20G  box=0.0407  obj=0.0007  cls=0.0000  kd=0.0821
  [  2/49][1950/3344]  mem=32.20G  box=0.0407  obj=0.0007  cls=0.0000  kd=0.0820
  [  2/49][2000/3344]  mem=32.20G  box=0.0407  obj=0.0007  cls=0.0000  kd=0.0821
  [  2/49][2050/3344]  mem=32.20G  box=0.0407  obj=0.0007  cls=0.0000  kd=0.0821
  [  2/49][2100/3344]  mem=32.20G  box=0.0407  obj=0.0007  cls=0.0000  kd=0.0822
  [  2/49][2150/3344]  mem=32.20G  box=0.0406  obj=0.0007  cls=0.0000  kd=0.0822
  [  2/49][2200/3344]  mem=32.20G  box=0.0406  obj=0.0006  cls=0.0000  kd=0.0821
  [  2/49][2250/3344]  mem=32.20G  box=0.0406  obj=0.0007  cls=0.0000  kd=0.0822
  [  2/49][2300/3344]  mem=32.20G  box=0.0406  obj=0.0007  cls=0.0000  kd=0.0822
  [  2/49][2350/3344]  mem=32.20G  box=0.0406  obj=0.0007  cls=0.0000  kd=0.0822
  [  2/49][2400/3344]  mem=32.20G  box=0.0406  obj=0.0007  cls=0.0000  kd=0.0822
  [  2/49][2450/3344]  mem=32.20G  box=0.0406  obj=0.0007  cls=0.0000  kd=0.0822
  [  2/49][2500/3344]  mem=32.20G  box=0.0406  obj=0.0006  cls=0.0000  kd=0.0822
  [  2/49][2550/3344]  mem=32.20G  box=0.0406  obj=0.0006  cls=0.0000  kd=0.0822
  [  2/49][2600/3344]  mem=32.20G  box=0.0406  obj=0.0007  cls=0.0000  kd=0.0822
  [  2/49][2650/3344]  mem=32.20G  box=0.0406  obj=0.0006  cls=0.0000  kd=0.0822
  [  2/49][2700/3344]  mem=32.20G  box=0.0406  obj=0.0006  cls=0.0000  kd=0.0822
  [  2/49][2750/3344]  mem=32.20G  box=0.0406  obj=0.0006  cls=0.0000  kd=0.0822
  [  2/49][2800/3344]  mem=32.20G  box=0.0406  obj=0.0006  cls=0.0000  kd=0.0821
  [  2/49][2850/3344]  mem=32.20G  box=0.0405  obj=0.0006  cls=0.0000  kd=0.0822
  [  2/49][2900/3344]  mem=32.20G  box=0.0405  obj=0.0006  cls=0.0000  kd=0.0822
  [  2/49][2950/3344]  mem=32.20G  box=0.0404  obj=0.0007  cls=0.0000  kd=0.0822
  [  2/49][3000/3344]  mem=32.20G  box=0.0404  obj=0.0006  cls=0.0000  kd=0.0822
  [  2/49][3050/3344]  mem=32.20G  box=0.0404  obj=0.0006  cls=0.0000  kd=0.0822
  [  2/49][3100/3344]  mem=32.20G  box=0.0404  obj=0.0006  cls=0.0000  kd=0.0822
  [  2/49][3150/3344]  mem=32.20G  box=0.0404  obj=0.0007  cls=0.0000  kd=0.0822
  [  2/49][3200/3344]  mem=32.20G  box=0.0404  obj=0.0007  cls=0.0000  kd=0.0822
  [  2/49][3250/3344]  mem=32.20G  box=0.0404  obj=0.0007  cls=0.0000  kd=0.0822
  [  2/49][3300/3344]  mem=32.20G  box=0.0404  obj=0.0007  cls=0.0000  kd=0.0822

Epoch   2/49  [06:19:36]  loss=0.1233  mAP@0.5(T2/UAV410)=0.4102  mAP@0.5(T1/RGBT)=0.6380

  ✓ New best T2 mAP@0.5 = 0.4102  (saved /projects/prjs2041/runs/stage2/antiuav4104/weights/best.pt)
  [  3/49][   0/3344]  mem=32.20G  box=0.0369  obj=0.0006  cls=0.0000  kd=0.0736
  [  3/49][  50/3344]  mem=32.20G  box=0.0391  obj=0.0007  cls=0.0000  kd=0.0834
  [  3/49][ 100/3344]  mem=32.20G  box=0.0365  obj=0.0006  cls=0.0000  kd=0.0828
  [  3/49][ 150/3344]  mem=32.20G  box=0.0377  obj=0.0007  cls=0.0000  kd=0.0844
  [  3/49][ 200/3344]  mem=32.20G  box=0.0384  obj=0.0007  cls=0.0000  kd=0.0841
  [  3/49][ 250/3344]  mem=32.20G  box=0.0380  obj=0.0007  cls=0.0000  kd=0.0833
  [  3/49][ 300/3344]  mem=32.20G  box=0.0383  obj=0.0007  cls=0.0000  kd=0.0832
  [  3/49][ 350/3344]  mem=32.20G  box=0.0385  obj=0.0007  cls=0.0000  kd=0.0834
  [  3/49][ 400/3344]  mem=32.20G  box=0.0385  obj=0.0007  cls=0.0000  kd=0.0834
  [  3/49][ 450/3344]  mem=32.20G  box=0.0387  obj=0.0007  cls=0.0000  kd=0.0836
  [  3/49][ 500/3344]  mem=32.20G  box=0.0389  obj=0.0007  cls=0.0000  kd=0.0837
  [  3/49][ 550/3344]  mem=32.20G  box=0.0392  obj=0.0007  cls=0.0000  kd=0.0840
  [  3/49][ 600/3344]  mem=32.20G  box=0.0391  obj=0.0007  cls=0.0000  kd=0.0841
  [  3/49][ 650/3344]  mem=32.20G  box=0.0391  obj=0.0007  cls=0.0000  kd=0.0844
  [  3/49][ 700/3344]  mem=32.20G  box=0.0389  obj=0.0007  cls=0.0000  kd=0.0843
  [  3/49][ 750/3344]  mem=32.20G  box=0.0388  obj=0.0007  cls=0.0000  kd=0.0844
  [  3/49][ 800/3344]  mem=32.20G  box=0.0389  obj=0.0007  cls=0.0000  kd=0.0846
  [  3/49][ 850/3344]  mem=32.20G  box=0.0387  obj=0.0007  cls=0.0000  kd=0.0844
  [  3/49][ 900/3344]  mem=32.20G  box=0.0389  obj=0.0007  cls=0.0000  kd=0.0846
  [  3/49][ 950/3344]  mem=32.20G  box=0.0389  obj=0.0007  cls=0.0000  kd=0.0846
  [  3/49][1000/3344]  mem=32.20G  box=0.0389  obj=0.0007  cls=0.0000  kd=0.0845
  [  3/49][1050/3344]  mem=32.20G  box=0.0388  obj=0.0007  cls=0.0000  kd=0.0845
  [  3/49][1100/3344]  mem=32.20G  box=0.0387  obj=0.0007  cls=0.0000  kd=0.0843
  [  3/49][1150/3344]  mem=32.20G  box=0.0387  obj=0.0007  cls=0.0000  kd=0.0843
  [  3/49][1200/3344]  mem=32.20G  box=0.0387  obj=0.0007  cls=0.0000  kd=0.0842
  [  3/49][1250/3344]  mem=32.20G  box=0.0387  obj=0.0007  cls=0.0000  kd=0.0841
  [  3/49][1300/3344]  mem=32.20G  box=0.0387  obj=0.0007  cls=0.0000  kd=0.0840
  [  3/49][1350/3344]  mem=32.20G  box=0.0387  obj=0.0007  cls=0.0000  kd=0.0841
  [  3/49][1400/3344]  mem=32.20G  box=0.0386  obj=0.0007  cls=0.0000  kd=0.0841
  [  3/49][1450/3344]  mem=32.20G  box=0.0386  obj=0.0007  cls=0.0000  kd=0.0839
  [  3/49][1500/3344]  mem=32.20G  box=0.0386  obj=0.0007  cls=0.0000  kd=0.0838
  [  3/49][1550/3344]  mem=32.20G  box=0.0387  obj=0.0007  cls=0.0000  kd=0.0837
  [  3/49][1600/3344]  mem=32.20G  box=0.0387  obj=0.0007  cls=0.0000  kd=0.0839
  [  3/49][1650/3344]  mem=32.20G  box=0.0385  obj=0.0007  cls=0.0000  kd=0.0837
  [  3/49][1700/3344]  mem=32.20G  box=0.0385  obj=0.0007  cls=0.0000  kd=0.0837
  [  3/49][1750/3344]  mem=32.20G  box=0.0385  obj=0.0007  cls=0.0000  kd=0.0836
  [  3/49][1800/3344]  mem=32.20G  box=0.0384  obj=0.0007  cls=0.0000  kd=0.0837
  [  3/49][1850/3344]  mem=32.20G  box=0.0384  obj=0.0007  cls=0.0000  kd=0.0837
  [  3/49][1900/3344]  mem=32.20G  box=0.0384  obj=0.0007  cls=0.0000  kd=0.0836
  [  3/49][1950/3344]  mem=32.20G  box=0.0384  obj=0.0007  cls=0.0000  kd=0.0837
  [  3/49][2000/3344]  mem=32.20G  box=0.0384  obj=0.0007  cls=0.0000  kd=0.0836
  [  3/49][2050/3344]  mem=32.20G  box=0.0384  obj=0.0007  cls=0.0000  kd=0.0835
  [  3/49][2100/3344]  mem=32.20G  box=0.0384  obj=0.0007  cls=0.0000  kd=0.0834
  [  3/49][2150/3344]  mem=32.20G  box=0.0384  obj=0.0007  cls=0.0000  kd=0.0835
  [  3/49][2200/3344]  mem=32.20G  box=0.0384  obj=0.0007  cls=0.0000  kd=0.0837
  [  3/49][2250/3344]  mem=32.20G  box=0.0384  obj=0.0007  cls=0.0000  kd=0.0837
  [  3/49][2300/3344]  mem=32.20G  box=0.0384  obj=0.0007  cls=0.0000  kd=0.0837
  [  3/49][2350/3344]  mem=32.20G  box=0.0384  obj=0.0007  cls=0.0000  kd=0.0837
  [  3/49][2400/3344]  mem=32.20G  box=0.0384  obj=0.0007  cls=0.0000  kd=0.0837
  [  3/49][2450/3344]  mem=32.20G  box=0.0383  obj=0.0007  cls=0.0000  kd=0.0837
  [  3/49][2500/3344]  mem=32.20G  box=0.0382  obj=0.0007  cls=0.0000  kd=0.0836
  [  3/49][2550/3344]  mem=32.20G  box=0.0382  obj=0.0007  cls=0.0000  kd=0.0836
  [  3/49][2600/3344]  mem=32.20G  box=0.0382  obj=0.0007  cls=0.0000  kd=0.0835
  [  3/49][2650/3344]  mem=32.20G  box=0.0381  obj=0.0007  cls=0.0000  kd=0.0836
  [  3/49][2700/3344]  mem=32.20G  box=0.0381  obj=0.0007  cls=0.0000  kd=0.0836
  [  3/49][2750/3344]  mem=32.20G  box=0.0381  obj=0.0007  cls=0.0000  kd=0.0835
  [  3/49][2800/3344]  mem=32.20G  box=0.0381  obj=0.0007  cls=0.0000  kd=0.0835
  [  3/49][2850/3344]  mem=32.20G  box=0.0380  obj=0.0007  cls=0.0000  kd=0.0834
  [  3/49][2900/3344]  mem=32.20G  box=0.0380  obj=0.0007  cls=0.0000  kd=0.0834
  [  3/49][2950/3344]  mem=32.20G  box=0.0380  obj=0.0007  cls=0.0000  kd=0.0834
  [  3/49][3000/3344]  mem=32.20G  box=0.0380  obj=0.0007  cls=0.0000  kd=0.0834
  [  3/49][3050/3344]  mem=32.20G  box=0.0380  obj=0.0007  cls=0.0000  kd=0.0833
  [  3/49][3100/3344]  mem=32.20G  box=0.0380  obj=0.0007  cls=0.0000  kd=0.0833
  [  3/49][3150/3344]  mem=32.20G  box=0.0380  obj=0.0007  cls=0.0000  kd=0.0833
  [  3/49][3200/3344]  mem=32.20G  box=0.0380  obj=0.0007  cls=0.0000  kd=0.0832
  [  3/49][3250/3344]  mem=32.20G  box=0.0379  obj=0.0007  cls=0.0000  kd=0.0832
  [  3/49][3300/3344]  mem=32.20G  box=0.0379  obj=0.0007  cls=0.0000  kd=0.0832

Epoch   3/49  [07:08:48]  loss=0.1213  mAP@0.5(T2/UAV410)=0.4102  mAP@0.5(T1/RGBT)=0.6372

  [  4/49][   0/3344]  mem=32.20G  box=0.0488  obj=0.0005  cls=0.0000  kd=0.0719
  [  4/49][  50/3344]  mem=32.20G  box=0.0380  obj=0.0007  cls=0.0000  kd=0.0845
  [  4/49][ 100/3344]  mem=32.20G  box=0.0380  obj=0.0007  cls=0.0000  kd=0.0826
  [  4/49][ 150/3344]  mem=32.20G  box=0.0369  obj=0.0006  cls=0.0000  kd=0.0817
  [  4/49][ 200/3344]  mem=32.20G  box=0.0369  obj=0.0007  cls=0.0000  kd=0.0824
  [  4/49][ 250/3344]  mem=32.20G  box=0.0367  obj=0.0007  cls=0.0000  kd=0.0828
  [  4/49][ 300/3344]  mem=32.20G  box=0.0370  obj=0.0007  cls=0.0000  kd=0.0827
  [  4/49][ 350/3344]  mem=32.20G  box=0.0367  obj=0.0007  cls=0.0000  kd=0.0829
  [  4/49][ 400/3344]  mem=32.20G  box=0.0367  obj=0.0007  cls=0.0000  kd=0.0826
  [  4/49][ 450/3344]  mem=32.20G  box=0.0365  obj=0.0007  cls=0.0000  kd=0.0830
  [  4/49][ 500/3344]  mem=32.20G  box=0.0366  obj=0.0007  cls=0.0000  kd=0.0824
  [  4/49][ 550/3344]  mem=32.20G  box=0.0367  obj=0.0007  cls=0.0000  kd=0.0827
  [  4/49][ 600/3344]  mem=32.20G  box=0.0368  obj=0.0007  cls=0.0000  kd=0.0826
  [  4/49][ 650/3344]  mem=32.20G  box=0.0367  obj=0.0007  cls=0.0000  kd=0.0827
  [  4/49][ 700/3344]  mem=32.20G  box=0.0366  obj=0.0007  cls=0.0000  kd=0.0828
  [  4/49][ 750/3344]  mem=32.20G  box=0.0367  obj=0.0007  cls=0.0000  kd=0.0829
  [  4/49][ 800/3344]  mem=32.20G  box=0.0367  obj=0.0007  cls=0.0000  kd=0.0834
  [  4/49][ 850/3344]  mem=32.20G  box=0.0369  obj=0.0007  cls=0.0000  kd=0.0836
  [  4/49][ 900/3344]  mem=32.20G  box=0.0366  obj=0.0007  cls=0.0000  kd=0.0835
  [  4/49][ 950/3344]  mem=32.20G  box=0.0366  obj=0.0007  cls=0.0000  kd=0.0834
  [  4/49][1000/3344]  mem=32.20G  box=0.0367  obj=0.0007  cls=0.0000  kd=0.0834
  [  4/49][1050/3344]  mem=32.20G  box=0.0367  obj=0.0007  cls=0.0000  kd=0.0833
  [  4/49][1100/3344]  mem=32.20G  box=0.0367  obj=0.0007  cls=0.0000  kd=0.0832
  [  4/49][1150/3344]  mem=32.20G  box=0.0367  obj=0.0007  cls=0.0000  kd=0.0832
  [  4/49][1200/3344]  mem=32.20G  box=0.0367  obj=0.0007  cls=0.0000  kd=0.0833
  [  4/49][1250/3344]  mem=32.20G  box=0.0366  obj=0.0007  cls=0.0000  kd=0.0834
  [  4/49][1300/3344]  mem=32.20G  box=0.0367  obj=0.0007  cls=0.0000  kd=0.0832
  [  4/49][1350/3344]  mem=32.20G  box=0.0367  obj=0.0007  cls=0.0000  kd=0.0831
  [  4/49][1400/3344]  mem=32.20G  box=0.0367  obj=0.0007  cls=0.0000  kd=0.0833
  [  4/49][1450/3344]  mem=32.20G  box=0.0366  obj=0.0007  cls=0.0000  kd=0.0833
  [  4/49][1500/3344]  mem=32.20G  box=0.0366  obj=0.0007  cls=0.0000  kd=0.0833
  [  4/49][1550/3344]  mem=32.20G  box=0.0365  obj=0.0007  cls=0.0000  kd=0.0833
  [  4/49][1600/3344]  mem=32.20G  box=0.0365  obj=0.0007  cls=0.0000  kd=0.0833
  [  4/49][1650/3344]  mem=32.20G  box=0.0365  obj=0.0007  cls=0.0000  kd=0.0833
  [  4/49][1700/3344]  mem=32.20G  box=0.0365  obj=0.0007  cls=0.0000  kd=0.0834
  [  4/49][1750/3344]  mem=32.20G  box=0.0366  obj=0.0007  cls=0.0000  kd=0.0834
  [  4/49][1800/3344]  mem=32.20G  box=0.0366  obj=0.0007  cls=0.0000  kd=0.0834
  [  4/49][1850/3344]  mem=32.20G  box=0.0365  obj=0.0007  cls=0.0000  kd=0.0834
  [  4/49][1900/3344]  mem=32.20G  box=0.0365  obj=0.0007  cls=0.0000  kd=0.0834
  [  4/49][1950/3344]  mem=32.20G  box=0.0365  obj=0.0007  cls=0.0000  kd=0.0833
  [  4/49][2000/3344]  mem=32.20G  box=0.0365  obj=0.0007  cls=0.0000  kd=0.0832
  [  4/49][2050/3344]  mem=32.20G  box=0.0365  obj=0.0007  cls=0.0000  kd=0.0832
  [  4/49][2100/3344]  mem=32.20G  box=0.0364  obj=0.0007  cls=0.0000  kd=0.0832
  [  4/49][2150/3344]  mem=32.20G  box=0.0364  obj=0.0007  cls=0.0000  kd=0.0831
  [  4/49][2200/3344]  mem=32.20G  box=0.0363  obj=0.0007  cls=0.0000  kd=0.0831
  [  4/49][2250/3344]  mem=32.20G  box=0.0363  obj=0.0007  cls=0.0000  kd=0.0829
  [  4/49][2300/3344]  mem=32.20G  box=0.0363  obj=0.0007  cls=0.0000  kd=0.0830
  [  4/49][2350/3344]  mem=32.20G  box=0.0363  obj=0.0007  cls=0.0000  kd=0.0829
  [  4/49][2400/3344]  mem=32.20G  box=0.0363  obj=0.0007  cls=0.0000  kd=0.0829
  [  4/49][2450/3344]  mem=32.20G  box=0.0363  obj=0.0007  cls=0.0000  kd=0.0828
  [  4/49][2500/3344]  mem=32.20G  box=0.0363  obj=0.0007  cls=0.0000  kd=0.0828
  [  4/49][2550/3344]  mem=32.20G  box=0.0363  obj=0.0007  cls=0.0000  kd=0.0828
  [  4/49][2600/3344]  mem=32.20G  box=0.0363  obj=0.0007  cls=0.0000  kd=0.0827
  [  4/49][2650/3344]  mem=32.20G  box=0.0363  obj=0.0007  cls=0.0000  kd=0.0827
  [  4/49][2700/3344]  mem=32.20G  box=0.0363  obj=0.0007  cls=0.0000  kd=0.0827
  [  4/49][2750/3344]  mem=32.20G  box=0.0362  obj=0.0007  cls=0.0000  kd=0.0827
  [  4/49][2800/3344]  mem=32.20G  box=0.0363  obj=0.0007  cls=0.0000  kd=0.0827
  [  4/49][2850/3344]  mem=32.20G  box=0.0363  obj=0.0007  cls=0.0000  kd=0.0827
  [  4/49][2900/3344]  mem=32.20G  box=0.0363  obj=0.0007  cls=0.0000  kd=0.0828
  [  4/49][2950/3344]  mem=32.20G  box=0.0363  obj=0.0007  cls=0.0000  kd=0.0828
  [  4/49][3000/3344]  mem=32.20G  box=0.0363  obj=0.0007  cls=0.0000  kd=0.0828
  [  4/49][3050/3344]  mem=32.20G  box=0.0363  obj=0.0007  cls=0.0000  kd=0.0828
  [  4/49][3100/3344]  mem=32.20G  box=0.0362  obj=0.0007  cls=0.0000  kd=0.0829
  [  4/49][3150/3344]  mem=32.20G  box=0.0362  obj=0.0007  cls=0.0000  kd=0.0829
  [  4/49][3200/3344]  mem=32.20G  box=0.0362  obj=0.0007  cls=0.0000  kd=0.0828
  [  4/49][3250/3344]  mem=32.20G  box=0.0362  obj=0.0007  cls=0.0000  kd=0.0828
  [  4/49][3300/3344]  mem=32.20G  box=0.0362  obj=0.0007  cls=0.0000  kd=0.0828

Epoch   4/49  [07:58:03]  loss=0.1195  mAP@0.5(T2/UAV410)=0.4102  mAP@0.5(T1/RGBT)=0.6433

  ✓ New best T2 mAP@0.5 = 0.4102  (saved /projects/prjs2041/runs/stage2/antiuav4104/weights/best.pt)
  [  5/49][   0/3344]  mem=32.20G  box=0.0325  obj=0.0010  cls=0.0000  kd=0.1038
  [  5/49][  50/3344]  mem=32.20G  box=0.0336  obj=0.0006  cls=0.0000  kd=0.0818
  [  5/49][ 100/3344]  mem=32.20G  box=0.0339  obj=0.0006  cls=0.0000  kd=0.0817
  [  5/49][ 150/3344]  mem=32.20G  box=0.0350  obj=0.0007  cls=0.0000  kd=0.0821
  [  5/49][ 200/3344]  mem=32.20G  box=0.0353  obj=0.0007  cls=0.0000  kd=0.0823
  [  5/49][ 250/3344]  mem=32.20G  box=0.0350  obj=0.0007  cls=0.0000  kd=0.0823
  [  5/49][ 300/3344]  mem=32.20G  box=0.0351  obj=0.0007  cls=0.0000  kd=0.0823
  [  5/49][ 350/3344]  mem=32.20G  box=0.0351  obj=0.0007  cls=0.0000  kd=0.0821
  [  5/49][ 400/3344]  mem=32.20G  box=0.0351  obj=0.0007  cls=0.0000  kd=0.0819
  [  5/49][ 450/3344]  mem=32.20G  box=0.0350  obj=0.0007  cls=0.0000  kd=0.0821
  [  5/49][ 500/3344]  mem=32.20G  box=0.0351  obj=0.0007  cls=0.0000  kd=0.0817
  [  5/49][ 550/3344]  mem=32.20G  box=0.0350  obj=0.0007  cls=0.0000  kd=0.0817
  [  5/49][ 600/3344]  mem=32.20G  box=0.0353  obj=0.0007  cls=0.0000  kd=0.0818
  [  5/49][ 650/3344]  mem=32.20G  box=0.0354  obj=0.0007  cls=0.0000  kd=0.0817
  [  5/49][ 700/3344]  mem=32.20G  box=0.0353  obj=0.0007  cls=0.0000  kd=0.0817
  [  5/49][ 750/3344]  mem=32.20G  box=0.0352  obj=0.0007  cls=0.0000  kd=0.0816
  [  5/49][ 800/3344]  mem=32.20G  box=0.0353  obj=0.0007  cls=0.0000  kd=0.0817
  [  5/49][ 850/3344]  mem=32.20G  box=0.0353  obj=0.0007  cls=0.0000  kd=0.0819
  [  5/49][ 900/3344]  mem=32.20G  box=0.0350  obj=0.0007  cls=0.0000  kd=0.0820
  [  5/49][ 950/3344]  mem=32.20G  box=0.0350  obj=0.0007  cls=0.0000  kd=0.0820
  [  5/49][1000/3344]  mem=32.20G  box=0.0351  obj=0.0007  cls=0.0000  kd=0.0820
  [  5/49][1050/3344]  mem=32.20G  box=0.0351  obj=0.0007  cls=0.0000  kd=0.0819
  [  5/49][1100/3344]  mem=32.20G  box=0.0351  obj=0.0007  cls=0.0000  kd=0.0818
  [  5/49][1150/3344]  mem=32.20G  box=0.0351  obj=0.0007  cls=0.0000  kd=0.0818
  [  5/49][1200/3344]  mem=32.20G  box=0.0351  obj=0.0007  cls=0.0000  kd=0.0819
  [  5/49][1250/3344]  mem=32.20G  box=0.0351  obj=0.0007  cls=0.0000  kd=0.0820
  [  5/49][1300/3344]  mem=32.20G  box=0.0351  obj=0.0007  cls=0.0000  kd=0.0819
  [  5/49][1350/3344]  mem=32.20G  box=0.0351  obj=0.0007  cls=0.0000  kd=0.0819
  [  5/49][1400/3344]  mem=32.20G  box=0.0351  obj=0.0007  cls=0.0000  kd=0.0819
  [  5/49][1450/3344]  mem=32.20G  box=0.0351  obj=0.0007  cls=0.0000  kd=0.0819
  [  5/49][1500/3344]  mem=32.20G  box=0.0351  obj=0.0007  cls=0.0000  kd=0.0819
  [  5/49][1550/3344]  mem=32.20G  box=0.0351  obj=0.0007  cls=0.0000  kd=0.0819
  [  5/49][1600/3344]  mem=32.20G  box=0.0351  obj=0.0007  cls=0.0000  kd=0.0820
  [  5/49][1650/3344]  mem=32.20G  box=0.0351  obj=0.0007  cls=0.0000  kd=0.0819
  [  5/49][1700/3344]  mem=32.20G  box=0.0351  obj=0.0007  cls=0.0000  kd=0.0820
  [  5/49][1750/3344]  mem=32.20G  box=0.0351  obj=0.0007  cls=0.0000  kd=0.0819
  [  5/49][1800/3344]  mem=32.20G  box=0.0351  obj=0.0007  cls=0.0000  kd=0.0819
  [  5/49][1850/3344]  mem=32.20G  box=0.0351  obj=0.0007  cls=0.0000  kd=0.0818
  [  5/49][1900/3344]  mem=32.20G  box=0.0351  obj=0.0007  cls=0.0000  kd=0.0820
  [  5/49][1950/3344]  mem=32.20G  box=0.0351  obj=0.0007  cls=0.0000  kd=0.0819
  [  5/49][2000/3344]  mem=32.20G  box=0.0352  obj=0.0007  cls=0.0000  kd=0.0820
  [  5/49][2050/3344]  mem=32.20G  box=0.0352  obj=0.0007  cls=0.0000  kd=0.0821
  [  5/49][2100/3344]  mem=32.20G  box=0.0351  obj=0.0007  cls=0.0000  kd=0.0820
  [  5/49][2150/3344]  mem=32.20G  box=0.0351  obj=0.0007  cls=0.0000  kd=0.0820
  [  5/49][2200/3344]  mem=32.20G  box=0.0351  obj=0.0007  cls=0.0000  kd=0.0820
  [  5/49][2250/3344]  mem=32.20G  box=0.0351  obj=0.0007  cls=0.0000  kd=0.0820
  [  5/49][2300/3344]  mem=32.20G  box=0.0351  obj=0.0007  cls=0.0000  kd=0.0820
  [  5/49][2350/3344]  mem=32.20G  box=0.0351  obj=0.0007  cls=0.0000  kd=0.0819
  [  5/49][2400/3344]  mem=32.20G  box=0.0351  obj=0.0007  cls=0.0000  kd=0.0819
  [  5/49][2450/3344]  mem=32.20G  box=0.0350  obj=0.0007  cls=0.0000  kd=0.0818
  [  5/49][2500/3344]  mem=32.20G  box=0.0350  obj=0.0007  cls=0.0000  kd=0.0819
  [  5/49][2550/3344]  mem=32.20G  box=0.0350  obj=0.0007  cls=0.0000  kd=0.0819
  [  5/49][2600/3344]  mem=32.20G  box=0.0350  obj=0.0007  cls=0.0000  kd=0.0819
  [  5/49][2650/3344]  mem=32.20G  box=0.0350  obj=0.0007  cls=0.0000  kd=0.0819
  [  5/49][2700/3344]  mem=32.20G  box=0.0350  obj=0.0007  cls=0.0000  kd=0.0820
  [  5/49][2750/3344]  mem=32.20G  box=0.0350  obj=0.0007  cls=0.0000  kd=0.0820
  [  5/49][2800/3344]  mem=32.20G  box=0.0351  obj=0.0007  cls=0.0000  kd=0.0821
  [  5/49][2850/3344]  mem=32.20G  box=0.0351  obj=0.0007  cls=0.0000  kd=0.0821
  [  5/49][2900/3344]  mem=32.20G  box=0.0351  obj=0.0007  cls=0.0000  kd=0.0821
  [  5/49][2950/3344]  mem=32.20G  box=0.0350  obj=0.0007  cls=0.0000  kd=0.0821
  [  5/49][3000/3344]  mem=32.20G  box=0.0351  obj=0.0007  cls=0.0000  kd=0.0821
  [  5/49][3050/3344]  mem=32.20G  box=0.0351  obj=0.0007  cls=0.0000  kd=0.0820
  [  5/49][3100/3344]  mem=32.20G  box=0.0351  obj=0.0007  cls=0.0000  kd=0.0820
  [  5/49][3150/3344]  mem=32.20G  box=0.0351  obj=0.0007  cls=0.0000  kd=0.0820
  [  5/49][3200/3344]  mem=32.20G  box=0.0351  obj=0.0007  cls=0.0000  kd=0.0820
  [  5/49][3250/3344]  mem=32.20G  box=0.0351  obj=0.0006  cls=0.0000  kd=0.0820
  [  5/49][3300/3344]  mem=32.20G  box=0.0351  obj=0.0007  cls=0.0000  kd=0.0821

Epoch   5/49  [08:47:32]  loss=0.1182  mAP@0.5(T2/UAV410)=0.4160  mAP@0.5(T1/RGBT)=0.6409

  ✓ New best T2 mAP@0.5 = 0.4160  (saved /projects/prjs2041/runs/stage2/antiuav4104/weights/best.pt)
  [  6/49][   0/3344]  mem=32.20G  box=0.0214  obj=0.0006  cls=0.0000  kd=0.0756
  [  6/49][  50/3344]  mem=32.20G  box=0.0339  obj=0.0007  cls=0.0000  kd=0.0845
  [  6/49][ 100/3344]  mem=32.20G  box=0.0341  obj=0.0007  cls=0.0000  kd=0.0829
  [  6/49][ 150/3344]  mem=32.20G  box=0.0340  obj=0.0007  cls=0.0000  kd=0.0824
  [  6/49][ 200/3344]  mem=32.20G  box=0.0343  obj=0.0007  cls=0.0000  kd=0.0829
  [  6/49][ 250/3344]  mem=32.20G  box=0.0343  obj=0.0007  cls=0.0000  kd=0.0833
  [  6/49][ 300/3344]  mem=32.20G  box=0.0344  obj=0.0007  cls=0.0000  kd=0.0831
  [  6/49][ 350/3344]  mem=32.20G  box=0.0343  obj=0.0007  cls=0.0000  kd=0.0831
  [  6/49][ 400/3344]  mem=32.20G  box=0.0342  obj=0.0007  cls=0.0000  kd=0.0834
  [  6/49][ 450/3344]  mem=32.20G  box=0.0341  obj=0.0007  cls=0.0000  kd=0.0836
  [  6/49][ 500/3344]  mem=32.20G  box=0.0339  obj=0.0007  cls=0.0000  kd=0.0836
  [  6/49][ 550/3344]  mem=32.20G  box=0.0338  obj=0.0007  cls=0.0000  kd=0.0833
  [  6/49][ 600/3344]  mem=32.20G  box=0.0338  obj=0.0007  cls=0.0000  kd=0.0833
  [  6/49][ 650/3344]  mem=32.20G  box=0.0336  obj=0.0007  cls=0.0000  kd=0.0830
  [  6/49][ 700/3344]  mem=32.20G  box=0.0337  obj=0.0007  cls=0.0000  kd=0.0828
  [  6/49][ 750/3344]  mem=32.20G  box=0.0337  obj=0.0007  cls=0.0000  kd=0.0829
  [  6/49][ 800/3344]  mem=32.20G  box=0.0336  obj=0.0007  cls=0.0000  kd=0.0828
  [  6/49][ 850/3344]  mem=32.20G  box=0.0335  obj=0.0007  cls=0.0000  kd=0.0826
  [  6/49][ 900/3344]  mem=32.20G  box=0.0337  obj=0.0007  cls=0.0000  kd=0.0828
  [  6/49][ 950/3344]  mem=32.20G  box=0.0338  obj=0.0007  cls=0.0000  kd=0.0829
  [  6/49][1000/3344]  mem=32.20G  box=0.0338  obj=0.0007  cls=0.0000  kd=0.0828
  [  6/49][1050/3344]  mem=32.20G  box=0.0338  obj=0.0007  cls=0.0000  kd=0.0828
  [  6/49][1100/3344]  mem=32.20G  box=0.0338  obj=0.0007  cls=0.0000  kd=0.0827
  [  6/49][1150/3344]  mem=32.20G  box=0.0337  obj=0.0007  cls=0.0000  kd=0.0827
  [  6/49][1200/3344]  mem=32.20G  box=0.0336  obj=0.0007  cls=0.0000  kd=0.0828
  [  6/49][1250/3344]  mem=32.20G  box=0.0335  obj=0.0007  cls=0.0000  kd=0.0827
  [  6/49][1300/3344]  mem=32.20G  box=0.0336  obj=0.0007  cls=0.0000  kd=0.0827
  [  6/49][1350/3344]  mem=32.20G  box=0.0336  obj=0.0007  cls=0.0000  kd=0.0827
  [  6/49][1400/3344]  mem=32.20G  box=0.0337  obj=0.0007  cls=0.0000  kd=0.0827
  [  6/49][1450/3344]  mem=32.20G  box=0.0337  obj=0.0007  cls=0.0000  kd=0.0827
  [  6/49][1500/3344]  mem=32.20G  box=0.0337  obj=0.0007  cls=0.0000  kd=0.0829
  [  6/49][1550/3344]  mem=32.20G  box=0.0337  obj=0.0007  cls=0.0000  kd=0.0827
  [  6/49][1600/3344]  mem=32.20G  box=0.0336  obj=0.0007  cls=0.0000  kd=0.0827
  [  6/49][1650/3344]  mem=32.20G  box=0.0336  obj=0.0007  cls=0.0000  kd=0.0827
  [  6/49][1700/3344]  mem=32.20G  box=0.0337  obj=0.0007  cls=0.0000  kd=0.0828
  [  6/49][1750/3344]  mem=32.20G  box=0.0337  obj=0.0007  cls=0.0000  kd=0.0829
  [  6/49][1800/3344]  mem=32.20G  box=0.0337  obj=0.0007  cls=0.0000  kd=0.0828
  [  6/49][1850/3344]  mem=32.20G  box=0.0337  obj=0.0007  cls=0.0000  kd=0.0827
  [  6/49][1900/3344]  mem=32.20G  box=0.0337  obj=0.0007  cls=0.0000  kd=0.0827
  [  6/49][1950/3344]  mem=32.20G  box=0.0337  obj=0.0007  cls=0.0000  kd=0.0827
  [  6/49][2000/3344]  mem=32.20G  box=0.0337  obj=0.0007  cls=0.0000  kd=0.0827
  [  6/49][2050/3344]  mem=32.20G  box=0.0338  obj=0.0007  cls=0.0000  kd=0.0827
  [  6/49][2100/3344]  mem=32.20G  box=0.0338  obj=0.0007  cls=0.0000  kd=0.0828
  [  6/49][2150/3344]  mem=32.20G  box=0.0338  obj=0.0007  cls=0.0000  kd=0.0827
  [  6/49][2200/3344]  mem=32.20G  box=0.0338  obj=0.0007  cls=0.0000  kd=0.0826
  [  6/49][2250/3344]  mem=32.20G  box=0.0338  obj=0.0007  cls=0.0000  kd=0.0826
  [  6/49][2300/3344]  mem=32.20G  box=0.0338  obj=0.0007  cls=0.0000  kd=0.0827
  [  6/49][2350/3344]  mem=32.20G  box=0.0338  obj=0.0007  cls=0.0000  kd=0.0826
  [  6/49][2400/3344]  mem=32.20G  box=0.0338  obj=0.0007  cls=0.0000  kd=0.0826
  [  6/49][2450/3344]  mem=32.20G  box=0.0338  obj=0.0007  cls=0.0000  kd=0.0826
  [  6/49][2500/3344]  mem=32.20G  box=0.0338  obj=0.0007  cls=0.0000  kd=0.0827
  [  6/49][2550/3344]  mem=32.20G  box=0.0338  obj=0.0007  cls=0.0000  kd=0.0826
  [  6/49][2600/3344]  mem=32.20G  box=0.0338  obj=0.0007  cls=0.0000  kd=0.0826
  [  6/49][2650/3344]  mem=32.20G  box=0.0337  obj=0.0007  cls=0.0000  kd=0.0826
  [  6/49][2700/3344]  mem=32.20G  box=0.0337  obj=0.0007  cls=0.0000  kd=0.0826
  [  6/49][2750/3344]  mem=32.20G  box=0.0337  obj=0.0007  cls=0.0000  kd=0.0826
  [  6/49][2800/3344]  mem=32.20G  box=0.0337  obj=0.0007  cls=0.0000  kd=0.0826
  [  6/49][2850/3344]  mem=32.20G  box=0.0338  obj=0.0007  cls=0.0000  kd=0.0826
  [  6/49][2900/3344]  mem=32.20G  box=0.0338  obj=0.0007  cls=0.0000  kd=0.0826
  [  6/49][2950/3344]  mem=32.20G  box=0.0338  obj=0.0007  cls=0.0000  kd=0.0826
  [  6/49][3000/3344]  mem=32.20G  box=0.0338  obj=0.0007  cls=0.0000  kd=0.0825
  [  6/49][3050/3344]  mem=32.20G  box=0.0338  obj=0.0007  cls=0.0000  kd=0.0824
  [  6/49][3100/3344]  mem=32.20G  box=0.0338  obj=0.0007  cls=0.0000  kd=0.0824
  [  6/49][3150/3344]  mem=32.20G  box=0.0338  obj=0.0007  cls=0.0000  kd=0.0824
  [  6/49][3200/3344]  mem=32.20G  box=0.0338  obj=0.0007  cls=0.0000  kd=0.0824
  [  6/49][3250/3344]  mem=32.20G  box=0.0338  obj=0.0007  cls=0.0000  kd=0.0824
  [  6/49][3300/3344]  mem=32.20G  box=0.0338  obj=0.0007  cls=0.0000  kd=0.0824

Epoch   6/49  [09:36:45]  loss=0.1169  mAP@0.5(T2/UAV410)=0.4074  mAP@0.5(T1/RGBT)=0.6332

  [  7/49][   0/3344]  mem=32.20G  box=0.0240  obj=0.0003  cls=0.0000  kd=0.0629
  [  7/49][  50/3344]  mem=32.20G  box=0.0317  obj=0.0007  cls=0.0000  kd=0.0817
  [  7/49][ 100/3344]  mem=32.20G  box=0.0325  obj=0.0007  cls=0.0000  kd=0.0811
  [  7/49][ 150/3344]  mem=32.20G  box=0.0331  obj=0.0007  cls=0.0000  kd=0.0827
  [  7/49][ 200/3344]  mem=32.20G  box=0.0330  obj=0.0007  cls=0.0000  kd=0.0821
  [  7/49][ 250/3344]  mem=32.20G  box=0.0333  obj=0.0007  cls=0.0000  kd=0.0825
  [  7/49][ 300/3344]  mem=32.20G  box=0.0333  obj=0.0007  cls=0.0000  kd=0.0820
  [  7/49][ 350/3344]  mem=32.20G  box=0.0337  obj=0.0007  cls=0.0000  kd=0.0820
  [  7/49][ 400/3344]  mem=32.20G  box=0.0338  obj=0.0007  cls=0.0000  kd=0.0817
  [  7/49][ 450/3344]  mem=32.20G  box=0.0337  obj=0.0006  cls=0.0000  kd=0.0813
  [  7/49][ 500/3344]  mem=32.20G  box=0.0337  obj=0.0006  cls=0.0000  kd=0.0815
  [  7/49][ 550/3344]  mem=32.20G  box=0.0337  obj=0.0006  cls=0.0000  kd=0.0816
  [  7/49][ 600/3344]  mem=32.20G  box=0.0337  obj=0.0006  cls=0.0000  kd=0.0817
  [  7/49][ 650/3344]  mem=32.20G  box=0.0336  obj=0.0006  cls=0.0000  kd=0.0816
  [  7/49][ 700/3344]  mem=32.20G  box=0.0334  obj=0.0006  cls=0.0000  kd=0.0816
  [  7/49][ 750/3344]  mem=32.20G  box=0.0335  obj=0.0007  cls=0.0000  kd=0.0817
  [  7/49][ 800/3344]  mem=32.20G  box=0.0335  obj=0.0007  cls=0.0000  kd=0.0817
  [  7/49][ 850/3344]  mem=32.20G  box=0.0334  obj=0.0007  cls=0.0000  kd=0.0817
  [  7/49][ 900/3344]  mem=32.20G  box=0.0333  obj=0.0007  cls=0.0000  kd=0.0817
  [  7/49][ 950/3344]  mem=32.20G  box=0.0331  obj=0.0007  cls=0.0000  kd=0.0817
  [  7/49][1000/3344]  mem=32.20G  box=0.0332  obj=0.0007  cls=0.0000  kd=0.0819
  [  7/49][1050/3344]  mem=32.20G  box=0.0332  obj=0.0007  cls=0.0000  kd=0.0819
  [  7/49][1100/3344]  mem=32.20G  box=0.0332  obj=0.0007  cls=0.0000  kd=0.0819
  [  7/49][1150/3344]  mem=32.20G  box=0.0330  obj=0.0007  cls=0.0000  kd=0.0819
  [  7/49][1200/3344]  mem=32.20G  box=0.0330  obj=0.0007  cls=0.0000  kd=0.0819
  [  7/49][1250/3344]  mem=32.20G  box=0.0331  obj=0.0007  cls=0.0000  kd=0.0821
  [  7/49][1300/3344]  mem=32.20G  box=0.0330  obj=0.0007  cls=0.0000  kd=0.0820
  [  7/49][1350/3344]  mem=32.20G  box=0.0330  obj=0.0007  cls=0.0000  kd=0.0820
  [  7/49][1400/3344]  mem=32.20G  box=0.0330  obj=0.0007  cls=0.0000  kd=0.0820
  [  7/49][1450/3344]  mem=32.20G  box=0.0331  obj=0.0007  cls=0.0000  kd=0.0821
  [  7/49][1500/3344]  mem=32.20G  box=0.0330  obj=0.0007  cls=0.0000  kd=0.0823
  [  7/49][1550/3344]  mem=32.20G  box=0.0330  obj=0.0007  cls=0.0000  kd=0.0824
  [  7/49][1600/3344]  mem=32.20G  box=0.0330  obj=0.0007  cls=0.0000  kd=0.0823
  [  7/49][1650/3344]  mem=32.20G  box=0.0331  obj=0.0007  cls=0.0000  kd=0.0824
  [  7/49][1700/3344]  mem=32.20G  box=0.0331  obj=0.0007  cls=0.0000  kd=0.0825
  [  7/49][1750/3344]  mem=32.20G  box=0.0331  obj=0.0007  cls=0.0000  kd=0.0824
  [  7/49][1800/3344]  mem=32.20G  box=0.0331  obj=0.0007  cls=0.0000  kd=0.0824
  [  7/49][1850/3344]  mem=32.20G  box=0.0331  obj=0.0007  cls=0.0000  kd=0.0825
  [  7/49][1900/3344]  mem=32.20G  box=0.0332  obj=0.0007  cls=0.0000  kd=0.0825
  [  7/49][1950/3344]  mem=32.20G  box=0.0332  obj=0.0007  cls=0.0000  kd=0.0824
  [  7/49][2000/3344]  mem=32.20G  box=0.0332  obj=0.0007  cls=0.0000  kd=0.0824
  [  7/49][2050/3344]  mem=32.20G  box=0.0332  obj=0.0007  cls=0.0000  kd=0.0824
  [  7/49][2100/3344]  mem=32.20G  box=0.0332  obj=0.0007  cls=0.0000  kd=0.0824
  [  7/49][2150/3344]  mem=32.20G  box=0.0332  obj=0.0007  cls=0.0000  kd=0.0823
  [  7/49][2200/3344]  mem=32.20G  box=0.0333  obj=0.0007  cls=0.0000  kd=0.0823
  [  7/49][2250/3344]  mem=32.20G  box=0.0332  obj=0.0007  cls=0.0000  kd=0.0823
  [  7/49][2300/3344]  mem=32.20G  box=0.0332  obj=0.0007  cls=0.0000  kd=0.0824
  [  7/49][2350/3344]  mem=32.20G  box=0.0332  obj=0.0007  cls=0.0000  kd=0.0823
  [  7/49][2400/3344]  mem=32.20G  box=0.0331  obj=0.0007  cls=0.0000  kd=0.0823
  [  7/49][2450/3344]  mem=32.20G  box=0.0332  obj=0.0007  cls=0.0000  kd=0.0823
  [  7/49][2500/3344]  mem=32.20G  box=0.0332  obj=0.0007  cls=0.0000  kd=0.0823
  [  7/49][2550/3344]  mem=32.20G  box=0.0332  obj=0.0007  cls=0.0000  kd=0.0824
  [  7/49][2600/3344]  mem=32.20G  box=0.0332  obj=0.0007  cls=0.0000  kd=0.0824
  [  7/49][2650/3344]  mem=32.20G  box=0.0332  obj=0.0007  cls=0.0000  kd=0.0824
  [  7/49][2700/3344]  mem=32.20G  box=0.0332  obj=0.0007  cls=0.0000  kd=0.0823
  [  7/49][2750/3344]  mem=32.20G  box=0.0332  obj=0.0007  cls=0.0000  kd=0.0823
  [  7/49][2800/3344]  mem=32.20G  box=0.0332  obj=0.0007  cls=0.0000  kd=0.0823
  [  7/49][2850/3344]  mem=32.20G  box=0.0332  obj=0.0007  cls=0.0000  kd=0.0823
  [  7/49][2900/3344]  mem=32.20G  box=0.0332  obj=0.0007  cls=0.0000  kd=0.0822
  [  7/49][2950/3344]  mem=32.20G  box=0.0332  obj=0.0007  cls=0.0000  kd=0.0823
  [  7/49][3000/3344]  mem=32.20G  box=0.0332  obj=0.0007  cls=0.0000  kd=0.0822
  [  7/49][3050/3344]  mem=32.20G  box=0.0332  obj=0.0007  cls=0.0000  kd=0.0822
  [  7/49][3100/3344]  mem=32.20G  box=0.0332  obj=0.0007  cls=0.0000  kd=0.0821
  [  7/49][3150/3344]  mem=32.20G  box=0.0332  obj=0.0007  cls=0.0000  kd=0.0821
  [  7/49][3200/3344]  mem=32.20G  box=0.0332  obj=0.0007  cls=0.0000  kd=0.0821
  [  7/49][3250/3344]  mem=32.20G  box=0.0332  obj=0.0007  cls=0.0000  kd=0.0821
  [  7/49][3300/3344]  mem=32.20G  box=0.0332  obj=0.0007  cls=0.0000  kd=0.0821

Epoch   7/49  [10:25:58]  loss=0.1161  mAP@0.5(T2/UAV410)=0.4085  mAP@0.5(T1/RGBT)=0.6392

  [  8/49][   0/3344]  mem=32.20G  box=0.0282  obj=0.0005  cls=0.0000  kd=0.0785
  [  8/49][  50/3344]  mem=32.20G  box=0.0315  obj=0.0007  cls=0.0000  kd=0.0792
  [  8/49][ 100/3344]  mem=32.20G  box=0.0319  obj=0.0007  cls=0.0000  kd=0.0793
  [  8/49][ 150/3344]  mem=32.20G  box=0.0323  obj=0.0007  cls=0.0000  kd=0.0792
  [  8/49][ 200/3344]  mem=32.20G  box=0.0327  obj=0.0007  cls=0.0000  kd=0.0803
  [  8/49][ 250/3344]  mem=32.20G  box=0.0324  obj=0.0007  cls=0.0000  kd=0.0793
  [  8/49][ 300/3344]  mem=32.20G  box=0.0325  obj=0.0007  cls=0.0000  kd=0.0795
  [  8/49][ 350/3344]  mem=32.20G  box=0.0325  obj=0.0007  cls=0.0000  kd=0.0798
  [  8/49][ 400/3344]  mem=32.20G  box=0.0323  obj=0.0007  cls=0.0000  kd=0.0802
  [  8/49][ 450/3344]  mem=32.20G  box=0.0322  obj=0.0007  cls=0.0000  kd=0.0805
  [  8/49][ 500/3344]  mem=32.20G  box=0.0324  obj=0.0007  cls=0.0000  kd=0.0806
  [  8/49][ 550/3344]  mem=32.20G  box=0.0325  obj=0.0007  cls=0.0000  kd=0.0808
  [  8/49][ 600/3344]  mem=32.20G  box=0.0326  obj=0.0007  cls=0.0000  kd=0.0809
  [  8/49][ 650/3344]  mem=32.20G  box=0.0325  obj=0.0007  cls=0.0000  kd=0.0810
  [  8/49][ 700/3344]  mem=32.20G  box=0.0325  obj=0.0007  cls=0.0000  kd=0.0808
  [  8/49][ 750/3344]  mem=32.20G  box=0.0327  obj=0.0007  cls=0.0000  kd=0.0811
  [  8/49][ 800/3344]  mem=32.20G  box=0.0326  obj=0.0007  cls=0.0000  kd=0.0811
  [  8/49][ 850/3344]  mem=32.20G  box=0.0327  obj=0.0007  cls=0.0000  kd=0.0813
  [  8/49][ 900/3344]  mem=32.20G  box=0.0327  obj=0.0007  cls=0.0000  kd=0.0815
  [  8/49][ 950/3344]  mem=32.20G  box=0.0327  obj=0.0007  cls=0.0000  kd=0.0814
  [  8/49][1000/3344]  mem=32.20G  box=0.0326  obj=0.0007  cls=0.0000  kd=0.0814
  [  8/49][1050/3344]  mem=32.20G  box=0.0326  obj=0.0007  cls=0.0000  kd=0.0814
  [  8/49][1100/3344]  mem=32.20G  box=0.0326  obj=0.0007  cls=0.0000  kd=0.0814
  [  8/49][1150/3344]  mem=32.20G  box=0.0327  obj=0.0007  cls=0.0000  kd=0.0815
  [  8/49][1200/3344]  mem=32.20G  box=0.0327  obj=0.0007  cls=0.0000  kd=0.0815
  [  8/49][1250/3344]  mem=32.20G  box=0.0327  obj=0.0007  cls=0.0000  kd=0.0815
  [  8/49][1300/3344]  mem=32.20G  box=0.0327  obj=0.0007  cls=0.0000  kd=0.0815
  [  8/49][1350/3344]  mem=32.20G  box=0.0327  obj=0.0007  cls=0.0000  kd=0.0817
  [  8/49][1400/3344]  mem=32.20G  box=0.0327  obj=0.0007  cls=0.0000  kd=0.0818
  [  8/49][1450/3344]  mem=32.20G  box=0.0328  obj=0.0007  cls=0.0000  kd=0.0819
  [  8/49][1500/3344]  mem=32.20G  box=0.0328  obj=0.0007  cls=0.0000  kd=0.0820
  [  8/49][1550/3344]  mem=32.20G  box=0.0328  obj=0.0007  cls=0.0000  kd=0.0820
  [  8/49][1600/3344]  mem=32.20G  box=0.0328  obj=0.0007  cls=0.0000  kd=0.0820
  [  8/49][1650/3344]  mem=32.20G  box=0.0328  obj=0.0007  cls=0.0000  kd=0.0820
  [  8/49][1700/3344]  mem=32.20G  box=0.0328  obj=0.0007  cls=0.0000  kd=0.0818
  [  8/49][1750/3344]  mem=32.20G  box=0.0328  obj=0.0007  cls=0.0000  kd=0.0817
  [  8/49][1800/3344]  mem=32.20G  box=0.0328  obj=0.0007  cls=0.0000  kd=0.0818
  [  8/49][1850/3344]  mem=32.20G  box=0.0328  obj=0.0007  cls=0.0000  kd=0.0818
  [  8/49][1900/3344]  mem=32.20G  box=0.0328  obj=0.0007  cls=0.0000  kd=0.0818
  [  8/49][1950/3344]  mem=32.20G  box=0.0328  obj=0.0007  cls=0.0000  kd=0.0818
  [  8/49][2000/3344]  mem=32.20G  box=0.0328  obj=0.0007  cls=0.0000  kd=0.0819
  [  8/49][2050/3344]  mem=32.20G  box=0.0327  obj=0.0007  cls=0.0000  kd=0.0818
  [  8/49][2100/3344]  mem=32.20G  box=0.0327  obj=0.0007  cls=0.0000  kd=0.0818
  [  8/49][2150/3344]  mem=32.20G  box=0.0326  obj=0.0007  cls=0.0000  kd=0.0818
  [  8/49][2200/3344]  mem=32.20G  box=0.0327  obj=0.0007  cls=0.0000  kd=0.0818
  [  8/49][2250/3344]  mem=32.20G  box=0.0326  obj=0.0007  cls=0.0000  kd=0.0818
  [  8/49][2300/3344]  mem=32.20G  box=0.0326  obj=0.0007  cls=0.0000  kd=0.0818
  [  8/49][2350/3344]  mem=32.20G  box=0.0327  obj=0.0007  cls=0.0000  kd=0.0818
  [  8/49][2400/3344]  mem=32.20G  box=0.0327  obj=0.0007  cls=0.0000  kd=0.0818
  [  8/49][2450/3344]  mem=32.20G  box=0.0327  obj=0.0007  cls=0.0000  kd=0.0819
  [  8/49][2500/3344]  mem=32.20G  box=0.0327  obj=0.0007  cls=0.0000  kd=0.0819
  [  8/49][2550/3344]  mem=32.20G  box=0.0328  obj=0.0007  cls=0.0000  kd=0.0819
  [  8/49][2600/3344]  mem=32.20G  box=0.0327  obj=0.0007  cls=0.0000  kd=0.0819
  [  8/49][2650/3344]  mem=32.20G  box=0.0327  obj=0.0007  cls=0.0000  kd=0.0819
  [  8/49][2700/3344]  mem=32.20G  box=0.0327  obj=0.0007  cls=0.0000  kd=0.0818
  [  8/49][2750/3344]  mem=32.20G  box=0.0327  obj=0.0007  cls=0.0000  kd=0.0818
  [  8/49][2800/3344]  mem=32.20G  box=0.0327  obj=0.0007  cls=0.0000  kd=0.0817
  [  8/49][2850/3344]  mem=32.20G  box=0.0327  obj=0.0007  cls=0.0000  kd=0.0817
  [  8/49][2900/3344]  mem=32.20G  box=0.0327  obj=0.0007  cls=0.0000  kd=0.0817
  [  8/49][2950/3344]  mem=32.20G  box=0.0327  obj=0.0007  cls=0.0000  kd=0.0816
  [  8/49][3000/3344]  mem=32.20G  box=0.0327  obj=0.0007  cls=0.0000  kd=0.0817
  [  8/49][3050/3344]  mem=32.20G  box=0.0327  obj=0.0007  cls=0.0000  kd=0.0816
  [  8/49][3100/3344]  mem=32.20G  box=0.0327  obj=0.0007  cls=0.0000  kd=0.0816
  [  8/49][3150/3344]  mem=32.20G  box=0.0327  obj=0.0007  cls=0.0000  kd=0.0816
  [  8/49][3200/3344]  mem=32.20G  box=0.0327  obj=0.0007  cls=0.0000  kd=0.0816
  [  8/49][3250/3344]  mem=32.20G  box=0.0327  obj=0.0007  cls=0.0000  kd=0.0817
  [  8/49][3300/3344]  mem=32.20G  box=0.0327  obj=0.0007  cls=0.0000  kd=0.0816

Epoch   8/49  [11:15:14]  loss=0.1146  mAP@0.5(T2/UAV410)=0.4119  mAP@0.5(T1/RGBT)=0.6413

  [  9/49][   0/3344]  mem=32.20G  box=0.0173  obj=0.0004  cls=0.0000  kd=0.0823
  [  9/49][  50/3344]  mem=32.20G  box=0.0317  obj=0.0006  cls=0.0000  kd=0.0814
  [  9/49][ 100/3344]  mem=32.20G  box=0.0322  obj=0.0006  cls=0.0000  kd=0.0820
  [  9/49][ 150/3344]  mem=32.20G  box=0.0323  obj=0.0006  cls=0.0000  kd=0.0811
  [  9/49][ 200/3344]  mem=32.20G  box=0.0314  obj=0.0006  cls=0.0000  kd=0.0802
  [  9/49][ 250/3344]  mem=32.20G  box=0.0312  obj=0.0006  cls=0.0000  kd=0.0805
  [  9/49][ 300/3344]  mem=32.20G  box=0.0313  obj=0.0007  cls=0.0000  kd=0.0804
  [  9/49][ 350/3344]  mem=32.20G  box=0.0315  obj=0.0007  cls=0.0000  kd=0.0804
  [  9/49][ 400/3344]  mem=32.20G  box=0.0315  obj=0.0007  cls=0.0000  kd=0.0805
  [  9/49][ 450/3344]  mem=32.20G  box=0.0317  obj=0.0007  cls=0.0000  kd=0.0806
  [  9/49][ 500/3344]  mem=32.20G  box=0.0315  obj=0.0007  cls=0.0000  kd=0.0805
  [  9/49][ 550/3344]  mem=32.20G  box=0.0316  obj=0.0007  cls=0.0000  kd=0.0804
  [  9/49][ 600/3344]  mem=32.20G  box=0.0316  obj=0.0007  cls=0.0000  kd=0.0805
  [  9/49][ 650/3344]  mem=32.20G  box=0.0316  obj=0.0007  cls=0.0000  kd=0.0805
  [  9/49][ 700/3344]  mem=32.20G  box=0.0317  obj=0.0007  cls=0.0000  kd=0.0803
  [  9/49][ 750/3344]  mem=32.20G  box=0.0317  obj=0.0007  cls=0.0000  kd=0.0805
  [  9/49][ 800/3344]  mem=32.20G  box=0.0317  obj=0.0007  cls=0.0000  kd=0.0804
  [  9/49][ 850/3344]  mem=32.20G  box=0.0316  obj=0.0007  cls=0.0000  kd=0.0804
  [  9/49][ 900/3344]  mem=32.20G  box=0.0317  obj=0.0007  cls=0.0000  kd=0.0806
  [  9/49][ 950/3344]  mem=32.20G  box=0.0316  obj=0.0007  cls=0.0000  kd=0.0805
  [  9/49][1000/3344]  mem=32.20G  box=0.0316  obj=0.0007  cls=0.0000  kd=0.0805
  [  9/49][1050/3344]  mem=32.20G  box=0.0315  obj=0.0007  cls=0.0000  kd=0.0805
  [  9/49][1100/3344]  mem=32.20G  box=0.0315  obj=0.0007  cls=0.0000  kd=0.0807
  [  9/49][1150/3344]  mem=32.20G  box=0.0314  obj=0.0007  cls=0.0000  kd=0.0809
  [  9/49][1200/3344]  mem=32.20G  box=0.0314  obj=0.0007  cls=0.0000  kd=0.0808
  [  9/49][1250/3344]  mem=32.20G  box=0.0314  obj=0.0007  cls=0.0000  kd=0.0809
  [  9/49][1300/3344]  mem=32.20G  box=0.0314  obj=0.0007  cls=0.0000  kd=0.0811
  [  9/49][1350/3344]  mem=32.20G  box=0.0314  obj=0.0007  cls=0.0000  kd=0.0809
  [  9/49][1400/3344]  mem=32.20G  box=0.0314  obj=0.0007  cls=0.0000  kd=0.0809
  [  9/49][1450/3344]  mem=32.20G  box=0.0314  obj=0.0007  cls=0.0000  kd=0.0809
  [  9/49][1500/3344]  mem=32.20G  box=0.0314  obj=0.0007  cls=0.0000  kd=0.0810
  [  9/49][1550/3344]  mem=32.20G  box=0.0314  obj=0.0007  cls=0.0000  kd=0.0811
  [  9/49][1600/3344]  mem=32.20G  box=0.0314  obj=0.0007  cls=0.0000  kd=0.0810
  [  9/49][1650/3344]  mem=32.20G  box=0.0314  obj=0.0007  cls=0.0000  kd=0.0809
  [  9/49][1700/3344]  mem=32.20G  box=0.0315  obj=0.0007  cls=0.0000  kd=0.0811
  [  9/49][1750/3344]  mem=32.20G  box=0.0314  obj=0.0007  cls=0.0000  kd=0.0811
  [  9/49][1800/3344]  mem=32.20G  box=0.0315  obj=0.0007  cls=0.0000  kd=0.0810
  [  9/49][1850/3344]  mem=32.20G  box=0.0315  obj=0.0007  cls=0.0000  kd=0.0811
  [  9/49][1900/3344]  mem=32.20G  box=0.0315  obj=0.0007  cls=0.0000  kd=0.0810
  [  9/49][1950/3344]  mem=32.20G  box=0.0315  obj=0.0007  cls=0.0000  kd=0.0810
  [  9/49][2000/3344]  mem=32.20G  box=0.0315  obj=0.0007  cls=0.0000  kd=0.0810
  [  9/49][2050/3344]  mem=32.20G  box=0.0315  obj=0.0007  cls=0.0000  kd=0.0810
  [  9/49][2100/3344]  mem=32.20G  box=0.0315  obj=0.0007  cls=0.0000  kd=0.0810
  [  9/49][2150/3344]  mem=32.20G  box=0.0316  obj=0.0007  cls=0.0000  kd=0.0810
  [  9/49][2200/3344]  mem=32.20G  box=0.0316  obj=0.0007  cls=0.0000  kd=0.0809
  [  9/49][2250/3344]  mem=32.20G  box=0.0316  obj=0.0007  cls=0.0000  kd=0.0810
  [  9/49][2300/3344]  mem=32.20G  box=0.0316  obj=0.0007  cls=0.0000  kd=0.0810
  [  9/49][2350/3344]  mem=32.20G  box=0.0316  obj=0.0007  cls=0.0000  kd=0.0809
  [  9/49][2400/3344]  mem=32.20G  box=0.0316  obj=0.0007  cls=0.0000  kd=0.0808
  [  9/49][2450/3344]  mem=32.20G  box=0.0316  obj=0.0007  cls=0.0000  kd=0.0808
  [  9/49][2500/3344]  mem=32.20G  box=0.0316  obj=0.0007  cls=0.0000  kd=0.0809
  [  9/49][2550/3344]  mem=32.20G  box=0.0316  obj=0.0007  cls=0.0000  kd=0.0809
  [  9/49][2600/3344]  mem=32.20G  box=0.0316  obj=0.0007  cls=0.0000  kd=0.0809
  [  9/49][2650/3344]  mem=32.20G  box=0.0316  obj=0.0007  cls=0.0000  kd=0.0809
  [  9/49][2700/3344]  mem=32.20G  box=0.0316  obj=0.0007  cls=0.0000  kd=0.0808
  [  9/49][2750/3344]  mem=32.20G  box=0.0316  obj=0.0007  cls=0.0000  kd=0.0808
  [  9/49][2800/3344]  mem=32.20G  box=0.0315  obj=0.0007  cls=0.0000  kd=0.0808
  [  9/49][2850/3344]  mem=32.20G  box=0.0315  obj=0.0007  cls=0.0000  kd=0.0807
  [  9/49][2900/3344]  mem=32.20G  box=0.0315  obj=0.0007  cls=0.0000  kd=0.0807
  [  9/49][2950/3344]  mem=32.20G  box=0.0315  obj=0.0007  cls=0.0000  kd=0.0807
  [  9/49][3000/3344]  mem=32.20G  box=0.0315  obj=0.0007  cls=0.0000  kd=0.0807
  [  9/49][3050/3344]  mem=32.20G  box=0.0315  obj=0.0007  cls=0.0000  kd=0.0807
  [  9/49][3100/3344]  mem=32.20G  box=0.0316  obj=0.0007  cls=0.0000  kd=0.0807
  [  9/49][3150/3344]  mem=32.20G  box=0.0316  obj=0.0007  cls=0.0000  kd=0.0806
  [  9/49][3200/3344]  mem=32.20G  box=0.0316  obj=0.0007  cls=0.0000  kd=0.0807
  [  9/49][3250/3344]  mem=32.20G  box=0.0316  obj=0.0007  cls=0.0000  kd=0.0807
  [  9/49][3300/3344]  mem=32.20G  box=0.0316  obj=0.0007  cls=0.0000  kd=0.0807

Epoch   9/49  [12:04:33]  loss=0.1134  mAP@0.5(T2/UAV410)=0.4015  mAP@0.5(T1/RGBT)=0.6358

  [ 10/49][   0/3344]  mem=32.20G  box=0.0219  obj=0.0006  cls=0.0000  kd=0.1055
  [ 10/49][  50/3344]  mem=32.20G  box=0.0308  obj=0.0007  cls=0.0000  kd=0.0817
  [ 10/49][ 100/3344]  mem=32.20G  box=0.0310  obj=0.0007  cls=0.0000  kd=0.0819
  [ 10/49][ 150/3344]  mem=32.20G  box=0.0309  obj=0.0007  cls=0.0000  kd=0.0812
  [ 10/49][ 200/3344]  mem=32.20G  box=0.0310  obj=0.0007  cls=0.0000  kd=0.0811
  [ 10/49][ 250/3344]  mem=32.20G  box=0.0306  obj=0.0007  cls=0.0000  kd=0.0809
  [ 10/49][ 300/3344]  mem=32.20G  box=0.0311  obj=0.0007  cls=0.0000  kd=0.0808
  [ 10/49][ 350/3344]  mem=32.20G  box=0.0310  obj=0.0007  cls=0.0000  kd=0.0810
  [ 10/49][ 400/3344]  mem=32.20G  box=0.0311  obj=0.0007  cls=0.0000  kd=0.0810
  [ 10/49][ 450/3344]  mem=32.20G  box=0.0311  obj=0.0007  cls=0.0000  kd=0.0812
  [ 10/49][ 500/3344]  mem=32.20G  box=0.0311  obj=0.0007  cls=0.0000  kd=0.0812
  [ 10/49][ 550/3344]  mem=32.20G  box=0.0311  obj=0.0007  cls=0.0000  kd=0.0810
  [ 10/49][ 600/3344]  mem=32.20G  box=0.0311  obj=0.0007  cls=0.0000  kd=0.0813
  [ 10/49][ 650/3344]  mem=32.20G  box=0.0312  obj=0.0007  cls=0.0000  kd=0.0812
  [ 10/49][ 700/3344]  mem=32.20G  box=0.0313  obj=0.0007  cls=0.0000  kd=0.0813
  [ 10/49][ 750/3344]  mem=32.20G  box=0.0315  obj=0.0007  cls=0.0000  kd=0.0814
  [ 10/49][ 800/3344]  mem=32.20G  box=0.0315  obj=0.0007  cls=0.0000  kd=0.0813
  [ 10/49][ 850/3344]  mem=32.20G  box=0.0315  obj=0.0007  cls=0.0000  kd=0.0815
  [ 10/49][ 900/3344]  mem=32.20G  box=0.0314  obj=0.0007  cls=0.0000  kd=0.0814
  [ 10/49][ 950/3344]  mem=32.20G  box=0.0312  obj=0.0007  cls=0.0000  kd=0.0812
  [ 10/49][1000/3344]  mem=32.20G  box=0.0312  obj=0.0007  cls=0.0000  kd=0.0812
  [ 10/49][1050/3344]  mem=32.20G  box=0.0313  obj=0.0007  cls=0.0000  kd=0.0813
  [ 10/49][1100/3344]  mem=32.20G  box=0.0313  obj=0.0007  cls=0.0000  kd=0.0811
  [ 10/49][1150/3344]  mem=32.20G  box=0.0312  obj=0.0007  cls=0.0000  kd=0.0809
  [ 10/49][1200/3344]  mem=32.20G  box=0.0312  obj=0.0007  cls=0.0000  kd=0.0808
  [ 10/49][1250/3344]  mem=32.20G  box=0.0312  obj=0.0007  cls=0.0000  kd=0.0808
  [ 10/49][1300/3344]  mem=32.20G  box=0.0311  obj=0.0007  cls=0.0000  kd=0.0806
  [ 10/49][1350/3344]  mem=32.20G  box=0.0310  obj=0.0007  cls=0.0000  kd=0.0806
  [ 10/49][1400/3344]  mem=32.20G  box=0.0311  obj=0.0007  cls=0.0000  kd=0.0806
  [ 10/49][1450/3344]  mem=32.20G  box=0.0311  obj=0.0007  cls=0.0000  kd=0.0807
  [ 10/49][1500/3344]  mem=32.20G  box=0.0311  obj=0.0007  cls=0.0000  kd=0.0806
  [ 10/49][1550/3344]  mem=32.20G  box=0.0310  obj=0.0007  cls=0.0000  kd=0.0807
  [ 10/49][1600/3344]  mem=32.20G  box=0.0311  obj=0.0007  cls=0.0000  kd=0.0807
  [ 10/49][1650/3344]  mem=32.20G  box=0.0311  obj=0.0007  cls=0.0000  kd=0.0807
  [ 10/49][1700/3344]  mem=32.20G  box=0.0311  obj=0.0007  cls=0.0000  kd=0.0808
  [ 10/49][1750/3344]  mem=32.20G  box=0.0311  obj=0.0007  cls=0.0000  kd=0.0808
  [ 10/49][1800/3344]  mem=32.20G  box=0.0310  obj=0.0007  cls=0.0000  kd=0.0808
  [ 10/49][1850/3344]  mem=32.20G  box=0.0311  obj=0.0007  cls=0.0000  kd=0.0808
  [ 10/49][1900/3344]  mem=32.20G  box=0.0310  obj=0.0007  cls=0.0000  kd=0.0808
  [ 10/49][1950/3344]  mem=32.20G  box=0.0311  obj=0.0007  cls=0.0000  kd=0.0809
  [ 10/49][2000/3344]  mem=32.20G  box=0.0311  obj=0.0007  cls=0.0000  kd=0.0809
  [ 10/49][2050/3344]  mem=32.20G  box=0.0312  obj=0.0007  cls=0.0000  kd=0.0810
  [ 10/49][2100/3344]  mem=32.20G  box=0.0311  obj=0.0007  cls=0.0000  kd=0.0810
  [ 10/49][2150/3344]  mem=32.20G  box=0.0312  obj=0.0007  cls=0.0000  kd=0.0810
  [ 10/49][2200/3344]  mem=32.20G  box=0.0311  obj=0.0007  cls=0.0000  kd=0.0810
  [ 10/49][2250/3344]  mem=32.20G  box=0.0311  obj=0.0007  cls=0.0000  kd=0.0810
  [ 10/49][2300/3344]  mem=32.20G  box=0.0311  obj=0.0007  cls=0.0000  kd=0.0812
  [ 10/49][2350/3344]  mem=32.20G  box=0.0312  obj=0.0007  cls=0.0000  kd=0.0812
  [ 10/49][2400/3344]  mem=32.20G  box=0.0312  obj=0.0007  cls=0.0000  kd=0.0810
  [ 10/49][2450/3344]  mem=32.20G  box=0.0311  obj=0.0007  cls=0.0000  kd=0.0810
  [ 10/49][2500/3344]  mem=32.20G  box=0.0311  obj=0.0007  cls=0.0000  kd=0.0811
  [ 10/49][2550/3344]  mem=32.20G  box=0.0311  obj=0.0007  cls=0.0000  kd=0.0811
  [ 10/49][2600/3344]  mem=32.20G  box=0.0311  obj=0.0007  cls=0.0000  kd=0.0811
  [ 10/49][2650/3344]  mem=32.20G  box=0.0311  obj=0.0007  cls=0.0000  kd=0.0812
  [ 10/49][2700/3344]  mem=32.20G  box=0.0311  obj=0.0007  cls=0.0000  kd=0.0812
  [ 10/49][2750/3344]  mem=32.20G  box=0.0312  obj=0.0007  cls=0.0000  kd=0.0812
  [ 10/49][2800/3344]  mem=32.20G  box=0.0311  obj=0.0007  cls=0.0000  kd=0.0813
  [ 10/49][2850/3344]  mem=32.20G  box=0.0312  obj=0.0007  cls=0.0000  kd=0.0813
  [ 10/49][2900/3344]  mem=32.20G  box=0.0311  obj=0.0007  cls=0.0000  kd=0.0813
  [ 10/49][2950/3344]  mem=32.20G  box=0.0311  obj=0.0007  cls=0.0000  kd=0.0813
  [ 10/49][3000/3344]  mem=32.20G  box=0.0312  obj=0.0007  cls=0.0000  kd=0.0812
  [ 10/49][3050/3344]  mem=32.20G  box=0.0312  obj=0.0007  cls=0.0000  kd=0.0812
  [ 10/49][3100/3344]  mem=32.20G  box=0.0311  obj=0.0007  cls=0.0000  kd=0.0812
  [ 10/49][3150/3344]  mem=32.20G  box=0.0312  obj=0.0007  cls=0.0000  kd=0.0812
  [ 10/49][3200/3344]  mem=32.20G  box=0.0312  obj=0.0007  cls=0.0000  kd=0.0812
  [ 10/49][3250/3344]  mem=32.20G  box=0.0311  obj=0.0007  cls=0.0000  kd=0.0812
  [ 10/49][3300/3344]  mem=32.20G  box=0.0311  obj=0.0007  cls=0.0000  kd=0.0811

Epoch  10/49  [12:53:44]  loss=0.1125  mAP@0.5(T2/UAV410)=0.4111  mAP@0.5(T1/RGBT)=0.6384

  [ 11/49][   0/3344]  mem=32.20G  box=0.0331  obj=0.0010  cls=0.0000  kd=0.0914
  [ 11/49][  50/3344]  mem=32.20G  box=0.0295  obj=0.0006  cls=0.0000  kd=0.0747
  [ 11/49][ 100/3344]  mem=32.20G  box=0.0300  obj=0.0006  cls=0.0000  kd=0.0763
  [ 11/49][ 150/3344]  mem=32.20G  box=0.0307  obj=0.0006  cls=0.0000  kd=0.0772
  [ 11/49][ 200/3344]  mem=32.20G  box=0.0308  obj=0.0006  cls=0.0000  kd=0.0781
  [ 11/49][ 250/3344]  mem=32.20G  box=0.0310  obj=0.0006  cls=0.0000  kd=0.0783
  [ 11/49][ 300/3344]  mem=32.20G  box=0.0308  obj=0.0006  cls=0.0000  kd=0.0781
  [ 11/49][ 350/3344]  mem=32.20G  box=0.0306  obj=0.0006  cls=0.0000  kd=0.0781
  [ 11/49][ 400/3344]  mem=32.20G  box=0.0306  obj=0.0006  cls=0.0000  kd=0.0782
  [ 11/49][ 450/3344]  mem=32.20G  box=0.0302  obj=0.0006  cls=0.0000  kd=0.0785
  [ 11/49][ 500/3344]  mem=32.20G  box=0.0300  obj=0.0006  cls=0.0000  kd=0.0784
  [ 11/49][ 550/3344]  mem=32.20G  box=0.0302  obj=0.0006  cls=0.0000  kd=0.0786
  [ 11/49][ 600/3344]  mem=32.20G  box=0.0302  obj=0.0006  cls=0.0000  kd=0.0790
  [ 11/49][ 650/3344]  mem=32.20G  box=0.0303  obj=0.0006  cls=0.0000  kd=0.0794
  [ 11/49][ 700/3344]  mem=32.20G  box=0.0303  obj=0.0006  cls=0.0000  kd=0.0796
  [ 11/49][ 750/3344]  mem=32.20G  box=0.0304  obj=0.0007  cls=0.0000  kd=0.0799
  [ 11/49][ 800/3344]  mem=32.20G  box=0.0303  obj=0.0006  cls=0.0000  kd=0.0800
  [ 11/49][ 850/3344]  mem=32.20G  box=0.0302  obj=0.0006  cls=0.0000  kd=0.0798
  [ 11/49][ 900/3344]  mem=32.20G  box=0.0300  obj=0.0006  cls=0.0000  kd=0.0798
  [ 11/49][ 950/3344]  mem=32.20G  box=0.0301  obj=0.0006  cls=0.0000  kd=0.0796
  [ 11/49][1000/3344]  mem=32.20G  box=0.0301  obj=0.0006  cls=0.0000  kd=0.0797
  [ 11/49][1050/3344]  mem=32.20G  box=0.0302  obj=0.0006  cls=0.0000  kd=0.0797
  [ 11/49][1100/3344]  mem=32.20G  box=0.0301  obj=0.0006  cls=0.0000  kd=0.0797
  [ 11/49][1150/3344]  mem=32.20G  box=0.0301  obj=0.0006  cls=0.0000  kd=0.0798
  [ 11/49][1200/3344]  mem=32.20G  box=0.0301  obj=0.0006  cls=0.0000  kd=0.0797
  [ 11/49][1250/3344]  mem=32.20G  box=0.0301  obj=0.0006  cls=0.0000  kd=0.0796
  [ 11/49][1300/3344]  mem=32.20G  box=0.0300  obj=0.0006  cls=0.0000  kd=0.0796
  [ 11/49][1350/3344]  mem=32.20G  box=0.0300  obj=0.0006  cls=0.0000  kd=0.0795
  [ 11/49][1400/3344]  mem=32.20G  box=0.0300  obj=0.0006  cls=0.0000  kd=0.0794
  [ 11/49][1450/3344]  mem=32.20G  box=0.0300  obj=0.0006  cls=0.0000  kd=0.0795
  [ 11/49][1500/3344]  mem=32.20G  box=0.0301  obj=0.0006  cls=0.0000  kd=0.0794
  [ 11/49][1550/3344]  mem=32.20G  box=0.0302  obj=0.0006  cls=0.0000  kd=0.0796
  [ 11/49][1600/3344]  mem=32.20G  box=0.0302  obj=0.0006  cls=0.0000  kd=0.0797
  [ 11/49][1650/3344]  mem=32.20G  box=0.0303  obj=0.0006  cls=0.0000  kd=0.0797
  [ 11/49][1700/3344]  mem=32.20G  box=0.0304  obj=0.0006  cls=0.0000  kd=0.0797
  [ 11/49][1750/3344]  mem=32.20G  box=0.0303  obj=0.0006  cls=0.0000  kd=0.0797
  [ 11/49][1800/3344]  mem=32.20G  box=0.0303  obj=0.0006  cls=0.0000  kd=0.0796
  [ 11/49][1850/3344]  mem=32.20G  box=0.0304  obj=0.0006  cls=0.0000  kd=0.0796
  [ 11/49][1900/3344]  mem=32.20G  box=0.0304  obj=0.0006  cls=0.0000  kd=0.0796
  [ 11/49][1950/3344]  mem=32.20G  box=0.0303  obj=0.0006  cls=0.0000  kd=0.0796
  [ 11/49][2000/3344]  mem=32.20G  box=0.0303  obj=0.0006  cls=0.0000  kd=0.0796
  [ 11/49][2050/3344]  mem=32.20G  box=0.0303  obj=0.0006  cls=0.0000  kd=0.0797
  [ 11/49][2100/3344]  mem=32.20G  box=0.0304  obj=0.0006  cls=0.0000  kd=0.0796
  [ 11/49][2150/3344]  mem=32.20G  box=0.0305  obj=0.0006  cls=0.0000  kd=0.0797
  [ 11/49][2200/3344]  mem=32.20G  box=0.0305  obj=0.0006  cls=0.0000  kd=0.0798
  [ 11/49][2250/3344]  mem=32.20G  box=0.0306  obj=0.0006  cls=0.0000  kd=0.0798
  [ 11/49][2300/3344]  mem=32.20G  box=0.0306  obj=0.0006  cls=0.0000  kd=0.0799
  [ 11/49][2350/3344]  mem=32.20G  box=0.0306  obj=0.0006  cls=0.0000  kd=0.0799
  [ 11/49][2400/3344]  mem=32.20G  box=0.0306  obj=0.0007  cls=0.0000  kd=0.0799
  [ 11/49][2450/3344]  mem=32.20G  box=0.0306  obj=0.0006  cls=0.0000  kd=0.0799
  [ 11/49][2500/3344]  mem=32.20G  box=0.0306  obj=0.0006  cls=0.0000  kd=0.0799
  [ 11/49][2550/3344]  mem=32.20G  box=0.0305  obj=0.0006  cls=0.0000  kd=0.0799
  [ 11/49][2600/3344]  mem=32.20G  box=0.0305  obj=0.0006  cls=0.0000  kd=0.0800
  [ 11/49][2650/3344]  mem=32.20G  box=0.0305  obj=0.0006  cls=0.0000  kd=0.0800
  [ 11/49][2700/3344]  mem=32.20G  box=0.0305  obj=0.0006  cls=0.0000  kd=0.0800
  [ 11/49][2750/3344]  mem=32.20G  box=0.0304  obj=0.0006  cls=0.0000  kd=0.0800
  [ 11/49][2800/3344]  mem=32.20G  box=0.0304  obj=0.0006  cls=0.0000  kd=0.0800
  [ 11/49][2850/3344]  mem=32.20G  box=0.0304  obj=0.0006  cls=0.0000  kd=0.0800
  [ 11/49][2900/3344]  mem=32.20G  box=0.0305  obj=0.0006  cls=0.0000  kd=0.0800
  [ 11/49][2950/3344]  mem=32.20G  box=0.0305  obj=0.0006  cls=0.0000  kd=0.0800
  [ 11/49][3000/3344]  mem=32.20G  box=0.0305  obj=0.0006  cls=0.0000  kd=0.0799
  [ 11/49][3050/3344]  mem=32.20G  box=0.0306  obj=0.0006  cls=0.0000  kd=0.0799
  [ 11/49][3100/3344]  mem=32.20G  box=0.0306  obj=0.0006  cls=0.0000  kd=0.0799
  [ 11/49][3150/3344]  mem=32.20G  box=0.0305  obj=0.0006  cls=0.0000  kd=0.0799
  [ 11/49][3200/3344]  mem=32.20G  box=0.0305  obj=0.0006  cls=0.0000  kd=0.0799
  [ 11/49][3250/3344]  mem=32.20G  box=0.0305  obj=0.0006  cls=0.0000  kd=0.0799
  [ 11/49][3300/3344]  mem=32.20G  box=0.0305  obj=0.0006  cls=0.0000  kd=0.0800

Epoch  11/49  [13:43:01]  loss=0.1113  mAP@0.5(T2/UAV410)=0.4131  mAP@0.5(T1/RGBT)=0.6441

  [ 12/49][   0/3344]  mem=32.20G  box=0.0188  obj=0.0007  cls=0.0000  kd=0.0827
  [ 12/49][  50/3344]  mem=32.20G  box=0.0314  obj=0.0007  cls=0.0000  kd=0.0808
  [ 12/49][ 100/3344]  mem=32.20G  box=0.0299  obj=0.0007  cls=0.0000  kd=0.0807
  [ 12/49][ 150/3344]  mem=32.20G  box=0.0306  obj=0.0007  cls=0.0000  kd=0.0801
  [ 12/49][ 200/3344]  mem=32.20G  box=0.0303  obj=0.0007  cls=0.0000  kd=0.0798
  [ 12/49][ 250/3344]  mem=32.20G  box=0.0303  obj=0.0007  cls=0.0000  kd=0.0794
  [ 12/49][ 300/3344]  mem=32.20G  box=0.0303  obj=0.0007  cls=0.0000  kd=0.0798
  [ 12/49][ 350/3344]  mem=32.20G  box=0.0302  obj=0.0007  cls=0.0000  kd=0.0794
  [ 12/49][ 400/3344]  mem=32.20G  box=0.0299  obj=0.0007  cls=0.0000  kd=0.0791
  [ 12/49][ 450/3344]  mem=32.20G  box=0.0299  obj=0.0007  cls=0.0000  kd=0.0793
  [ 12/49][ 500/3344]  mem=32.20G  box=0.0301  obj=0.0006  cls=0.0000  kd=0.0793
  [ 12/49][ 550/3344]  mem=32.20G  box=0.0300  obj=0.0006  cls=0.0000  kd=0.0790
  [ 12/49][ 600/3344]  mem=32.20G  box=0.0299  obj=0.0006  cls=0.0000  kd=0.0790
  [ 12/49][ 650/3344]  mem=32.20G  box=0.0301  obj=0.0007  cls=0.0000  kd=0.0789
  [ 12/49][ 700/3344]  mem=32.20G  box=0.0299  obj=0.0007  cls=0.0000  kd=0.0790
  [ 12/49][ 750/3344]  mem=32.20G  box=0.0298  obj=0.0007  cls=0.0000  kd=0.0793
  [ 12/49][ 800/3344]  mem=32.20G  box=0.0298  obj=0.0007  cls=0.0000  kd=0.0792
  [ 12/49][ 850/3344]  mem=32.20G  box=0.0299  obj=0.0007  cls=0.0000  kd=0.0794
  [ 12/49][ 900/3344]  mem=32.20G  box=0.0297  obj=0.0007  cls=0.0000  kd=0.0793
  [ 12/49][ 950/3344]  mem=32.20G  box=0.0298  obj=0.0007  cls=0.0000  kd=0.0792
  [ 12/49][1000/3344]  mem=32.20G  box=0.0298  obj=0.0007  cls=0.0000  kd=0.0794
  [ 12/49][1050/3344]  mem=32.20G  box=0.0298  obj=0.0007  cls=0.0000  kd=0.0794
  [ 12/49][1100/3344]  mem=32.20G  box=0.0299  obj=0.0007  cls=0.0000  kd=0.0794
  [ 12/49][1150/3344]  mem=32.20G  box=0.0298  obj=0.0007  cls=0.0000  kd=0.0792
  [ 12/49][1200/3344]  mem=32.20G  box=0.0299  obj=0.0007  cls=0.0000  kd=0.0792
  [ 12/49][1250/3344]  mem=32.20G  box=0.0300  obj=0.0007  cls=0.0000  kd=0.0792
  [ 12/49][1300/3344]  mem=32.20G  box=0.0300  obj=0.0007  cls=0.0000  kd=0.0792
  [ 12/49][1350/3344]  mem=32.20G  box=0.0300  obj=0.0007  cls=0.0000  kd=0.0794
  [ 12/49][1400/3344]  mem=32.20G  box=0.0301  obj=0.0007  cls=0.0000  kd=0.0795
  [ 12/49][1450/3344]  mem=32.20G  box=0.0301  obj=0.0007  cls=0.0000  kd=0.0796
  [ 12/49][1500/3344]  mem=32.20G  box=0.0301  obj=0.0007  cls=0.0000  kd=0.0796
  [ 12/49][1550/3344]  mem=32.20G  box=0.0302  obj=0.0007  cls=0.0000  kd=0.0796
  [ 12/49][1600/3344]  mem=32.20G  box=0.0302  obj=0.0007  cls=0.0000  kd=0.0797
  [ 12/49][1650/3344]  mem=32.20G  box=0.0302  obj=0.0007  cls=0.0000  kd=0.0797
  [ 12/49][1700/3344]  mem=32.20G  box=0.0303  obj=0.0007  cls=0.0000  kd=0.0798
  [ 12/49][1750/3344]  mem=32.20G  box=0.0302  obj=0.0007  cls=0.0000  kd=0.0797
  [ 12/49][1800/3344]  mem=32.20G  box=0.0303  obj=0.0007  cls=0.0000  kd=0.0797
  [ 12/49][1850/3344]  mem=32.20G  box=0.0303  obj=0.0007  cls=0.0000  kd=0.0797
  [ 12/49][1900/3344]  mem=32.20G  box=0.0303  obj=0.0007  cls=0.0000  kd=0.0797
  [ 12/49][1950/3344]  mem=32.20G  box=0.0303  obj=0.0007  cls=0.0000  kd=0.0798
  [ 12/49][2000/3344]  mem=32.20G  box=0.0304  obj=0.0007  cls=0.0000  kd=0.0798
  [ 12/49][2050/3344]  mem=32.20G  box=0.0304  obj=0.0007  cls=0.0000  kd=0.0798
  [ 12/49][2100/3344]  mem=32.20G  box=0.0303  obj=0.0007  cls=0.0000  kd=0.0799
  [ 12/49][2150/3344]  mem=32.20G  box=0.0303  obj=0.0007  cls=0.0000  kd=0.0800
  [ 12/49][2200/3344]  mem=32.20G  box=0.0304  obj=0.0007  cls=0.0000  kd=0.0799
  [ 12/49][2250/3344]  mem=32.20G  box=0.0304  obj=0.0007  cls=0.0000  kd=0.0800
  [ 12/49][2300/3344]  mem=32.20G  box=0.0303  obj=0.0007  cls=0.0000  kd=0.0800
  [ 12/49][2350/3344]  mem=32.20G  box=0.0303  obj=0.0007  cls=0.0000  kd=0.0800
  [ 12/49][2400/3344]  mem=32.20G  box=0.0303  obj=0.0007  cls=0.0000  kd=0.0799
  [ 12/49][2450/3344]  mem=32.20G  box=0.0303  obj=0.0007  cls=0.0000  kd=0.0799
  [ 12/49][2500/3344]  mem=32.20G  box=0.0303  obj=0.0007  cls=0.0000  kd=0.0799
  [ 12/49][2550/3344]  mem=32.20G  box=0.0303  obj=0.0007  cls=0.0000  kd=0.0799
  [ 12/49][2600/3344]  mem=32.20G  box=0.0303  obj=0.0007  cls=0.0000  kd=0.0799
  [ 12/49][2650/3344]  mem=32.20G  box=0.0303  obj=0.0007  cls=0.0000  kd=0.0799
  [ 12/49][2700/3344]  mem=32.20G  box=0.0303  obj=0.0007  cls=0.0000  kd=0.0799
  [ 12/49][2750/3344]  mem=32.20G  box=0.0304  obj=0.0007  cls=0.0000  kd=0.0799
  [ 12/49][2800/3344]  mem=32.20G  box=0.0304  obj=0.0007  cls=0.0000  kd=0.0799
  [ 12/49][2850/3344]  mem=32.20G  box=0.0304  obj=0.0007  cls=0.0000  kd=0.0799
  [ 12/49][2900/3344]  mem=32.20G  box=0.0304  obj=0.0007  cls=0.0000  kd=0.0799
  [ 12/49][2950/3344]  mem=32.20G  box=0.0304  obj=0.0007  cls=0.0000  kd=0.0798
  [ 12/49][3000/3344]  mem=32.20G  box=0.0304  obj=0.0007  cls=0.0000  kd=0.0799
  [ 12/49][3050/3344]  mem=32.20G  box=0.0304  obj=0.0007  cls=0.0000  kd=0.0799
  [ 12/49][3100/3344]  mem=32.20G  box=0.0304  obj=0.0007  cls=0.0000  kd=0.0798
  [ 12/49][3150/3344]  mem=32.20G  box=0.0304  obj=0.0007  cls=0.0000  kd=0.0798
  [ 12/49][3200/3344]  mem=32.20G  box=0.0304  obj=0.0007  cls=0.0000  kd=0.0798
  [ 12/49][3250/3344]  mem=32.20G  box=0.0304  obj=0.0007  cls=0.0000  kd=0.0798
  [ 12/49][3300/3344]  mem=32.20G  box=0.0304  obj=0.0007  cls=0.0000  kd=0.0798

Epoch  12/49  [14:32:15]  loss=0.1104  mAP@0.5(T2/UAV410)=0.4099  mAP@0.5(T1/RGBT)=0.6426

  [ 13/49][   0/3344]  mem=32.20G  box=0.0388  obj=0.0008  cls=0.0000  kd=0.0807
  [ 13/49][  50/3344]  mem=32.20G  box=0.0312  obj=0.0007  cls=0.0000  kd=0.0814
  [ 13/49][ 100/3344]  mem=32.20G  box=0.0290  obj=0.0007  cls=0.0000  kd=0.0834
  [ 13/49][ 150/3344]  mem=32.20G  box=0.0292  obj=0.0007  cls=0.0000  kd=0.0828
  [ 13/49][ 200/3344]  mem=32.20G  box=0.0295  obj=0.0007  cls=0.0000  kd=0.0830
  [ 13/49][ 250/3344]  mem=32.20G  box=0.0293  obj=0.0007  cls=0.0000  kd=0.0825
  [ 13/49][ 300/3344]  mem=32.20G  box=0.0290  obj=0.0007  cls=0.0000  kd=0.0818
  [ 13/49][ 350/3344]  mem=32.20G  box=0.0292  obj=0.0007  cls=0.0000  kd=0.0815
  [ 13/49][ 400/3344]  mem=32.20G  box=0.0292  obj=0.0007  cls=0.0000  kd=0.0812
  [ 13/49][ 450/3344]  mem=32.20G  box=0.0293  obj=0.0007  cls=0.0000  kd=0.0808
  [ 13/49][ 500/3344]  mem=32.20G  box=0.0291  obj=0.0007  cls=0.0000  kd=0.0807
  [ 13/49][ 550/3344]  mem=32.20G  box=0.0291  obj=0.0007  cls=0.0000  kd=0.0805
  [ 13/49][ 600/3344]  mem=32.20G  box=0.0293  obj=0.0007  cls=0.0000  kd=0.0804
  [ 13/49][ 650/3344]  mem=32.20G  box=0.0292  obj=0.0007  cls=0.0000  kd=0.0803
  [ 13/49][ 700/3344]  mem=32.20G  box=0.0291  obj=0.0007  cls=0.0000  kd=0.0802
  [ 13/49][ 750/3344]  mem=32.20G  box=0.0292  obj=0.0007  cls=0.0000  kd=0.0802
  [ 13/49][ 800/3344]  mem=32.20G  box=0.0291  obj=0.0007  cls=0.0000  kd=0.0800
  [ 13/49][ 850/3344]  mem=32.20G  box=0.0291  obj=0.0007  cls=0.0000  kd=0.0801
  [ 13/49][ 900/3344]  mem=32.20G  box=0.0291  obj=0.0007  cls=0.0000  kd=0.0800
  [ 13/49][ 950/3344]  mem=32.20G  box=0.0291  obj=0.0007  cls=0.0000  kd=0.0800
  [ 13/49][1000/3344]  mem=32.20G  box=0.0290  obj=0.0007  cls=0.0000  kd=0.0800
  [ 13/49][1050/3344]  mem=32.20G  box=0.0291  obj=0.0007  cls=0.0000  kd=0.0801
  [ 13/49][1100/3344]  mem=32.20G  box=0.0291  obj=0.0007  cls=0.0000  kd=0.0799
  [ 13/49][1150/3344]  mem=32.20G  box=0.0291  obj=0.0007  cls=0.0000  kd=0.0801
  [ 13/49][1200/3344]  mem=32.20G  box=0.0290  obj=0.0007  cls=0.0000  kd=0.0799
  [ 13/49][1250/3344]  mem=32.20G  box=0.0291  obj=0.0007  cls=0.0000  kd=0.0799
  [ 13/49][1300/3344]  mem=32.20G  box=0.0293  obj=0.0007  cls=0.0000  kd=0.0799
  [ 13/49][1350/3344]  mem=32.20G  box=0.0294  obj=0.0007  cls=0.0000  kd=0.0800
  [ 13/49][1400/3344]  mem=32.20G  box=0.0294  obj=0.0007  cls=0.0000  kd=0.0800
  [ 13/49][1450/3344]  mem=32.20G  box=0.0293  obj=0.0007  cls=0.0000  kd=0.0799
  [ 13/49][1500/3344]  mem=32.20G  box=0.0292  obj=0.0007  cls=0.0000  kd=0.0799
  [ 13/49][1550/3344]  mem=32.20G  box=0.0293  obj=0.0007  cls=0.0000  kd=0.0799
  [ 13/49][1600/3344]  mem=32.20G  box=0.0293  obj=0.0007  cls=0.0000  kd=0.0800
  [ 13/49][1650/3344]  mem=32.20G  box=0.0294  obj=0.0007  cls=0.0000  kd=0.0801
  [ 13/49][1700/3344]  mem=32.20G  box=0.0293  obj=0.0007  cls=0.0000  kd=0.0801
  [ 13/49][1750/3344]  mem=32.20G  box=0.0294  obj=0.0007  cls=0.0000  kd=0.0801
  [ 13/49][1800/3344]  mem=32.20G  box=0.0294  obj=0.0007  cls=0.0000  kd=0.0801
  [ 13/49][1850/3344]  mem=32.20G  box=0.0294  obj=0.0007  cls=0.0000  kd=0.0801
  [ 13/49][1900/3344]  mem=32.20G  box=0.0294  obj=0.0007  cls=0.0000  kd=0.0801
  [ 13/49][1950/3344]  mem=32.20G  box=0.0294  obj=0.0007  cls=0.0000  kd=0.0800
  [ 13/49][2000/3344]  mem=32.20G  box=0.0294  obj=0.0007  cls=0.0000  kd=0.0798
  [ 13/49][2050/3344]  mem=32.20G  box=0.0295  obj=0.0007  cls=0.0000  kd=0.0798
  [ 13/49][2100/3344]  mem=32.20G  box=0.0295  obj=0.0007  cls=0.0000  kd=0.0798
  [ 13/49][2150/3344]  mem=32.20G  box=0.0295  obj=0.0007  cls=0.0000  kd=0.0797
  [ 13/49][2200/3344]  mem=32.20G  box=0.0296  obj=0.0007  cls=0.0000  kd=0.0798
  [ 13/49][2250/3344]  mem=32.20G  box=0.0296  obj=0.0007  cls=0.0000  kd=0.0797
  [ 13/49][2300/3344]  mem=32.20G  box=0.0295  obj=0.0007  cls=0.0000  kd=0.0796
  [ 13/49][2350/3344]  mem=32.20G  box=0.0295  obj=0.0007  cls=0.0000  kd=0.0796
  [ 13/49][2400/3344]  mem=32.20G  box=0.0295  obj=0.0007  cls=0.0000  kd=0.0796
  [ 13/49][2450/3344]  mem=32.20G  box=0.0295  obj=0.0007  cls=0.0000  kd=0.0795
  [ 13/49][2500/3344]  mem=32.20G  box=0.0295  obj=0.0007  cls=0.0000  kd=0.0795
  [ 13/49][2550/3344]  mem=32.20G  box=0.0295  obj=0.0007  cls=0.0000  kd=0.0794
  [ 13/49][2600/3344]  mem=32.20G  box=0.0296  obj=0.0007  cls=0.0000  kd=0.0794
  [ 13/49][2650/3344]  mem=32.20G  box=0.0296  obj=0.0007  cls=0.0000  kd=0.0793
  [ 13/49][2700/3344]  mem=32.20G  box=0.0295  obj=0.0007  cls=0.0000  kd=0.0793
  [ 13/49][2750/3344]  mem=32.20G  box=0.0295  obj=0.0007  cls=0.0000  kd=0.0793
  [ 13/49][2800/3344]  mem=32.20G  box=0.0296  obj=0.0007  cls=0.0000  kd=0.0793
  [ 13/49][2850/3344]  mem=32.20G  box=0.0296  obj=0.0007  cls=0.0000  kd=0.0794
  [ 13/49][2900/3344]  mem=32.20G  box=0.0297  obj=0.0007  cls=0.0000  kd=0.0794
  [ 13/49][2950/3344]  mem=32.20G  box=0.0297  obj=0.0007  cls=0.0000  kd=0.0794
  [ 13/49][3000/3344]  mem=32.20G  box=0.0297  obj=0.0007  cls=0.0000  kd=0.0794
  [ 13/49][3050/3344]  mem=32.20G  box=0.0297  obj=0.0007  cls=0.0000  kd=0.0794
  [ 13/49][3100/3344]  mem=32.20G  box=0.0297  obj=0.0007  cls=0.0000  kd=0.0794
  [ 13/49][3150/3344]  mem=32.20G  box=0.0297  obj=0.0007  cls=0.0000  kd=0.0794
  [ 13/49][3200/3344]  mem=32.20G  box=0.0297  obj=0.0007  cls=0.0000  kd=0.0794
  [ 13/49][3250/3344]  mem=32.20G  box=0.0297  obj=0.0007  cls=0.0000  kd=0.0794
  [ 13/49][3300/3344]  mem=32.20G  box=0.0297  obj=0.0007  cls=0.0000  kd=0.0794

Epoch  13/49  [15:21:29]  loss=0.1095  mAP@0.5(T2/UAV410)=0.4077  mAP@0.5(T1/RGBT)=0.6437

  [ 14/49][   0/3344]  mem=32.20G  box=0.0292  obj=0.0011  cls=0.0000  kd=0.0967
  [ 14/49][  50/3344]  mem=32.20G  box=0.0292  obj=0.0007  cls=0.0000  kd=0.0805
  [ 14/49][ 100/3344]  mem=32.20G  box=0.0286  obj=0.0006  cls=0.0000  kd=0.0798
  [ 14/49][ 150/3344]  mem=32.20G  box=0.0291  obj=0.0007  cls=0.0000  kd=0.0792
  [ 14/49][ 200/3344]  mem=32.20G  box=0.0292  obj=0.0007  cls=0.0000  kd=0.0801
  [ 14/49][ 250/3344]  mem=32.20G  box=0.0293  obj=0.0007  cls=0.0000  kd=0.0798
  [ 14/49][ 300/3344]  mem=32.20G  box=0.0294  obj=0.0007  cls=0.0000  kd=0.0797
  [ 14/49][ 350/3344]  mem=32.20G  box=0.0290  obj=0.0007  cls=0.0000  kd=0.0792
  [ 14/49][ 400/3344]  mem=32.20G  box=0.0290  obj=0.0007  cls=0.0000  kd=0.0792
  [ 14/49][ 450/3344]  mem=32.20G  box=0.0289  obj=0.0007  cls=0.0000  kd=0.0795
  [ 14/49][ 500/3344]  mem=32.20G  box=0.0290  obj=0.0007  cls=0.0000  kd=0.0796
  [ 14/49][ 550/3344]  mem=32.20G  box=0.0291  obj=0.0007  cls=0.0000  kd=0.0798
  [ 14/49][ 600/3344]  mem=32.20G  box=0.0292  obj=0.0007  cls=0.0000  kd=0.0797
  [ 14/49][ 650/3344]  mem=32.20G  box=0.0291  obj=0.0007  cls=0.0000  kd=0.0796
  [ 14/49][ 700/3344]  mem=32.20G  box=0.0291  obj=0.0007  cls=0.0000  kd=0.0797
  [ 14/49][ 750/3344]  mem=32.20G  box=0.0292  obj=0.0007  cls=0.0000  kd=0.0796
  [ 14/49][ 800/3344]  mem=32.20G  box=0.0291  obj=0.0007  cls=0.0000  kd=0.0795
  [ 14/49][ 850/3344]  mem=32.20G  box=0.0290  obj=0.0007  cls=0.0000  kd=0.0792
  [ 14/49][ 900/3344]  mem=32.20G  box=0.0290  obj=0.0007  cls=0.0000  kd=0.0792
  [ 14/49][ 950/3344]  mem=32.20G  box=0.0290  obj=0.0007  cls=0.0000  kd=0.0791
  [ 14/49][1000/3344]  mem=32.20G  box=0.0290  obj=0.0007  cls=0.0000  kd=0.0793
  [ 14/49][1050/3344]  mem=32.20G  box=0.0290  obj=0.0007  cls=0.0000  kd=0.0794
  [ 14/49][1100/3344]  mem=32.20G  box=0.0291  obj=0.0007  cls=0.0000  kd=0.0792
  [ 14/49][1150/3344]  mem=32.20G  box=0.0290  obj=0.0007  cls=0.0000  kd=0.0791
  [ 14/49][1200/3344]  mem=32.20G  box=0.0290  obj=0.0007  cls=0.0000  kd=0.0791
  [ 14/49][1250/3344]  mem=32.20G  box=0.0291  obj=0.0007  cls=0.0000  kd=0.0791
  [ 14/49][1300/3344]  mem=32.20G  box=0.0292  obj=0.0007  cls=0.0000  kd=0.0792
  [ 14/49][1350/3344]  mem=32.20G  box=0.0292  obj=0.0007  cls=0.0000  kd=0.0792
  [ 14/49][1400/3344]  mem=32.20G  box=0.0292  obj=0.0007  cls=0.0000  kd=0.0793
  [ 14/49][1450/3344]  mem=32.20G  box=0.0292  obj=0.0007  cls=0.0000  kd=0.0794
  [ 14/49][1500/3344]  mem=32.20G  box=0.0292  obj=0.0007  cls=0.0000  kd=0.0794
  [ 14/49][1550/3344]  mem=32.20G  box=0.0293  obj=0.0007  cls=0.0000  kd=0.0793
  [ 14/49][1600/3344]  mem=32.20G  box=0.0292  obj=0.0007  cls=0.0000  kd=0.0792
  [ 14/49][1650/3344]  mem=32.20G  box=0.0292  obj=0.0007  cls=0.0000  kd=0.0792
  [ 14/49][1700/3344]  mem=32.20G  box=0.0292  obj=0.0007  cls=0.0000  kd=0.0792
  [ 14/49][1750/3344]  mem=32.20G  box=0.0292  obj=0.0007  cls=0.0000  kd=0.0791
  [ 14/49][1800/3344]  mem=32.20G  box=0.0292  obj=0.0007  cls=0.0000  kd=0.0791
  [ 14/49][1850/3344]  mem=32.20G  box=0.0292  obj=0.0007  cls=0.0000  kd=0.0791
  [ 14/49][1900/3344]  mem=32.20G  box=0.0292  obj=0.0007  cls=0.0000  kd=0.0791
  [ 14/49][1950/3344]  mem=32.20G  box=0.0292  obj=0.0007  cls=0.0000  kd=0.0790
  [ 14/49][2000/3344]  mem=32.20G  box=0.0292  obj=0.0007  cls=0.0000  kd=0.0790
  [ 14/49][2050/3344]  mem=32.20G  box=0.0292  obj=0.0007  cls=0.0000  kd=0.0790
  [ 14/49][2100/3344]  mem=32.20G  box=0.0292  obj=0.0007  cls=0.0000  kd=0.0790
  [ 14/49][2150/3344]  mem=32.20G  box=0.0292  obj=0.0007  cls=0.0000  kd=0.0789
  [ 14/49][2200/3344]  mem=32.20G  box=0.0292  obj=0.0007  cls=0.0000  kd=0.0789
[2026-05-12T15:56:28.362] error: *** JOB 22653533 ON gcn7 CANCELLED AT 2026-05-12T15:56:28 DUE TO TIME LIMIT ***
