============================================================================================== 
Warning! Mixing Conda and module environments may lead to corruption of the
user environment. 
We do not recommend users mixing those two environments unless absolutely
necessary. Note that 
SURF does not provide any support for Conda environment.
For more information, please refer to our software policy page:
https://servicedesk.surf.nl/wiki/display/WIKI/Software+policy+Snellius#SoftwarepolicySnellius-UseofAnacondaandMinicondaenvironmentsonSnellius 

Remember that many packages have already been installed on the system and can
be loaded using 
the 'module load <package__name>' command. If you are uncertain if a package is
already available 
on the system, please use 'module avail' or 'module spider' to search for it.
============================================================================================== 
Stage 3 — RANDOM_STRATIFIED condition  →  /projects/prjs2041/runs/stage3/random_s42
Stage 2 weights : /projects/prjs2041/runs/stage2/seed42/weights/best.pt
Replay buffer   : /projects/prjs2041/runs/stage2/seed42/herding_buffer_random_train.pt
Replay ratio    : 25% of each batch  (4 samples)
Replay weight   : 4.0

Loading datasets …
  CST train: 127,991  val: 45,305
  T1 val (RGBT): 61,999
  Replay: 300 exemplars
  Replay batch size: 4 per step

Loading Stage 2 weights from /projects/prjs2041/runs/stage2/seed42/weights/best.pt …

                 from  n    params  module                                  arguments                     

                 from  n    params  module                                  arguments                     

                 from  n    params  module                                  arguments                     
  0                -1  1       232  models.common.Conv                      [3, 8, 3, 1, 1]               
  0                -1  1       232  models.common.Conv                      [3, 8, 3, 1, 1]               

                 from  n    params  module                                  arguments                     
  1                -1  1       336  models.common.C3                        [8, 8]                        
  1                -1  1       336  models.common.C3                        [8, 8]                        
  2                -1  1       232  models.common.Conv                      [3, 8, 3, 1, 1]               
  2                -1  1       232  models.common.Conv                      [3, 8, 3, 1, 1]               
  0                -1  1       232  models.common.Conv                      [3, 8, 3, 1, 1]               
  0                -1  1       232  models.common.Conv                      [3, 8, 3, 1, 1]               
  3                -1  1       336  models.common.C3                        [8, 8, 1]                     
  3                -1  1       336  models.common.C3                        [8, 8, 1]                     
  1                -1  1       336  models.common.C3                        [8, 8]                        
  4           [-1, 1]  1       130  models.common.Concat3                   [16, 1]                       
  4           [-1, 1]  1       130  models.common.Concat3                   [16, 1]                       
  2                -1  1       232  models.common.Conv                      [3, 8, 3, 1, 1]               
  1                -1  1       336  models.common.C3                        [8, 8]                        
  2                -1  1       232  models.common.Conv                      [3, 8, 3, 1, 1]               
  5                -1  1      1248  models.common.C3                        [16, 16, 1]                   
  5                -1  1      1248  models.common.C3                        [16, 16, 1]                   
  3                -1  1       336  models.common.C3                        [8, 8, 1]                     
  6                -1  1      4672  models.common.Conv                      [16, 32, 3, 2]                
  6                -1  1      4672  models.common.Conv                      [16, 32, 3, 2]                
  3                -1  1       336  models.common.C3                        [8, 8, 1]                     
  4           [-1, 1]  1       130  models.common.Concat3                   [16, 1]                       
  4           [-1, 1]  1       130  models.common.Concat3                   [16, 1]                       
  7                -1  1      4800  models.common.C3                        [32, 32, 1]                   
  7                -1  1      4800  models.common.C3                        [32, 32, 1]                   
  8                -1  1     18560  models.common.Conv                      [32, 64, 3, 2]                
  8                -1  1     18560  models.common.Conv                      [32, 64, 3, 2]                
  5                -1  1      1248  models.common.C3                        [16, 16, 1]                   
  5                -1  1      1248  models.common.C3                        [16, 16, 1]                   
  6                -1  1      4672  models.common.Conv                      [16, 32, 3, 2]                
  6                -1  1      4672  models.common.Conv                      [16, 32, 3, 2]                
  9                -1  1     18816  models.common.C3                        [64, 64, 1]                   
  9                -1  1     18816  models.common.C3                        [64, 64, 1]                   
  7                -1  1      4800  models.common.C3                        [32, 32, 1]                   
  7                -1  1      4800  models.common.C3                        [32, 32, 1]                   
 10                -1  1     73984  models.common.Conv                      [64, 128, 3, 2]               
  8                -1  1     18560  models.common.Conv                      [32, 64, 3, 2]                
 10                -1  1     73984  models.common.Conv                      [64, 128, 3, 2]               
  8                -1  1     18560  models.common.Conv                      [32, 64, 3, 2]                
  9                -1  1     18816  models.common.C3                        [64, 64, 1]                   
  9                -1  1     18816  models.common.C3                        [64, 64, 1]                   
 10                -1  1     73984  models.common.Conv                      [64, 128, 3, 2]               
 10                -1  1     73984  models.common.Conv                      [64, 128, 3, 2]               
 11                -1  3    156928  models.common.C3                        [128, 128, 3]                 
 11                -1  3    156928  models.common.C3                        [128, 128, 3]                 
 12                -1  1     41344  models.common.SPPF                      [128, 128, 5]                 
 12                -1  1     41344  models.common.SPPF                      [128, 128, 5]                 
 13                -1  1     33280  models.common.Conv                      [128, 256, 1, 1]              
 13                -1  1     33280  models.common.Conv                      [128, 256, 1, 1]              
 14                -1  1         0  torch.nn.modules.upsampling.Upsample    [None, 2, 'nearest']          
 15           [-1, 9]  1         0  models.common.Concat                    [1]                           
 14                -1  1         0  torch.nn.modules.upsampling.Upsample    [None, 2, 'nearest']          
 15           [-1, 9]  1         0  models.common.Concat                    [1]                           
 11                -1  3    156928  models.common.C3                        [128, 128, 3]                 
 11                -1  3    156928  models.common.C3                        [128, 128, 3]                 
 12                -1  1     41344  models.common.SPPF                      [128, 128, 5]                 
 12                -1  1     41344  models.common.SPPF                      [128, 128, 5]                 
 13                -1  1     33280  models.common.Conv                      [128, 256, 1, 1]              
 14                -1  1         0  torch.nn.modules.upsampling.Upsample    [None, 2, 'nearest']          
 13                -1  1     33280  models.common.Conv                      [128, 256, 1, 1]              
 15           [-1, 9]  1         0  models.common.Concat                    [1]                           
 14                -1  1         0  torch.nn.modules.upsampling.Upsample    [None, 2, 'nearest']          
 15           [-1, 9]  1         0  models.common.Concat                    [1]                           
 16                -1  1    312832  models.common.C3                        [320, 256, 1, False]          
 16                -1  1    312832  models.common.C3                        [320, 256, 1, False]          
 17                -1  1     33024  models.common.Conv                      [256, 128, 1, 1]              
 18                -1  1         0  torch.nn.modules.upsampling.Upsample    [None, 2, 'nearest']          
 19           [-1, 6]  1         0  models.common.Concat                    [1]                           
 17                -1  1     33024  models.common.Conv                      [256, 128, 1, 1]              
 18                -1  1         0  torch.nn.modules.upsampling.Upsample    [None, 2, 'nearest']          
 19           [-1, 6]  1         0  models.common.Concat                    [1]                           
 16                -1  1    312832  models.common.C3                        [320, 256, 1, False]          
 16                -1  1    312832  models.common.C3                        [320, 256, 1, False]          
 20                -1  1     78592  models.common.C3                        [160, 128, 1, False]          
 17                -1  1     33024  models.common.Conv                      [256, 128, 1, 1]              
 20                -1  1     78592  models.common.C3                        [160, 128, 1, False]          
 18                -1  1         0  torch.nn.modules.upsampling.Upsample    [None, 2, 'nearest']          
 19           [-1, 6]  1         0  models.common.Concat                    [1]                           
 17                -1  1     33024  models.common.Conv                      [256, 128, 1, 1]              
 18                -1  1         0  torch.nn.modules.upsampling.Upsample    [None, 2, 'nearest']          
 19           [-1, 6]  1         0  models.common.Concat                    [1]                           
 21                -1  1    147712  models.common.Conv                      [128, 128, 3, 2]              
 22          [-1, 16]  1         0  models.common.Concat                    [1]                           
 21                -1  1    147712  models.common.Conv                      [128, 128, 3, 2]              
 22          [-1, 16]  1         0  models.common.Concat                    [1]                           
 20                -1  1     78592  models.common.C3                        [160, 128, 1, False]          
 20                -1  1     78592  models.common.C3                        [160, 128, 1, False]          
 21                -1  1    147712  models.common.Conv                      [128, 128, 3, 2]              
 22          [-1, 16]  1         0  models.common.Concat                    [1]                           
 21                -1  1    147712  models.common.Conv                      [128, 128, 3, 2]              
 22          [-1, 16]  1         0  models.common.Concat                    [1]                           
 23                -1  1    329216  models.common.C3                        [384, 256, 1, False]          
 23                -1  1    329216  models.common.C3                        [384, 256, 1, False]          
 23                -1  1    329216  models.common.C3                        [384, 256, 1, False]          
 23                -1  1    329216  models.common.C3                        [384, 256, 1, False]          
 24                -1  1    590336  models.common.Conv                      [256, 256, 3, 2]              
 25          [-1, 12]  1         0  models.common.Concat                    [1]                           
 24                -1  1    590336  models.common.Conv                      [256, 256, 3, 2]              
 25          [-1, 12]  1         0  models.common.Concat                    [1]                           
 24                -1  1    590336  models.common.Conv                      [256, 256, 3, 2]              
 25          [-1, 12]  1         0  models.common.Concat                    [1]                           
 24                -1  1    590336  models.common.Conv                      [256, 256, 3, 2]              
 25          [-1, 12]  1         0  models.common.Concat                    [1]                           
 26                -1  1   1117184  models.common.C3                        [384, 512, 1, False]          
 26                -1  1   1117184  models.common.C3                        [384, 512, 1, False]          
 27      [20, 23, 26]  1     16182  models.yolo.Detect                      [1, [[3, 2, 4, 3, 4, 3], [6, 4, 7, 5, 9, 6], [12, 7, 15, 9, 26, 14]], [128, 256, 512]]
 27      [20, 23, 26]  1     16182  models.yolo.Detect                      [1, [[3, 2, 4, 3, 4, 3], [6, 4, 7, 5, 9, 6], [12, 7, 15, 9, 26, 14]], [128, 256, 512]]
 26                -1  1   1117184  models.common.C3                        [384, 512, 1, False]          
 27      [20, 23, 26]  1     16182  models.yolo.Detect                      [1, [[3, 2, 4, 3, 4, 3], [6, 4, 7, 5, 9, 6], [12, 7, 15, 9, 26, 14]], [128, 256, 512]]
 26                -1  1   1117184  models.common.C3                        [384, 512, 1, False]          
 27      [20, 23, 26]  1     16182  models.yolo.Detect                      [1, [[3, 2, 4, 3, 4, 3], [6, 4, 7, 5, 9, 6], [12, 7, 15, 9, 26, 14]], [128, 256, 512]]
Model Summary: 318 layers, 2979976 parameters, 2979976 gradients, 91.5 GFLOPs

Model Summary: 318 layers, 2979976 parameters, 2979976 gradients, 91.5 GFLOPs

Model Summary: 318 layers, 2979976 parameters, 2979976 gradients, 91.5 GFLOPs
Model Summary: 318 layers, 2979976 parameters, 2979976 gradients, 91.5 GFLOPs



Measuring Stage 2 T1 baseline (no gradient steps yet) …
  mAP_T1_after_T2  = 0.6404
  mAP_T1_after_T1  = 0.6725  (fixed ceiling)
  Stage 2 forgetting = -0.0321

Starting Stage 3 (random_stratified) for 3 epochs …

  [  0/2][   0/2000]  mem=1.68G  cst=0.0961  replay=0.0162
  [  0/2][  50/2000]  mem=23.23G  cst=0.0937  replay=0.0602
  [  0/2][ 100/2000]  mem=23.23G  cst=0.0935  replay=0.0584
  [  0/2][ 150/2000]  mem=23.23G  cst=0.0930  replay=0.0581
  [  0/2][ 200/2000]  mem=23.23G  cst=0.0924  replay=0.0594
  [  0/2][ 250/2000]  mem=23.23G  cst=0.0920  replay=0.0580
  [  0/2][ 300/2000]  mem=23.23G  cst=0.0912  replay=0.0572
  [  0/2][ 350/2000]  mem=23.23G  cst=0.0906  replay=0.0568
  [  0/2][ 400/2000]  mem=23.23G  cst=0.0902  replay=0.0560
  [  0/2][ 450/2000]  mem=23.23G  cst=0.0896  replay=0.0549
  [  0/2][ 500/2000]  mem=23.23G  cst=0.0891  replay=0.0531
  [  0/2][ 550/2000]  mem=23.23G  cst=0.0884  replay=0.0524
  [  0/2][ 600/2000]  mem=23.23G  cst=0.0877  replay=0.0516
  [  0/2][ 650/2000]  mem=23.23G  cst=0.0872  replay=0.0505
  [  0/2][ 700/2000]  mem=23.23G  cst=0.0866  replay=0.0490
  [  0/2][ 750/2000]  mem=23.23G  cst=0.0861  replay=0.0481
  [  0/2][ 800/2000]  mem=23.23G  cst=0.0854  replay=0.0471
  [  0/2][ 850/2000]  mem=23.23G  cst=0.0849  replay=0.0462
  [  0/2][ 900/2000]  mem=23.23G  cst=0.0844  replay=0.0452
  [  0/2][ 950/2000]  mem=23.23G  cst=0.0838  replay=0.0441
  [  0/2][1000/2000]  mem=23.23G  cst=0.0833  replay=0.0431
  [  0/2][1050/2000]  mem=23.23G  cst=0.0828  replay=0.0423
  [  0/2][1100/2000]  mem=23.23G  cst=0.0824  replay=0.0416
  [  0/2][1150/2000]  mem=23.23G  cst=0.0820  replay=0.0406
  [  0/2][1200/2000]  mem=23.23G  cst=0.0815  replay=0.0399
  [  0/2][1250/2000]  mem=23.23G  cst=0.0811  replay=0.0391
  [  0/2][1300/2000]  mem=23.23G  cst=0.0807  replay=0.0386
  [  0/2][1350/2000]  mem=23.23G  cst=0.0802  replay=0.0379
  [  0/2][1400/2000]  mem=23.23G  cst=0.0798  replay=0.0373
  [  0/2][1450/2000]  mem=23.23G  cst=0.0793  replay=0.0368
  [  0/2][1500/2000]  mem=23.23G  cst=0.0789  replay=0.0362
  [  0/2][1550/2000]  mem=23.23G  cst=0.0785  replay=0.0357
  [  0/2][1600/2000]  mem=23.23G  cst=0.0781  replay=0.0352
  [  0/2][1650/2000]  mem=23.23G  cst=0.0778  replay=0.0349
  [  0/2][1700/2000]  mem=23.23G  cst=0.0774  replay=0.0344
  [  0/2][1750/2000]  mem=23.23G  cst=0.0770  replay=0.0340
  [  0/2][1800/2000]  mem=23.23G  cst=0.0767  replay=0.0337
  [  0/2][1850/2000]  mem=23.23G  cst=0.0764  replay=0.0335
  [  0/2][1900/2000]  mem=23.23G  cst=0.0761  replay=0.0330
  [  0/2][1950/2000]  mem=23.23G  cst=0.0757  replay=0.0328

Epoch   0/2  loss=0.1079
  T3: mAP@0.5=0.0331  P=0.1149  R=0.1046  F1=0.1095
  T1: mAP@0.5=0.4923  fm_abs=-0.1802  fm_stage3=-0.1481
  T1 by stratum: tiny=0.4180  small=0.3394  normal=0.5587  large=0.1692

  ✓ New best T3 mAP@0.5 = 0.0331  fm_abs=-0.1802  fm_stage3=-0.1481  (saved /projects/prjs2041/runs/stage3/random_s42/weights/best.pt)
  [  1/2][   0/2000]  mem=22.24G  cst=0.0749  replay=0.0207
  [  1/2][  50/2000]  mem=22.24G  cst=0.0607  replay=0.0236
  [  1/2][ 100/2000]  mem=22.24G  cst=0.0599  replay=0.0204
  [  1/2][ 150/2000]  mem=22.24G  cst=0.0598  replay=0.0195
  [  1/2][ 200/2000]  mem=22.24G  cst=0.0602  replay=0.0190
  [  1/2][ 250/2000]  mem=22.24G  cst=0.0600  replay=0.0187
  [  1/2][ 300/2000]  mem=22.24G  cst=0.0599  replay=0.0186
  [  1/2][ 350/2000]  mem=22.24G  cst=0.0596  replay=0.0181
  [  1/2][ 400/2000]  mem=22.24G  cst=0.0594  replay=0.0178
  [  1/2][ 450/2000]  mem=22.24G  cst=0.0592  replay=0.0177
  [  1/2][ 500/2000]  mem=22.24G  cst=0.0591  replay=0.0174
  [  1/2][ 550/2000]  mem=22.24G  cst=0.0589  replay=0.0172
  [  1/2][ 600/2000]  mem=22.24G  cst=0.0587  replay=0.0170
  [  1/2][ 650/2000]  mem=22.24G  cst=0.0585  replay=0.0167
  [  1/2][ 700/2000]  mem=22.24G  cst=0.0584  replay=0.0167
  [  1/2][ 750/2000]  mem=22.24G  cst=0.0581  replay=0.0165
  [  1/2][ 800/2000]  mem=22.24G  cst=0.0581  replay=0.0164
  [  1/2][ 850/2000]  mem=22.24G  cst=0.0580  replay=0.0161
  [  1/2][ 900/2000]  mem=22.24G  cst=0.0579  replay=0.0160
  [  1/2][ 950/2000]  mem=22.24G  cst=0.0577  replay=0.0159
  [  1/2][1000/2000]  mem=22.24G  cst=0.0575  replay=0.0158
  [  1/2][1050/2000]  mem=22.24G  cst=0.0573  replay=0.0157
  [  1/2][1100/2000]  mem=22.24G  cst=0.0572  replay=0.0155
  [  1/2][1150/2000]  mem=22.24G  cst=0.0571  replay=0.0155
  [  1/2][1200/2000]  mem=22.24G  cst=0.0570  replay=0.0154
  [  1/2][1250/2000]  mem=22.24G  cst=0.0569  replay=0.0153
  [  1/2][1300/2000]  mem=22.24G  cst=0.0567  replay=0.0153
  [  1/2][1350/2000]  mem=22.24G  cst=0.0566  replay=0.0152
  [  1/2][1400/2000]  mem=22.24G  cst=0.0564  replay=0.0151
  [  1/2][1450/2000]  mem=22.24G  cst=0.0563  replay=0.0151
  [  1/2][1500/2000]  mem=22.24G  cst=0.0562  replay=0.0150
  [  1/2][1550/2000]  mem=22.24G  cst=0.0561  replay=0.0149
  [  1/2][1600/2000]  mem=22.24G  cst=0.0559  replay=0.0148
  [  1/2][1650/2000]  mem=22.24G  cst=0.0558  replay=0.0148
  [  1/2][1700/2000]  mem=22.24G  cst=0.0557  replay=0.0147
  [  1/2][1750/2000]  mem=22.24G  cst=0.0556  replay=0.0146
  [  1/2][1800/2000]  mem=22.24G  cst=0.0555  replay=0.0145
  [  1/2][1850/2000]  mem=22.24G  cst=0.0554  replay=0.0144
  [  1/2][1900/2000]  mem=22.24G  cst=0.0552  replay=0.0144
  [  1/2][1950/2000]  mem=22.24G  cst=0.0551  replay=0.0143

Epoch   1/2  loss=0.0690
  T3: mAP@0.5=0.0573  P=0.1719  R=0.1088  F1=0.1333
  T1: mAP@0.5=0.4803  fm_abs=-0.1922  fm_stage3=-0.1601
  T1 by stratum: tiny=0.1203  small=0.2970  normal=0.5529  large=0.1377

  ✓ New best T3 mAP@0.5 = 0.0573  fm_abs=-0.1922  fm_stage3=-0.1601  (saved /projects/prjs2041/runs/stage3/random_s42/weights/best.pt)
  [  2/2][   0/2000]  mem=23.91G  cst=0.0465  replay=0.0087
  [  2/2][  50/2000]  mem=23.91G  cst=0.0494  replay=0.0107
  [  2/2][ 100/2000]  mem=23.91G  cst=0.0491  replay=0.0096
  [  2/2][ 150/2000]  mem=23.91G  cst=0.0481  replay=0.0087
  [  2/2][ 200/2000]  mem=23.91G  cst=0.0483  replay=0.0084
  [  2/2][ 250/2000]  mem=23.91G  cst=0.0482  replay=0.0083
  [  2/2][ 300/2000]  mem=23.91G  cst=0.0480  replay=0.0081
  [  2/2][ 350/2000]  mem=23.91G  cst=0.0481  replay=0.0079
  [  2/2][ 400/2000]  mem=23.91G  cst=0.0481  replay=0.0079
  [  2/2][ 450/2000]  mem=23.91G  cst=0.0479  replay=0.0078
  [  2/2][ 500/2000]  mem=23.91G  cst=0.0479  replay=0.0077
  [  2/2][ 550/2000]  mem=23.91G  cst=0.0477  replay=0.0076
  [  2/2][ 600/2000]  mem=23.91G  cst=0.0477  replay=0.0075
  [  2/2][ 650/2000]  mem=23.91G  cst=0.0477  replay=0.0075
  [  2/2][ 700/2000]  mem=23.91G  cst=0.0475  replay=0.0074
  [  2/2][ 750/2000]  mem=23.91G  cst=0.0475  replay=0.0073
  [  2/2][ 800/2000]  mem=23.91G  cst=0.0474  replay=0.0073
  [  2/2][ 850/2000]  mem=23.91G  cst=0.0474  replay=0.0073
  [  2/2][ 900/2000]  mem=23.91G  cst=0.0474  replay=0.0072
  [  2/2][ 950/2000]  mem=23.91G  cst=0.0474  replay=0.0072
  [  2/2][1000/2000]  mem=23.91G  cst=0.0474  replay=0.0072
  [  2/2][1050/2000]  mem=23.91G  cst=0.0474  replay=0.0072
  [  2/2][1100/2000]  mem=23.91G  cst=0.0473  replay=0.0071
  [  2/2][1150/2000]  mem=23.91G  cst=0.0473  replay=0.0071
  [  2/2][1200/2000]  mem=23.91G  cst=0.0473  replay=0.0071
  [  2/2][1250/2000]  mem=23.91G  cst=0.0472  replay=0.0071
  [  2/2][1300/2000]  mem=23.91G  cst=0.0472  replay=0.0071
  [  2/2][1350/2000]  mem=23.91G  cst=0.0472  replay=0.0070
  [  2/2][1400/2000]  mem=23.91G  cst=0.0471  replay=0.0070
  [  2/2][1450/2000]  mem=23.91G  cst=0.0471  replay=0.0070
  [  2/2][1500/2000]  mem=23.91G  cst=0.0471  replay=0.0070
  [  2/2][1550/2000]  mem=23.91G  cst=0.0471  replay=0.0070
  [  2/2][1600/2000]  mem=23.91G  cst=0.0470  replay=0.0070
  [  2/2][1650/2000]  mem=23.91G  cst=0.0470  replay=0.0070
  [  2/2][1700/2000]  mem=23.91G  cst=0.0470  replay=0.0070
  [  2/2][1750/2000]  mem=23.91G  cst=0.0470  replay=0.0070
  [  2/2][1800/2000]  mem=23.91G  cst=0.0470  replay=0.0070
  [  2/2][1850/2000]  mem=23.91G  cst=0.0470  replay=0.0070
  [  2/2][1900/2000]  mem=23.91G  cst=0.0470  replay=0.0070
  [  2/2][1950/2000]  mem=23.91G  cst=0.0469  replay=0.0070

Epoch   2/2  loss=0.0539
  T3: mAP@0.5=0.0639  P=0.1628  R=0.1020  F1=0.1254
  T1: mAP@0.5=0.4515  fm_abs=-0.2210  fm_stage3=-0.1889
  T1 by stratum: tiny=0.1026  small=0.2863  normal=0.5192  large=0.1293

  ✓ New best T3 mAP@0.5 = 0.0639  fm_abs=-0.2210  fm_stage3=-0.1889  (saved /projects/prjs2041/runs/stage3/random_s42/weights/best.pt)

=================================================================
Stage 3 (random_stratified) complete.
Best T3 mAP@0.5 (CST)       = 0.0639
mAP_T1_after_T1 (ceiling)   = 0.6725
mAP_T1_after_T2 (Stage 3 ref)= 0.6404
fm_abs   at best T3 epoch   = -0.2210  (vs T1 ceiling)
fm_stage3 at best T3 epoch  = -0.1889  (vs Stage 2 retention)
=================================================================
Results: /projects/prjs2041/runs/stage3/random_s42/results.csv
