========================================
Stage 2: Teacher-Student UDA on Anti-UAV410
Job ID:  22637740
Node:    gcn48
GPU:     0
Weights: /projects/prjs2041/runs/stage1/antiuav_rgbt14/weights/best.pt
Time:    Mon May 11 13:30:26 CEST 2026
========================================

YOLOv5 🚀 visualization-2-g090a74c torch 2.7.1+cu118 CUDA:0 (NVIDIA A100-SXM4-40GB, 40441MiB)

Stage 2 Teacher-Student UDA  →  /projects/prjs2041/runs/stage2/antiuav4103
Stage 1 weights: /projects/prjs2041/runs/stage1/antiuav_rgbt14/weights/best.pt
Device: cuda:0  |  IMG_SIZE=640  EPOCHS=50  BS=16
KD weight λ = 1.0
Loading datasets …
  T2 train : 213,995 frames   (AntiUAV410)
  T2 val   : 94,711 frames   (AntiUAV410)
  T1 val   : 61,999 frames   (AntiUAVRGBT — FM tracking)
Loading student from /projects/prjs2041/runs/stage1/antiuav_rgbt14/weights/best.pt …

                 from  n    params  module                                  arguments                     
  0                -1  1       232  models.common.Conv                      [3, 8, 3, 1, 1]               
  1                -1  1       336  models.common.C3                        [8, 8]                        
  2                -1  1       232  models.common.Conv                      [3, 8, 3, 1, 1]               
  3                -1  1       336  models.common.C3                        [8, 8, 1]                     
  4           [-1, 1]  1       130  models.common.Concat3                   [16, 1]                       
  5                -1  1      1248  models.common.C3                        [16, 16, 1]                   
  6                -1  1      4672  models.common.Conv                      [16, 32, 3, 2]                
  7                -1  1      4800  models.common.C3                        [32, 32, 1]                   
  8                -1  1     18560  models.common.Conv                      [32, 64, 3, 2]                
  9                -1  1     18816  models.common.C3                        [64, 64, 1]                   
 10                -1  1     73984  models.common.Conv                      [64, 128, 3, 2]               
 11                -1  3    156928  models.common.C3                        [128, 128, 3]                 
 12                -1  1     41344  models.common.SPPF                      [128, 128, 5]                 
 13                -1  1     33280  models.common.Conv                      [128, 256, 1, 1]              
 14                -1  1         0  torch.nn.modules.upsampling.Upsample    [None, 2, 'nearest']          
 15           [-1, 9]  1         0  models.common.Concat                    [1]                           
 16                -1  1    312832  models.common.C3                        [320, 256, 1, False]          
 17                -1  1     33024  models.common.Conv                      [256, 128, 1, 1]              
 18                -1  1         0  torch.nn.modules.upsampling.Upsample    [None, 2, 'nearest']          
 19           [-1, 6]  1         0  models.common.Concat                    [1]                           
 20                -1  1     78592  models.common.C3                        [160, 128, 1, False]          
 21                -1  1    147712  models.common.Conv                      [128, 128, 3, 2]              
 22          [-1, 16]  1         0  models.common.Concat                    [1]                           
 23                -1  1    329216  models.common.C3                        [384, 256, 1, False]          
 24                -1  1    590336  models.common.Conv                      [256, 256, 3, 2]              
 25          [-1, 12]  1         0  models.common.Concat                    [1]                           
 26                -1  1   1117184  models.common.C3                        [384, 512, 1, False]          
 27      [20, 23, 26]  1     16182  models.yolo.Detect                      [1, [[3, 2, 4, 3, 4, 3], [6, 4, 7, 5, 9, 6], [12, 7, 15, 9, 26, 14]], [128, 256, 512]]
Model Summary: 318 layers, 2979976 parameters, 2979976 gradients, 91.5 GFLOPs

Creating frozen teacher (same weights) …

                 from  n    params  module                                  arguments                     
  0                -1  1       232  models.common.Conv                      [3, 8, 3, 1, 1]               
  1                -1  1       336  models.common.C3                        [8, 8]                        
  2                -1  1       232  models.common.Conv                      [3, 8, 3, 1, 1]               
  3                -1  1       336  models.common.C3                        [8, 8, 1]                     
  4           [-1, 1]  1       130  models.common.Concat3                   [16, 1]                       
  5                -1  1      1248  models.common.C3                        [16, 16, 1]                   
  6                -1  1      4672  models.common.Conv                      [16, 32, 3, 2]                
  7                -1  1      4800  models.common.C3                        [32, 32, 1]                   
  8                -1  1     18560  models.common.Conv                      [32, 64, 3, 2]                
  9                -1  1     18816  models.common.C3                        [64, 64, 1]                   
 10                -1  1     73984  models.common.Conv                      [64, 128, 3, 2]               
 11                -1  3    156928  models.common.C3                        [128, 128, 3]                 
 12                -1  1     41344  models.common.SPPF                      [128, 128, 5]                 
 13                -1  1     33280  models.common.Conv                      [128, 256, 1, 1]              
 14                -1  1         0  torch.nn.modules.upsampling.Upsample    [None, 2, 'nearest']          
 15           [-1, 9]  1         0  models.common.Concat                    [1]                           
 16                -1  1    312832  models.common.C3                        [320, 256, 1, False]          
 17                -1  1     33024  models.common.Conv                      [256, 128, 1, 1]              
 18                -1  1         0  torch.nn.modules.upsampling.Upsample    [None, 2, 'nearest']          
 19           [-1, 6]  1         0  models.common.Concat                    [1]                           
 20                -1  1     78592  models.common.C3                        [160, 128, 1, False]          
 21                -1  1    147712  models.common.Conv                      [128, 128, 3, 2]              
 22          [-1, 16]  1         0  models.common.Concat                    [1]                           
 23                -1  1    329216  models.common.C3                        [384, 256, 1, False]          
 24                -1  1    590336  models.common.Conv                      [256, 256, 3, 2]              
 25          [-1, 12]  1         0  models.common.Concat                    [1]                           
 26                -1  1   1117184  models.common.C3                        [384, 512, 1, False]          
 27      [20, 23, 26]  1     16182  models.yolo.Detect                      [1, [[3, 2, 4, 3, 4, 3], [6, 4, 7, 5, 9, 6], [12, 7, 15, 9, 26, 14]], [128, 256, 512]]
Model Summary: 318 layers, 2979976 parameters, 2979976 gradients, 91.5 GFLOPs

  Parameters: 2,979,976
  Trainable:  2,979,976

Starting Stage 2 training for 50 epochs …
  L = L_det + 1.0 × L_kd

  [  0/49][   0/13375]  mem=2.35G  box=0.0755  obj=0.0007  cls=0.0000  kd=0.3894
  [  0/49][  50/13375]  mem=24.02G  box=0.0675  obj=0.0005  cls=0.0000  kd=0.1598
  [  0/49][ 100/13375]  mem=25.07G  box=0.0672  obj=0.0005  cls=0.0000  kd=0.1474
  [  0/49][ 150/13375]  mem=25.07G  box=0.0657  obj=0.0005  cls=0.0000  kd=0.1372
  [  0/49][ 200/13375]  mem=25.07G  box=0.0661  obj=0.0005  cls=0.0000  kd=0.1306
  [  0/49][ 250/13375]  mem=25.07G  box=0.0662  obj=0.0005  cls=0.0000  kd=0.1292
  [  0/49][ 300/13375]  mem=25.07G  box=0.0660  obj=0.0005  cls=0.0000  kd=0.1251
  [  0/49][ 350/13375]  mem=25.07G  box=0.0655  obj=0.0005  cls=0.0000  kd=0.1224
  [  0/49][ 400/13375]  mem=25.07G  box=0.0656  obj=0.0005  cls=0.0000  kd=0.1200
  [  0/49][ 450/13375]  mem=25.07G  box=0.0657  obj=0.0005  cls=0.0000  kd=0.1209
  [  0/49][ 500/13375]  mem=25.07G  box=0.0653  obj=0.0005  cls=0.0000  kd=0.1166
  [  0/49][ 550/13375]  mem=25.07G  box=0.0657  obj=0.0005  cls=0.0000  kd=0.1160
  [  0/49][ 600/13375]  mem=25.07G  box=0.0657  obj=0.0005  cls=0.0000  kd=0.1153
  [  0/49][ 650/13375]  mem=25.07G  box=0.0656  obj=0.0005  cls=0.0000  kd=0.1128
  [  0/49][ 700/13375]  mem=25.07G  box=0.0656  obj=0.0005  cls=0.0000  kd=0.1122
  [  0/49][ 750/13375]  mem=25.07G  box=0.0656  obj=0.0005  cls=0.0000  kd=0.1105
  [  0/49][ 800/13375]  mem=25.07G  box=0.0655  obj=0.0005  cls=0.0000  kd=0.1090
  [  0/49][ 850/13375]  mem=25.07G  box=0.0653  obj=0.0005  cls=0.0000  kd=0.1075
  [  0/49][ 900/13375]  mem=25.07G  box=0.0654  obj=0.0005  cls=0.0000  kd=0.1053
  [  0/49][ 950/13375]  mem=25.07G  box=0.0652  obj=0.0005  cls=0.0000  kd=0.1037
[2026-05-11T13:43:00.102] error: *** JOB 22637740 ON gcn48 CANCELLED AT 2026-05-11T13:43:00 DUE to SIGNAL Terminated ***
