==============================
Job ID  : 23823137
Node    : gcn23
Started : Sun Jun 14 18:13:18 CEST 2026
==============================
Loading: /projects/prjs2041/runs/stage1/antiuav_rgbt15/weights/best.pt
  Epoch 49  |  best_fitness=0.6717988846057131

Visualising 5 seqs × 60 frames from /projects/prjs2041/datasets/Anti-UAV-RGBT/val
  → 20190925_101846_1_4
  → 20190925_101846_1_5
  → 20190925_130434_1_1
  → 20190925_130434_1_2
  → 20190925_130434_1_5

Stage 1 Detection Visualisation — Anti-UAV-RGBT val
Checkpoint : /projects/prjs2041/runs/stage1/antiuav_rgbt15/weights/best.pt
conf=0.25  iou=0.45

Seq                             Fr    TP    FP    FN      P      R
--------------------------------------------------------------
20190925_101846_1_4             60    25    34    35  0.424  0.417
20190925_101846_1_5             60    22    22    38  0.500  0.367
20190925_130434_1_1             60     0     0    60    nan  0.000
20190925_130434_1_2             60     0     0    38    nan  0.000
20190925_130434_1_5             60     0     0    60    nan  0.000
--------------------------------------------------------------
TOTAL                          300    47    56   231  0.456  0.169

300 frames → /projects/prjs2041/analysis/vis_comparison/stage1/frames
==============================
Done: Sun Jun 14 18:13:47 CEST 2026
Frames: /projects/prjs2041/analysis/vis_comparison/stage1/frames/
==============================
